 Image prady-os-v2-automation-service Building 
#1 [internal] load local bake definitions
#1 reading from stdin 655B done
#1 DONE 0.0s

#2 [internal] load build definition from Dockerfile
#2 transferring dockerfile: 610B 0.0s done
#2 DONE 0.0s

#3 [internal] load metadata for docker.io/library/python:3.12-slim
#3 ...

#4 [auth] library/python:pull token for registry-1.docker.io
#4 DONE 0.0s

#3 [internal] load metadata for docker.io/library/python:3.12-slim
#3 DONE 1.5s

#5 [internal] load .dockerignore
#5 transferring context: 2B done
#5 DONE 0.0s

#6 [internal] load build context
#6 transferring context: 1.14kB done
#6 DONE 0.0s

#7 [1/7] FROM docker.io/library/python:3.12-slim@sha256:ec948fa5f90f4f8907e89f4800cfd2d2e91e391a4bce4a6afa77ba265bc3a2fe
#7 resolve docker.io/library/python:3.12-slim@sha256:ec948fa5f90f4f8907e89f4800cfd2d2e91e391a4bce4a6afa77ba265bc3a2fe 0.1s done
#7 DONE 0.1s

#8 [2/7] WORKDIR /app
#8 CACHED

#9 [3/7] RUN apt-get update && apt-get install -y --no-install-recommends     ydotool     scrot     xdotool     && rm -rf /var/lib/apt/lists/*
#9 0.368 Hit:1 http://deb.debian.org/debian trixie InRelease
#9 0.369 Get:2 http://deb.debian.org/debian trixie-updates InRelease [47.3 kB]
#9 0.384 Get:3 http://deb.debian.org/debian-security trixie-security InRelease [43.4 kB]
#9 0.403 Get:4 http://deb.debian.org/debian trixie/main amd64 Packages [9671 kB]
#9 1.021 Get:5 http://deb.debian.org/debian trixie-updates/main amd64 Packages [5412 B]
#9 1.032 Get:6 http://deb.debian.org/debian-security trixie-security/main amd64 Packages [158 kB]
#9 1.732 Fetched 9925 kB in 1s (6793 kB/s)
#9 1.732 Reading package lists...
#9 2.321 Reading package lists...
#9 2.897 Building dependency tree...
#9 3.030 Reading state information...
#9 3.051 E: Unable to locate package ydotool
#9 ERROR: process "/bin/sh -c apt-get update && apt-get install -y --no-install-recommends     ydotool     scrot     xdotool     && rm -rf /var/lib/apt/lists/*" did not complete successfully: exit code: 100
------
 > [3/7] RUN apt-get update && apt-get install -y --no-install-recommends     ydotool     scrot     xdotool     && rm -rf /var/lib/apt/lists/*:
0.369 Get:2 http://deb.debian.org/debian trixie-updates InRelease [47.3 kB]
0.384 Get:3 http://deb.debian.org/debian-security trixie-security InRelease [43.4 kB]
0.403 Get:4 http://deb.debian.org/debian trixie/main amd64 Packages [9671 kB]
1.021 Get:5 http://deb.debian.org/debian trixie-updates/main amd64 Packages [5412 B]
1.032 Get:6 http://deb.debian.org/debian-security trixie-security/main amd64 Packages [158 kB]


2.897 Building dependency tree...
3.030 Reading state information...
3.051 E: Unable to locate package ydotool
------
Dockerfile:5

--------------------

   4 |     

   5 | >>> RUN apt-get update && apt-get install -y --no-install-recommends \

   6 | >>>     ydotool \

   7 | >>>     scrot \

   8 | >>>     xdotool \

   9 | >>>     && rm -rf /var/lib/apt/lists/*

  10 |     

--------------------

failed to solve: process "/bin/sh -c apt-get update && apt-get install -y --no-install-recommends     ydotool     scrot     xdotool     && rm -rf /var/lib/apt/lists/*" did not complete successfully: exit code: 100



View build details: docker-desktop://dashboard/build/default/default/psptkg4q2vrasdsysk6pv5t68

