 Image prady-os-v2-ebpf-hardening Building 
 Image prady-os-v2-memory-store Building 
 Image prady-os-v2-hardware-intel Building 
 Image prady-os-v2-computer-use Building 
 Image prady-os-v2-agent-runtime Building 
 Image prady-os-v2-persona-service Building 
 Image prady-os-v2-vision-agent Building 
 Image prady-os-v2-bot-bridge Building 
 Image prady-os-v2-notification-bus Building 
 Image prady-os-v2-model-hub Building 
 Image prady-os-v2-sdk-registry Building 
 Image prady-os-v2-audit-log Building 
 Image prady-os-v2-model-manager Building 
 Image prady-os-v2-playwright-runner Building 
 Image prady-os-v2-desktop-shell Building 
 Image prady-os-v2-ota-service Building 
 Image prady-os-v2-watchdog Building 
 Image prady-os-v2-input-controller Building 
 Image prady-os-v2-package-manager Building 
 Image prady-os-v2-auth-service Building 
 Image prady-os-v2-memory-service Building 
 Image prady-os-v2-system-health Building 
 Image prady-os-v2-oobe-service Building 
 Image prady-os-v2-bios-ai Building 
 Image prady-os-v2-process-manager Building 
 Image prady-os-v2-vyrex-proxy Building 
 Image prady-os-v2-model-gateway Building 
 Image prady-os-v2-workflow-engine Building 
 Image prady-os-v2-security-policy Building 
 Image prady-os-v2-kryos-swarm Building 
 Image prady-os-v2-voice-service Building 
 Image prady-os-v2-loop-runner Building 
 Image prady-os-v2-automation-service Building 
 Image prady-os-v2-self-learning Building 
 Image prady-os-v2-task-scheduler Building 
#1 [internal] load local bake definitions
#1 reading from stdin 19.23kB done
#1 DONE 0.0s

#2 [automation-service internal] load build definition from Dockerfile
#2 transferring dockerfile: 613B 0.0s done
#2 DONE 0.1s

#3 [input-controller internal] load build definition from Dockerfile
#3 ...

#4 [desktop-shell internal] load build definition from Dockerfile
#4 transferring dockerfile: 219B done
#4 DONE 0.7s

#5 [desktop-shell internal] load metadata for docker.io/library/node:20-alpine
#5 ...

#6 [audit-log internal] load build definition from Dockerfile
#6 transferring dockerfile: 288B done
#6 DONE 1.1s

#7 [ebpf-hardening internal] load build definition from Dockerfile
#7 transferring dockerfile: 770B done
#7 DONE 1.2s

#8 [auth] library/python:pull token for registry-1.docker.io
#8 DONE 0.0s

#3 [input-controller internal] load build definition from Dockerfile
#3 transferring dockerfile: 396B done
#3 ...

#9 [memory-store internal] load build definition from Dockerfile
#9 transferring dockerfile: 327B 0.0s done
#9 DONE 1.4s

#10 [process-manager internal] load build definition from Dockerfile
#10 transferring dockerfile: 438B 0.0s done
#10 DONE 1.5s

#11 [bot-bridge internal] load build definition from Dockerfile
#11 transferring dockerfile: 285B done
#11 ...

#12 [auth-service internal] load build definition from Dockerfile
#12 transferring dockerfile: 568B done
#12 DONE 1.7s

#13 [auth] library/node:pull token for registry-1.docker.io
#13 DONE 0.0s

#14 [watchdog internal] load build definition from Dockerfile
#14 transferring dockerfile: 391B done
#14 DONE 1.8s

#15 [auth] library/ubuntu:pull token for registry-1.docker.io
#15 DONE 0.0s

#16 [watchdog internal] load metadata for docker.io/library/python:3.12-slim
#16 ...

#3 [input-controller internal] load build definition from Dockerfile
#3 DONE 2.0s

#11 [bot-bridge internal] load build definition from Dockerfile
#11 DONE 2.0s

#17 [ota-service internal] load build definition from Dockerfile
#17 transferring dockerfile: 554B done
#17 DONE 2.0s

#18 [security-policy internal] load build definition from Dockerfile
#18 transferring dockerfile: 261B done
#18 DONE 2.1s

#19 [playwright-runner internal] load build definition from Dockerfile
#19 transferring dockerfile: 221B done
#19 DONE 2.1s

#16 [input-controller internal] load metadata for docker.io/library/python:3.12-slim
#16 ...

#20 [vision-agent internal] load build definition from Dockerfile
#20 transferring dockerfile: 261B done
#20 DONE 2.1s

#21 [model-manager internal] load build definition from Dockerfile
#21 transferring dockerfile: 261B done
#21 DONE 2.1s

#22 [voice-service internal] load build definition from Dockerfile
#22 transferring dockerfile: 682B 0.0s done
#22 DONE 2.1s

#23 [loop-runner internal] load build definition from Dockerfile
#23 transferring dockerfile: 251B done
#23 DONE 2.2s

#24 [kryos-swarm internal] load build definition from Dockerfile
#24 transferring dockerfile: 266B done
#24 DONE 2.2s

#16 [voice-service internal] load metadata for docker.io/library/python:3.12-slim
#16 ...

#25 [system-health internal] load build definition from Dockerfile
#25 transferring dockerfile: 265B done
#25 DONE 2.2s

#26 [self-learning internal] load build definition from Dockerfile
#26 transferring dockerfile: 462B done
#26 DONE 2.2s

#27 [computer-use internal] load build definition from Dockerfile
#27 transferring dockerfile: 458B done
#27 DONE 2.3s

#28 [persona-service internal] load build definition from Dockerfile
#28 transferring dockerfile: 377B done
#28 DONE 2.3s

#16 [computer-use internal] load metadata for docker.io/library/python:3.12-slim
#16 ...

#29 [sdk-registry internal] load build definition from Dockerfile
#29 transferring dockerfile: 1.03kB done
#29 DONE 2.3s

#30 [bios-ai internal] load build definition from Dockerfile
#30 transferring dockerfile: 479B 0.0s done
#30 DONE 2.3s

#31 [task-scheduler internal] load build definition from Dockerfile
#31 transferring dockerfile: 359B done
#31 DONE 2.3s

#32 [workflow-engine internal] load build definition from Dockerfile
#32 transferring dockerfile: 599B 0.0s done
#32 DONE 2.4s

#33 [package-manager internal] load build definition from Dockerfile
#33 transferring dockerfile: 402B done
#33 DONE 2.4s

#16 [task-scheduler internal] load metadata for docker.io/library/python:3.12-slim
#16 ...

#34 [oobe-service internal] load build definition from Dockerfile
#34 transferring dockerfile: 256B done
#34 DONE 2.4s

#35 [notification-bus internal] load build definition from Dockerfile
#35 transferring dockerfile: 401B done
#35 DONE 2.4s

#36 [memory-service internal] load build definition from Dockerfile
#36 transferring dockerfile: 356B 0.0s done
#36 DONE 2.5s

#37 [vyrex-proxy internal] load build definition from Dockerfile
#37 transferring dockerfile: 278B done
#37 DONE 2.5s

#16 [notification-bus internal] load metadata for docker.io/library/python:3.12-slim
#16 ...

#38 [hardware-intel internal] load build definition from Dockerfile
#38 transferring dockerfile: 1.06kB 0.0s done
#38 DONE 2.5s

#39 [model-hub internal] load build definition from Dockerfile
#39 transferring dockerfile: 374B done
#39 DONE 2.5s

#16 [model-hub internal] load metadata for docker.io/library/python:3.12-slim
#16 ...

#40 [ebpf-hardening internal] load metadata for docker.io/library/ubuntu:22.04
#40 DONE 2.3s

#16 [automation-service internal] load metadata for docker.io/library/python:3.12-slim
#16 DONE 3.4s

#5 [desktop-shell internal] load metadata for docker.io/library/node:20-alpine
#5 DONE 2.8s

#41 [playwright-runner internal] load metadata for mcr.microsoft.com/playwright:v1.52.0-noble
#41 DONE 1.4s

#42 [automation-service internal] load .dockerignore
#42 transferring context: 2B done
#42 DONE 0.0s

#43 [computer-use internal] load build context
#43 DONE 0.0s

#44 [automation-service internal] load build context
#44 transferring context: 17.72kB 0.0s done
#44 DONE 0.1s

#45 [automation-service 2/7] WORKDIR /app
#45 CACHED

#46 [automation-service 6/7] COPY platform/automation/automation_service.py ./automation_service.py
#46 CACHED

#47 [automation-service 4/7] COPY platform/automation/requirements.txt ./requirements.txt
#47 CACHED

#48 [automation-service 5/7] RUN pip install --no-cache-dir -r requirements.txt
#48 CACHED

#49 [automation-service 3/7] RUN apt-get update && apt-get install -y --no-install-recommends     ydotool     scrot     xdotool     && rm -rf /var/lib/apt/lists/*
#49 CACHED

#50 [automation-service 7/7] COPY vyrex/policies /app/vyrex/policies/
#50 ERROR: failed to calculate checksum of ref 1n8fz8pu0bgsj75yuki8h78up::lof3up4g4ipf0lzi7b343knjn: "/vyrex/policies": not found

#51 [automation-service 1/7] FROM docker.io/library/python:3.12-slim@sha256:ec948fa5f90f4f8907e89f4800cfd2d2e91e391a4bce4a6afa77ba265bc3a2fe
#51 resolve docker.io/library/python:3.12-slim@sha256:ec948fa5f90f4f8907e89f4800cfd2d2e91e391a4bce4a6afa77ba265bc3a2fe
#51 ...

#52 [ota-service internal] load metadata for docker.io/library/python:3.11-slim
#52 DONE 2.1s

#53 [workflow-engine internal] load .dockerignore
#53 ...

#54 [ebpf-hardening internal] load .dockerignore
#54 transferring context: 2B done
#54 DONE 1.0s

#55 [ebpf-hardening internal] load build context
#55 DONE 0.0s

#51 [computer-use 1/7] FROM docker.io/library/python:3.12-slim@sha256:ec948fa5f90f4f8907e89f4800cfd2d2e91e391a4bce4a6afa77ba265bc3a2fe
#51 resolve docker.io/library/python:3.12-slim@sha256:ec948fa5f90f4f8907e89f4800cfd2d2e91e391a4bce4a6afa77ba265bc3a2fe 0.9s done
#51 ...

#56 [bios-ai internal] load .dockerignore
#56 transferring context: 2B done
#56 DONE 1.3s

#51 [bios-ai 1/7] FROM docker.io/library/python:3.12-slim@sha256:ec948fa5f90f4f8907e89f4800cfd2d2e91e391a4bce4a6afa77ba265bc3a2fe
#51 resolve docker.io/library/python:3.12-slim@sha256:ec948fa5f90f4f8907e89f4800cfd2d2e91e391a4bce4a6afa77ba265bc3a2fe 0.9s done
#51 ...

#57 [sdk-registry internal] load .dockerignore
#57 CANCELED

#58 [bot-bridge internal] load .dockerignore
#58 CANCELED

#59 [oobe-service internal] load .dockerignore
#59 CANCELED

#60 [system-health internal] load .dockerignore
#60 CANCELED

#61 [task-scheduler internal] load .dockerignore
#61 CANCELED

#62 [hardware-intel internal] load .dockerignore
#62 CANCELED

#63 [voice-service internal] load .dockerignore
#63 transferring context: 2B done
#63 CANCELED

#64 [persona-service internal] load .dockerignore
#64 CANCELED

#65 [input-controller internal] load .dockerignore
#65 transferring context: 2B done
#65 CANCELED

#66 [process-manager internal] load .dockerignore
#66 transferring context: 2B done
#66 CANCELED

#67 [watchdog internal] load .dockerignore
#67 CANCELED

#68 [model-manager internal] load .dockerignore
#68 CANCELED

#69 [memory-service internal] load .dockerignore
#69 transferring context: 2B done
#69 CANCELED

#70 [vyrex-proxy internal] load .dockerignore
#70 CANCELED

#71 [kryos-swarm internal] load .dockerignore
#71 CANCELED

#72 [package-manager internal] load .dockerignore
#72 transferring context: 2B done
#72 CANCELED

#73 [security-policy internal] load .dockerignore
#73 CANCELED

#74 [audit-log internal] load .dockerignore
#74 transferring context: 2B done
#74 CANCELED

#75 [model-hub internal] load .dockerignore
#75 CANCELED

#76 [auth-service internal] load .dockerignore
#76 transferring context: 2B done
#76 CANCELED

#77 [desktop-shell internal] load .dockerignore
#77 CANCELED

#78 [ota-service internal] load .dockerignore
#78 CANCELED

#79 [self-learning internal] load .dockerignore
#79 CANCELED

#80 [vision-agent internal] load .dockerignore
#80 transferring context: 2B done
#80 CANCELED

#53 [workflow-engine internal] load .dockerignore
#53 CANCELED

#81 [notification-bus internal] load .dockerignore
#81 transferring context: 2B done
#81 CANCELED

#82 [loop-runner internal] load .dockerignore
#82 transferring context: 2B done
#82 CANCELED

#83 [playwright-runner internal] load .dockerignore
#83 CANCELED

#84 [memory-store internal] load .dockerignore
#84 transferring context: 2B done
#84 CANCELED

#85 [ebpf-hardening 1/9] FROM docker.io/library/ubuntu:22.04@sha256:962f6cadeae0ea6284001009daa4cc9a8c37e75d1f5191cf0eb83fe565b63dd7
#85 resolve docker.io/library/ubuntu:22.04@sha256:962f6cadeae0ea6284001009daa4cc9a8c37e75d1f5191cf0eb83fe565b63dd7 0.2s done
#85 ...

#43 [computer-use internal] load build context
#43 CANCELED

#86 [bios-ai internal] load build context
#86 CANCELED

#55 [ebpf-hardening internal] load build context
#55 CANCELED

#51 [bios-ai 1/7] FROM docker.io/library/python:3.12-slim@sha256:ec948fa5f90f4f8907e89f4800cfd2d2e91e391a4bce4a6afa77ba265bc3a2fe
#51 ...

#85 [ebpf-hardening 1/9] FROM docker.io/library/ubuntu:22.04@sha256:962f6cadeae0ea6284001009daa4cc9a8c37e75d1f5191cf0eb83fe565b63dd7
#85 CANCELED

#51 [computer-use 1/7] FROM docker.io/library/python:3.12-slim@sha256:ec948fa5f90f4f8907e89f4800cfd2d2e91e391a4bce4a6afa77ba265bc3a2fe
------
 > [automation-service 7/7] COPY vyrex/policies /app/vyrex/policies/:
------
Dockerfile:15

--------------------

  13 |     

  14 |     COPY platform/automation/automation_service.py ./automation_service.py

  15 | >>> COPY vyrex/policies /app/vyrex/policies/

  16 |     

  17 |     ENV DISPLAY=:0

--------------------

target automation-service: failed to solve: failed to compute cache key: failed to calculate checksum of ref 1n8fz8pu0bgsj75yuki8h78up::lof3up4g4ipf0lzi7b343knjn: "/vyrex/policies": not found



View build details: docker-desktop://dashboard/build/default/default/gupxujuou9p1j713kg6kxsqcc

