 Container prady-os-v2-loop-runner-1 Stopping 
 Container prady-os-v2-desktop-shell-1 Stopping 
 Container prady-os-v2-bot-bridge-1 Stopping 
 Container prady-os-v2-agent-runtime-1 Stopping 
 Container kryos-hardware-intel Stopping 
 Container prady-os-v2-model-hub-1 Stopping 
 Container prady-os-v2-vision-agent-1 Stopping 
 Container prady-os-v2-process-manager-1 Stopping 
 Container kryos-sdk-registry Stopping 
 Container prady-os-v2-persona-service-1 Stopping 
 Container prady-os-v2-package-manager-1 Stopping 
 Container prady-os-v2-task-scheduler-1 Stopping 
 Container prady-os-v2-ebpf-hardening-1 Stopping 
 Container prady-os-v2-bios-ai-1 Stopping 
 Container prady-os-v2-ota-service-1 Stopping 
 Container prady-os-v2-voice-service-1 Stopping 
 Container prady-os-v2-input-controller-1 Stopping 
 Container prady-os-v2-auth-service-1 Stopping 
 Container prady-os-v2-oobe-service-1 Stopping 
 Container prady-os-v2-self-learning-1 Stopping 
 Container prady-os-v2-computer-use-1 Stopping 
 Container prady-os-v2-memory-service-1 Stopping 
 Container prady-os-v2-automation-service-1 Stopping 
 Container prady-os-v2-voice-service-1 Stopped 
 Container prady-os-v2-voice-service-1 Removing 
 Container prady-os-v2-computer-use-1 Stopped 
 Container prady-os-v2-computer-use-1 Removing 
 Container prady-os-v2-persona-service-1 Stopped 
 Container prady-os-v2-persona-service-1 Removing 
 Container prady-os-v2-package-manager-1 Stopped 
 Container prady-os-v2-package-manager-1 Removing 
 Container prady-os-v2-task-scheduler-1 Stopped 
 Container prady-os-v2-task-scheduler-1 Removing 
 Container prady-os-v2-model-hub-1 Stopped 
 Container prady-os-v2-model-hub-1 Removing 
 Container prady-os-v2-agent-runtime-1 Stopped 
 Container prady-os-v2-agent-runtime-1 Removing 
 Container prady-os-v2-vision-agent-1 Stopped 
 Container prady-os-v2-vision-agent-1 Removing 
 Container prady-os-v2-voice-service-1 Removed 
 Container prady-os-v2-persona-service-1 Removed 
 Container prady-os-v2-task-scheduler-1 Removed 
 Container prady-os-v2-package-manager-1 Removed 
 Container prady-os-v2-agent-runtime-1 Removed 
 Container prady-os-v2-system-health-1 Stopping 
 Container prady-os-v2-computer-use-1 Removed 
 Container prady-os-v2-vision-agent-1 Removed 
 Container prady-os-v2-model-hub-1 Removed 
 Container prady-os-v2-desktop-shell-1 Stopped 
 Container prady-os-v2-desktop-shell-1 Removing 
 Container prady-os-v2-desktop-shell-1 Removed 
 Container prady-os-v2-self-learning-1 Stopped 
 Container prady-os-v2-self-learning-1 Removing 
 Container prady-os-v2-self-learning-1 Removed 
 Container prady-os-v2-oobe-service-1 Stopped 
 Container prady-os-v2-oobe-service-1 Removing 
 Container prady-os-v2-oobe-service-1 Removed 
 Container prady-os-v2-memory-service-1 Stopped 
 Container prady-os-v2-memory-service-1 Removing 
 Container prady-os-v2-memory-service-1 Removed 
 Container prady-os-v2-automation-service-1 Stopped 
 Container prady-os-v2-automation-service-1 Removing 
 Container prady-os-v2-automation-service-1 Removed 
 Container prady-os-v2-bios-ai-1 Stopped 
 Container prady-os-v2-bios-ai-1 Removing 
 Container prady-os-v2-bios-ai-1 Removed 
 Container prady-os-v2-auth-service-1 Stopped 
 Container prady-os-v2-auth-service-1 Removing 
 Container prady-os-v2-loop-runner-1 Stopped 
 Container prady-os-v2-loop-runner-1 Removing 
 Container prady-os-v2-auth-service-1 Removed 
 Container prady-os-v2-loop-runner-1 Removed 
 Container prady-os-v2-memory-store-1 Stopping 
 Container kryos-sdk-registry Stopped 
 Container kryos-sdk-registry Removing 
 Container kryos-sdk-registry Removed 
 Container prady-os-v2-vyrex-proxy-1 Stopping 
 Container prady-os-v2-security-policy-1 Stopping 
 Container prady-os-v2-vyrex-proxy-1 Stopped 
 Container prady-os-v2-vyrex-proxy-1 Removing 
 Container prady-os-v2-ota-service-1 Stopped 
 Container prady-os-v2-ota-service-1 Removing 
 Container prady-os-v2-vyrex-proxy-1 Removed 
 Container prady-os-v2-ebpf-hardening-1 Stopped 
 Container prady-os-v2-ebpf-hardening-1 Removing 
 Container prady-os-v2-ota-service-1 Removed 
 Container prady-os-v2-ebpf-hardening-1 Removed 
 Container prady-os-v2-watchdog-1 Stopping 
 Container prady-os-v2-watchdog-1 Stopped 
 Container prady-os-v2-watchdog-1 Removing 
 Container prady-os-v2-bot-bridge-1 Stopped 
 Container prady-os-v2-bot-bridge-1 Removing 
 Container prady-os-v2-watchdog-1 Removed 
 Container prady-os-v2-process-manager-1 Stopped 
 Container prady-os-v2-process-manager-1 Removing 
 Container prady-os-v2-bot-bridge-1 Removed 
 Container prady-os-v2-model-manager-1 Stopping 
 Container prady-os-v2-model-manager-1 Stopped 
 Container prady-os-v2-model-manager-1 Removing 
 Container prady-os-v2-process-manager-1 Removed 
 Container prady-os-v2-model-manager-1 Removed 
 Container prady-os-v2-postgres-1 Stopping 
 Container kryos-hardware-intel Stopped 
 Container kryos-hardware-intel Removing 
 Container kryos-hardware-intel Removed 
 Container prady-os-v2-audit-log-1 Stopping 
 Container prady-os-v2-input-controller-1 Stopped 
 Container prady-os-v2-input-controller-1 Removing 
 Container prady-os-v2-input-controller-1 Removed 
 Container prady-os-v2-kryos-swarm-1 Stopping 
 Container prady-os-v2-kryos-swarm-1 Stopped 
 Container prady-os-v2-kryos-swarm-1 Removing 
 Container prady-os-v2-system-health-1 Stopped 
 Container prady-os-v2-system-health-1 Removing 
 Container prady-os-v2-kryos-swarm-1 Removed 
 Container prady-os-v2-workflow-engine-1 Stopping 
 Container prady-os-v2-system-health-1 Removed 
 Container prady-os-v2-memory-store-1 Stopped 
 Container prady-os-v2-memory-store-1 Removing 
 Container prady-os-v2-memory-store-1 Removed 
 Container prady-os-v2-security-policy-1 Stopped 
 Container prady-os-v2-security-policy-1 Removing 
 Container prady-os-v2-security-policy-1 Removed 
 Container prady-os-v2-postgres-1 Stopped 
 Container prady-os-v2-postgres-1 Removing 
 Container prady-os-v2-postgres-1 Removed 
 Container prady-os-v2-audit-log-1 Stopped 
 Container prady-os-v2-audit-log-1 Removing 
 Container prady-os-v2-audit-log-1 Removed 
 Container prady-os-v2-notification-bus-1 Stopping 
 Container prady-os-v2-workflow-engine-1 Stopped 
 Container prady-os-v2-workflow-engine-1 Removing 
 Container prady-os-v2-workflow-engine-1 Removed 
 Container prady-os-v2-redis-1 Stopping 
 Container prady-os-v2-playwright-runner-1 Stopping 
 Container prady-os-v2-model-gateway-1 Stopping 
 Container prady-os-v2-model-gateway-1 Stopped 
 Container prady-os-v2-model-gateway-1 Removing 
 Container prady-os-v2-model-gateway-1 Removed 
 Container prady-os-v2-notification-bus-1 Stopped 
 Container prady-os-v2-notification-bus-1 Removing 
 Container prady-os-v2-redis-1 Stopped 
 Container prady-os-v2-redis-1 Removing 
 Container prady-os-v2-notification-bus-1 Removed 
 Container prady-os-v2-redis-1 Removed 
 Container prady-os-v2-playwright-runner-1 Stopped 
 Container prady-os-v2-playwright-runner-1 Removing 
 Container prady-os-v2-playwright-runner-1 Removed 
 Network prady-os-v2_default Removing 
 Network prady-os-v2_default Removed 
