 Container prady-os-v2-self-learning-1 Stopping 
 Container prady-os-v2-vision-agent-1 Stopping 
 Container prady-os-v2-ebpf-hardening-1 Stopping 
 Container kryos-sdk-registry Stopping 
 Container prady-os-v2-model-hub-1 Stopping 
 Container prady-os-v2-memory-service-1 Stopping 
 Container prady-os-v2-agent-runtime-1 Stopping 
 Container prady-os-v2-task-scheduler-1 Stopping 
 Container prady-os-v2-input-controller-1 Stopping 
 Container prady-os-v2-bios-ai-1 Stopping 
 Container prady-os-v2-automation-service-1 Stopping 
 Container prady-os-v2-package-manager-1 Stopping 
 Container prady-os-v2-bot-bridge-1 Stopping 
 Container prady-os-v2-auth-service-1 Stopping 
 Container prady-os-v2-voice-service-1 Stopping 
 Container kryos-hardware-intel Stopping 
 Container prady-os-v2-loop-runner-1 Stopping 
 Container prady-os-v2-ota-service-1 Stopping 
 Container prady-os-v2-persona-service-1 Stopping 
 Container prady-os-v2-desktop-shell-1 Stopping 
 Container prady-os-v2-computer-use-1 Stopping 
 Container prady-os-v2-process-manager-1 Stopping 
 Container prady-os-v2-oobe-service-1 Stopping 
 Container prady-os-v2-task-scheduler-1 Stopped 
 Container prady-os-v2-task-scheduler-1 Removing 
 Container prady-os-v2-agent-runtime-1 Stopped 
 Container prady-os-v2-agent-runtime-1 Removing 
 Container prady-os-v2-vision-agent-1 Stopped 
 Container prady-os-v2-vision-agent-1 Removing 
 Container prady-os-v2-voice-service-1 Stopped 
 Container prady-os-v2-voice-service-1 Removing 
 Container prady-os-v2-model-hub-1 Stopped 
 Container prady-os-v2-model-hub-1 Removing 
 Container prady-os-v2-computer-use-1 Stopped 
 Container prady-os-v2-computer-use-1 Removing 
 Container prady-os-v2-agent-runtime-1 Removed 
 Container prady-os-v2-system-health-1 Stopping 
 Container prady-os-v2-vision-agent-1 Removed 
 Container prady-os-v2-computer-use-1 Removed 
 Container prady-os-v2-voice-service-1 Removed 
 Container prady-os-v2-model-hub-1 Removed 
 Container prady-os-v2-task-scheduler-1 Removed 
 Container prady-os-v2-automation-service-1 Stopped 
 Container prady-os-v2-automation-service-1 Removing 
 Container prady-os-v2-automation-service-1 Removed 
 Container prady-os-v2-desktop-shell-1 Stopped 
 Container prady-os-v2-desktop-shell-1 Removing 
 Container prady-os-v2-desktop-shell-1 Removed 
 Container prady-os-v2-input-controller-1 Stopped 
 Container prady-os-v2-input-controller-1 Removing 
 Container prady-os-v2-input-controller-1 Removed 
 Container prady-os-v2-process-manager-1 Stopped 
 Container prady-os-v2-process-manager-1 Removing 
 Container prady-os-v2-process-manager-1 Removed 
 Container prady-os-v2-memory-service-1 Stopped 
 Container prady-os-v2-memory-service-1 Removing 
 Container prady-os-v2-ota-service-1 Stopped 
 Container prady-os-v2-ota-service-1 Removing 
 Container prady-os-v2-self-learning-1 Stopped 
 Container prady-os-v2-self-learning-1 Removing 
 Container prady-os-v2-memory-service-1 Removed 
 Container prady-os-v2-ota-service-1 Removed 
 Container prady-os-v2-self-learning-1 Removed 
 Container prady-os-v2-bios-ai-1 Stopped 
 Container prady-os-v2-bios-ai-1 Removing 
 Container prady-os-v2-bios-ai-1 Removed 
 Container prady-os-v2-ebpf-hardening-1 Stopped 
 Container prady-os-v2-ebpf-hardening-1 Removing 
 Container prady-os-v2-auth-service-1 Stopped 
 Container prady-os-v2-auth-service-1 Removing 
 Container prady-os-v2-ebpf-hardening-1 Removed 
 Container prady-os-v2-watchdog-1 Stopping 
 Container prady-os-v2-auth-service-1 Removed 
 Container prady-os-v2-oobe-service-1 Stopped 
 Container prady-os-v2-oobe-service-1 Removing 
 Container prady-os-v2-oobe-service-1 Removed 
 Container prady-os-v2-package-manager-1 Stopped 
 Container prady-os-v2-package-manager-1 Removing 
 Container prady-os-v2-package-manager-1 Removed 
 Container prady-os-v2-bot-bridge-1 Stopped 
 Container prady-os-v2-bot-bridge-1 Removing 
 Container prady-os-v2-bot-bridge-1 Removed 
 Container prady-os-v2-model-manager-1 Stopping 
 Container prady-os-v2-loop-runner-1 Stopped 
 Container prady-os-v2-loop-runner-1 Removing 
 Container kryos-sdk-registry Stopped 
 Container kryos-sdk-registry Removing 
 Container prady-os-v2-loop-runner-1 Removed 
 Container prady-os-v2-memory-store-1 Stopping 
 Container prady-os-v2-kryos-swarm-1 Stopping 
 Container kryos-sdk-registry Removed 
 Container prady-os-v2-security-policy-1 Stopping 
 Container prady-os-v2-vyrex-proxy-1 Stopping 
 Container kryos-hardware-intel Stopped 
 Container kryos-hardware-intel Removing 
 Container prady-os-v2-vyrex-proxy-1 Stopped 
 Container prady-os-v2-vyrex-proxy-1 Removing 
 Container kryos-hardware-intel Removed 
 Container prady-os-v2-system-health-1 Stopped 
 Container prady-os-v2-system-health-1 Removing 
 Container prady-os-v2-vyrex-proxy-1 Removed 
 Container prady-os-v2-system-health-1 Removed 
 Container prady-os-v2-persona-service-1 Stopped 
 Container prady-os-v2-persona-service-1 Removing 
 Container prady-os-v2-watchdog-1 Stopped 
 Container prady-os-v2-watchdog-1 Removing 
 Container prady-os-v2-persona-service-1 Removed 
 Container prady-os-v2-watchdog-1 Removed 
 Container prady-os-v2-audit-log-1 Stopping 
 Container prady-os-v2-memory-store-1 Stopped 
 Container prady-os-v2-memory-store-1 Removing 
 Container prady-os-v2-memory-store-1 Removed 
 Container prady-os-v2-security-policy-1 Stopped 
 Container prady-os-v2-security-policy-1 Removing 
 Container prady-os-v2-security-policy-1 Removed 
 Container prady-os-v2-audit-log-1 Stopped 
 Container prady-os-v2-audit-log-1 Removing 
 Container prady-os-v2-audit-log-1 Removed 
 Container prady-os-v2-notification-bus-1 Stopping 
 Container prady-os-v2-kryos-swarm-1 Stopped 
 Container prady-os-v2-kryos-swarm-1 Removing 
 Container prady-os-v2-kryos-swarm-1 Removed 
 Container prady-os-v2-workflow-engine-1 Stopping 
 Container prady-os-v2-model-manager-1 Stopped 
 Container prady-os-v2-model-manager-1 Removing 
 Container prady-os-v2-model-manager-1 Removed 
 Container prady-os-v2-postgres-1 Stopping 
 Container prady-os-v2-notification-bus-1 Stopped 
 Container prady-os-v2-notification-bus-1 Removing 
 Container prady-os-v2-notification-bus-1 Removed 
 Container prady-os-v2-workflow-engine-1 Stopped 
 Container prady-os-v2-workflow-engine-1 Removing 
 Container prady-os-v2-workflow-engine-1 Removed 
 Container prady-os-v2-model-gateway-1 Stopping 
 Container prady-os-v2-playwright-runner-1 Stopping 
 Container prady-os-v2-redis-1 Stopping 
 Container prady-os-v2-model-gateway-1 Stopped 
 Container prady-os-v2-model-gateway-1 Removing 
 Container prady-os-v2-postgres-1 Stopped 
 Container prady-os-v2-postgres-1 Removing 
 Container prady-os-v2-model-gateway-1 Removed 
 Container prady-os-v2-postgres-1 Removed 
 Container prady-os-v2-redis-1 Stopped 
 Container prady-os-v2-redis-1 Removing 
 Container prady-os-v2-redis-1 Removed 
 Container prady-os-v2-playwright-runner-1 Stopped 
 Container prady-os-v2-playwright-runner-1 Removing 
 Container prady-os-v2-playwright-runner-1 Removed 
 Volume prady-os-v2_bios-ai-data Removing 
 Volume prady-os-v2_memory-service-data Removing 
 Volume prady-os-v2_computer-use-data Removing 
 Volume prady-os-v2_package-data Removing 
 Volume prady-os-v2_model-hub-data Removing 
 Volume prady-os-v2_watchdog-data Removing 
 Volume prady-os-v2_sdk-registry-data Removing 
 Volume prady-os-v2_security-data Removing 
 Volume prady-os-v2_kryos-models Removing 
 Volume prady-os-v2_model-hub-models Removing 
 Volume prady-os-v2_postgres_data Removing 
 Volume prady-os-v2_hardware-intel-data Removing 
 Volume prady-os-v2_sdk-apps-workspace Removing 
 Network prady-os-v2_default Removing 
 Volume prady-os-v2_bios-ai-data Removed 
 Volume prady-os-v2_notification-data Removing 
 Volume prady-os-v2_chromadb_data Removing 
 Volume prady-os-v2_sdk-registry-data Removed 
 Volume prady-os-v2_model-hub-data Removed 
 Volume prady-os-v2_persona-data Removing 
 Volume prady-os-v2_watchdog-data Removed 
 Volume prady-os-v2_auth-db Removing 
 Volume prady-os-v2_ota_data Removing 
 Volume prady-os-v2_agent-models-data Removing 
 Volume prady-os-v2_memory_store_data Removing 
 Volume prady-os-v2_scheduler-data Removing 
 Volume prady-os-v2_ebpf-hardening-data Removing 
 Volume prady-os-v2_self-learning-data Removing 
 Volume prady-os-v2_audit-data Removing 
 Volume prady-os-v2_package-data Removed 
 Volume prady-os-v2_postgres_data Removed 
 Volume prady-os-v2_kryos-models Removed 
 Volume prady-os-v2_hardware-intel-data Removed 
 Volume prady-os-v2_model-hub-models Removed 
 Volume prady-os-v2_security-data Removed 
 Volume prady-os-v2_sdk-apps-workspace Removed 
 Volume prady-os-v2_agent-models-data Removed 
 Volume prady-os-v2_chromadb_data Removed 
 Volume prady-os-v2_computer-use-data Removed 
 Volume prady-os-v2_audit-data Removed 
 Volume prady-os-v2_auth-db Removed 
 Volume prady-os-v2_scheduler-data Removed 
 Volume prady-os-v2_notification-data Removed 
 Volume prady-os-v2_ota_data Removed 
 Volume prady-os-v2_memory_store_data Removed 
 Volume prady-os-v2_self-learning-data Removed 
 Volume prady-os-v2_ebpf-hardening-data Removed 
 Volume prady-os-v2_persona-data Removed 
 Volume prady-os-v2_memory-service-data Removed 
 Network prady-os-v2_default Removed 
