 Image prady-os-v2-watchdog Building 
 Image prady-os-v2-memory-service Building 
 Image prady-os-v2-process-manager Building 
 Image prady-os-v2-voice-service Building 
 Image prady-os-v2-task-scheduler Building 
 Image prady-os-v2-auth-service Building 
 Image prady-os-v2-sdk-registry Building 
 Image prady-os-v2-model-manager Building 
 Image prady-os-v2-playwright-runner Building 
 Image prady-os-v2-model-hub Building 
 Image prady-os-v2-bot-bridge Building 
 Image prady-os-v2-ebpf-hardening Building 
 Image prady-os-v2-security-policy Building 
 Image prady-os-v2-ota-service Building 
 Image prady-os-v2-loop-runner Building 
 Image prady-os-v2-oobe-service Building 
 Image prady-os-v2-input-controller Building 
 Image prady-os-v2-hardware-intel Building 
 Image prady-os-v2-vyrex-proxy Building 
 Image prady-os-v2-agent-runtime Building 
 Image prady-os-v2-system-health Building 
 Image prady-os-v2-desktop-shell Building 
 Image prady-os-v2-kryos-swarm Building 
 Image prady-os-v2-memory-store Building 
 Image prady-os-v2-persona-service Building 
 Image prady-os-v2-vision-agent Building 
 Image prady-os-v2-model-gateway Building 
 Image prady-os-v2-automation-service Building 
 Image prady-os-v2-bios-ai Building 
 Image prady-os-v2-notification-bus Building 
 Image prady-os-v2-package-manager Building 
 Image prady-os-v2-audit-log Building 
 Image prady-os-v2-self-learning Building 
 Image prady-os-v2-workflow-engine Building 
 Image prady-os-v2-computer-use Building 
#1 [internal] load local bake definitions
#1 reading from stdin 18.50kB done
#1 DONE 0.0s

#2 [kryos-swarm internal] load build definition from Dockerfile
#2 transferring dockerfile: 266B done
#2 DONE 0.1s

#3 [kryos-swarm internal] load metadata for docker.io/library/python:3.11-slim
#3 ...

#4 [computer-use internal] load build definition from Dockerfile
#4 transferring dockerfile: 489B 0.0s done
#4 DONE 0.1s

#5 [self-learning internal] load build definition from Dockerfile
#5 transferring dockerfile: 462B done
#5 DONE 0.2s

#6 [ebpf-hardening internal] load build definition from Dockerfile
#6 transferring dockerfile: 799B 0.0s done
#6 DONE 0.2s

#7 [self-learning internal] load metadata for docker.io/library/python:3.12-slim
#7 DONE 0.9s

#8 [ebpf-hardening internal] load metadata for docker.io/library/ubuntu:22.04
#8 DONE 0.9s

#9 [self-learning internal] load .dockerignore
#9 transferring context: 2B done
#9 DONE 0.1s

#10 [ebpf-hardening internal] load .dockerignore
#10 transferring context: 2B done
#10 DONE 0.2s

#11 [computer-use internal] load .dockerignore
#11 transferring context: 2B done
#11 DONE 0.2s

#12 [computer-use 1/6] FROM docker.io/library/python:3.12-slim@sha256:ec948fa5f90f4f8907e89f4800cfd2d2e91e391a4bce4a6afa77ba265bc3a2fe
#12 resolve docker.io/library/python:3.12-slim@sha256:ec948fa5f90f4f8907e89f4800cfd2d2e91e391a4bce4a6afa77ba265bc3a2fe
#12 resolve docker.io/library/python:3.12-slim@sha256:ec948fa5f90f4f8907e89f4800cfd2d2e91e391a4bce4a6afa77ba265bc3a2fe 0.2s done
#12 DONE 0.2s

#13 [ebpf-hardening internal] load build context
#13 DONE 0.0s

#14 [self-learning internal] load build context
#14 transferring context: 2.47kB done
#14 DONE 0.2s

#15 [computer-use 2/6] RUN apt-get update && apt-get install -y     tesseract-ocr xdotool libx11-dev scrot     libxtst-dev libpng-dev libjpeg-dev     && rm -rf /var/lib/apt/lists/*
#15 CACHED

#16 [ebpf-hardening 1/9] FROM docker.io/library/ubuntu:22.04@sha256:962f6cadeae0ea6284001009daa4cc9a8c37e75d1f5191cf0eb83fe565b63dd7
#16 resolve docker.io/library/ubuntu:22.04@sha256:962f6cadeae0ea6284001009daa4cc9a8c37e75d1f5191cf0eb83fe565b63dd7
#16 resolve docker.io/library/ubuntu:22.04@sha256:962f6cadeae0ea6284001009daa4cc9a8c37e75d1f5191cf0eb83fe565b63dd7 0.2s done
#16 DONE 0.2s

#17 [self-learning 2/6] RUN apt-get update && apt-get install -y --no-install-recommends     build-essential     && rm -rf /var/lib/apt/lists/*
#17 CACHED

#18 [self-learning 3/6] WORKDIR /app
#18 CACHED

#19 [self-learning 4/6] COPY requirements.txt .
#19 CACHED

#20 [computer-use internal] load build context
#20 ...

#13 [ebpf-hardening internal] load build context
#13 transferring context: 1.58kB done
#13 DONE 0.1s

#20 [computer-use internal] load build context
#20 ...

#21 [ebpf-hardening 2/9] RUN apt-get update && apt-get install -y     python3.11     python3-pip     python3-bpfcc     clang     llvm     libelf-dev     linux-headers-generic     libbpf-dev     curl     && rm -rf /var/lib/apt/lists/*
#21 CACHED

#22 [ebpf-hardening 3/9] WORKDIR /app
#22 CACHED

#23 [ebpf-hardening 4/9] COPY requirements.txt .
#23 CACHED

#24 [ebpf-hardening 5/9] RUN pip3 install --no-cache-dir -r requirements.txt
#24 CACHED

#20 [computer-use internal] load build context
#20 ...

#25 [ebpf-hardening 6/9] COPY . .
#25 DONE 0.2s

#20 [computer-use internal] load build context
#20 ...

#3 [kryos-swarm internal] load metadata for docker.io/library/python:3.11-slim
#3 DONE 1.8s

#26 [kryos-swarm internal] load .dockerignore
#26 transferring context: 2B done
#26 DONE 0.1s

#20 [computer-use internal] load build context
#20 ...

#27 [kryos-swarm internal] load build context
#27 transferring context: 1.07kB done
#27 DONE 0.1s

#20 [computer-use internal] load build context
#20 ...

#28 [kryos-swarm 1/5] FROM docker.io/library/python:3.11-slim@sha256:a5b427ace4900267d93db34138e512325c6fa6af84ad5e4ed5f3b36258cc4142
#28 resolve docker.io/library/python:3.11-slim@sha256:a5b427ace4900267d93db34138e512325c6fa6af84ad5e4ed5f3b36258cc4142 0.2s done
#28 DONE 0.3s

#29 [kryos-swarm 2/5] WORKDIR /app
#29 CACHED

#30 [kryos-swarm 3/5] COPY requirements.txt .
#30 CACHED

#31 [ebpf-hardening 7/9] WORKDIR /app/programs
#31 DONE 0.5s

#20 [computer-use internal] load build context
#20 ...

#32 [ebpf-hardening 8/9] RUN make clean || true && make || true
#32 0.523 rm -f *.o *.ll
#32 0.531 clang -I/usr/lib/llvm-14/include -I/usr/include/bpf -O2 -target bpf -D__TARGET_ARCH_x86 -D__KERNEL__ -D__BPF_CORE__ -c prax_agent_seccomp.bpf.c -o prax_agent_seccomp.bpf.o
#32 0.567 prax_agent_seccomp.bpf.c:8:10: fatal error: 'vmlinux.h' file not found
#32 0.567 #include "vmlinux.h"
#32 0.567          ^~~~~~~~~~~
#32 0.573 1 error generated.
#32 0.581 make: *** [Makefile:24: prax_agent_seccomp.bpf.o] Error 1
#32 DONE 0.7s

#20 [computer-use internal] load build context
#20 ...

#33 [ebpf-hardening 9/9] WORKDIR /app
#33 DONE 0.3s

#20 [computer-use internal] load build context
#20 transferring context: 100.61MB 5.6s
#20 ...

#34 [self-learning 5/6] RUN pip install --no-cache-dir -r requirements.txt
#34 2.641 Collecting fastapi (from -r requirements.txt (line 1))
#34 2.906   Downloading fastapi-0.136.1-py3-none-any.whl.metadata (28 kB)
#34 3.182 Collecting httpx (from -r requirements.txt (line 3))
#34 3.209   Downloading httpx-0.28.1-py3-none-any.whl.metadata (7.1 kB)
#34 3.262 Collecting aiosqlite (from -r requirements.txt (line 4))
#34 3.289   Downloading aiosqlite-0.22.1-py3-none-any.whl.metadata (4.3 kB)
#34 3.616 Collecting psutil (from -r requirements.txt (line 5))
#34 3.634   Downloading psutil-7.2.2-cp36-abi3-manylinux2010_x86_64.manylinux_2_12_x86_64.manylinux_2_28_x86_64.whl.metadata (22 kB)
#34 5.613 Collecting numpy (from -r requirements.txt (line 6))
#34 5.656   Downloading numpy-2.4.4-cp312-cp312-manylinux_2_27_x86_64.manylinux_2_28_x86_64.whl.metadata (6.6 kB)
#34 5.761 Collecting sentence-transformers (from -r requirements.txt (line 7))
#34 5.820   Downloading sentence_transformers-5.4.1-py3-none-any.whl.metadata (17 kB)
#34 6.151 Collecting pytest (from -r requirements.txt (line 8))
#34 6.201   Downloading pytest-9.0.3-py3-none-any.whl.metadata (7.6 kB)
#34 6.357 Collecting pytest-asyncio (from -r requirements.txt (line 9))
#34 6.403   Downloading pytest_asyncio-1.3.0-py3-none-any.whl.metadata (4.1 kB)
#34 6.913 Collecting uvicorn[standard] (from -r requirements.txt (line 2))
#34 6.948   Downloading uvicorn-0.46.0-py3-none-any.whl.metadata (6.7 kB)
#34 7.205 Collecting starlette>=0.46.0 (from fastapi->-r requirements.txt (line 1))
#34 7.259   Downloading starlette-1.0.0-py3-none-any.whl.metadata (6.3 kB)
#34 9.309 Collecting pydantic>=2.9.0 (from fastapi->-r requirements.txt (line 1))
#34 9.334   Downloading pydantic-2.13.4-py3-none-any.whl.metadata (109 kB)
#34 ...

#20 [computer-use internal] load build context
#20 transferring context: 126.45MB 10.7s
#20 ...

#35 [kryos-swarm 4/5] RUN pip install --no-cache-dir -r requirements.txt
#35 2.930 Collecting fastapi==0.111.1 (from -r requirements.txt (line 1))
#35 3.000   Downloading fastapi-0.111.1-py3-none-any.whl.metadata (26 kB)
#35 3.149 Collecting uvicorn==0.30.1 (from uvicorn[standard]==0.30.1->-r requirements.txt (line 2))
#35 3.166   Downloading uvicorn-0.30.1-py3-none-any.whl.metadata (6.3 kB)
#35 3.264 Collecting httpx==0.27.0 (from -r requirements.txt (line 3))
#35 3.290   Downloading httpx-0.27.0-py3-none-any.whl.metadata (7.2 kB)
#35 3.447 Collecting chromadb==0.5.5 (from -r requirements.txt (line 4))
#35 3.775   Downloading chromadb-0.5.5-py3-none-any.whl.metadata (6.8 kB)
#35 3.841 Collecting sentence-transformers==3.0.1 (from -r requirements.txt (line 5))
#35 3.931   Downloading sentence_transformers-3.0.1-py3-none-any.whl.metadata (10 kB)
#35 4.591 Collecting pydantic==2.7.4 (from -r requirements.txt (line 6))
#35 4.605   Downloading pydantic-2.7.4-py3-none-any.whl.metadata (109 kB)
#35 5.238      Î“Ă¶ĂĽÎ“Ă¶ĂĽÎ“Ă¶ĂĽÎ“Ă¶ĂĽÎ“Ă¶ĂĽÎ“Ă¶ĂĽÎ“Ă¶ĂĽÎ“Ă¶ĂĽÎ“Ă¶ĂĽÎ“Ă¶ĂĽÎ“Ă¶ĂĽÎ“Ă¶ĂĽÎ“Ă¶ĂĽÎ“Ă¶ĂĽÎ“Ă¶ĂĽÎ“Ă¶ĂĽÎ“Ă¶ĂĽÎ“Ă¶ĂĽÎ“Ă¶ĂĽÎ“Ă¶ĂĽÎ“Ă¶ĂĽÎ“Ă¶ĂĽÎ“Ă¶ĂĽÎ“Ă¶ĂĽÎ“Ă¶ĂĽÎ“Ă¶ĂĽÎ“Ă¶ĂĽÎ“Ă¶ĂĽÎ“Ă¶ĂĽÎ“Ă¶ĂĽÎ“Ă¶ĂĽÎ“Ă¶ĂĽÎ“Ă¶ĂĽÎ“Ă¶ĂĽÎ“Ă¶ĂĽÎ“Ă¶ĂĽÎ“Ă¶ĂĽ 109.4/109.4 kB 183.9 kB/s eta 0:00:00
#35 5.316 Collecting anyio==4.4.0 (from anyio[trio]==4.4.0->-r requirements.txt (line 7))
#35 5.336   Downloading anyio-4.4.0-py3-none-any.whl.metadata (4.6 kB)
#35 5.676 Collecting pytest==8.2.2 (from -r requirements.txt (line 8))
#35 5.715   Downloading pytest-8.2.2-py3-none-any.whl.metadata (7.6 kB)
#35 6.188 Collecting pytest-anyio==0.0.0 (from -r requirements.txt (line 9))
#35 6.205   Downloading pytest_anyio-0.0.0-py2.py3-none-any.whl.metadata (353 bytes)
#35 6.484 Collecting respx==0.21.1 (from -r requirements.txt (line 10))
#35 6.873   Downloading respx-0.21.1-py2.py3-none-any.whl.metadata (4.1 kB)
#35 ...

#20 [computer-use internal] load build context
#20 ...

#36 [ebpf-hardening] exporting to image
#36 exporting layers
#36 ...

#20 [computer-use internal] load build context
#20 transferring context: 145.18MB 15.8s
#20 ...

#34 [self-learning 5/6] RUN pip install --no-cache-dir -r requirements.txt
#34 10.13 Collecting typing-extensions>=4.8.0 (from fastapi->-r requirements.txt (line 1))
#34 10.16   Downloading typing_extensions-4.15.0-py3-none-any.whl.metadata (3.3 kB)
#34 10.23 Collecting typing-inspection>=0.4.2 (from fastapi->-r requirements.txt (line 1))
#34 10.26   Downloading typing_inspection-0.4.2-py3-none-any.whl.metadata (2.6 kB)
#34 10.30 Collecting annotated-doc>=0.0.2 (from fastapi->-r requirements.txt (line 1))
#34 10.33   Downloading annotated_doc-0.0.4-py3-none-any.whl.metadata (6.6 kB)
#34 10.45 Collecting click>=7.0 (from uvicorn[standard]->-r requirements.txt (line 2))
#34 10.48   Downloading click-8.3.3-py3-none-any.whl.metadata (2.6 kB)
#34 10.52 Collecting h11>=0.8 (from uvicorn[standard]->-r requirements.txt (line 2))
#34 10.55   Downloading h11-0.16.0-py3-none-any.whl.metadata (8.3 kB)
#34 11.19 Collecting httptools>=0.6.3 (from uvicorn[standard]->-r requirements.txt (line 2))
#34 11.25   Downloading httptools-0.7.1-cp312-cp312-manylinux1_x86_64.manylinux_2_28_x86_64.manylinux_2_5_x86_64.whl.metadata (3.5 kB)
#34 11.44 Collecting python-dotenv>=0.13 (from uvicorn[standard]->-r requirements.txt (line 2))
#34 11.47   Downloading python_dotenv-1.2.2-py3-none-any.whl.metadata (27 kB)
#34 12.11 Collecting pyyaml>=5.1 (from uvicorn[standard]->-r requirements.txt (line 2))
#34 12.15   Downloading pyyaml-6.0.3-cp312-cp312-manylinux2014_x86_64.manylinux_2_17_x86_64.manylinux_2_28_x86_64.whl.metadata (2.4 kB)
#34 12.79 Collecting uvloop>=0.15.1 (from uvicorn[standard]->-r requirements.txt (line 2))
#34 12.80   Downloading uvloop-0.22.1-cp312-cp312-manylinux2014_x86_64.manylinux_2_17_x86_64.manylinux_2_28_x86_64.whl.metadata (4.9 kB)
#34 13.67 Collecting watchfiles>=0.20 (from uvicorn[standard]->-r requirements.txt (line 2))
#34 13.71   Downloading watchfiles-1.1.1-cp312-cp312-manylinux_2_17_x86_64.manylinux2014_x86_64.whl.metadata (4.9 kB)
#34 14.19 Collecting websockets>=10.4 (from uvicorn[standard]->-r requirements.txt (line 2))
#34 14.44   Downloading websockets-16.0-cp312-cp312-manylinux1_x86_64.manylinux_2_28_x86_64.manylinux_2_5_x86_64.whl.metadata (6.8 kB)
#34 15.18 Collecting anyio (from httpx->-r requirements.txt (line 3))
#34 15.21   Downloading anyio-4.13.0-py3-none-any.whl.metadata (4.5 kB)
#34 15.36 Collecting certifi (from httpx->-r requirements.txt (line 3))
#34 15.38   Downloading certifi-2026.4.22-py3-none-any.whl.metadata (2.5 kB)
#34 15.45 Collecting httpcore==1.* (from httpx->-r requirements.txt (line 3))
#34 15.47   Downloading httpcore-1.0.9-py3-none-any.whl.metadata (21 kB)
#34 16.05 Collecting idna (from httpx->-r requirements.txt (line 3))
#34 16.17   Downloading idna-3.14-py3-none-any.whl.metadata (8.0 kB)
#34 16.43 Collecting transformers<6.0.0,>=4.41.0 (from sentence-transformers->-r requirements.txt (line 7))
#34 16.46   Downloading transformers-5.8.0-py3-none-any.whl.metadata (33 kB)
#34 17.14 Collecting huggingface-hub>=0.23.0 (from sentence-transformers->-r requirements.txt (line 7))
#34 17.17   Downloading huggingface_hub-1.14.0-py3-none-any.whl.metadata (14 kB)
#34 17.78 Collecting torch>=1.11.0 (from sentence-transformers->-r requirements.txt (line 7))
#34 18.22   Downloading torch-2.11.0-cp312-cp312-manylinux_2_28_x86_64.whl.metadata (29 kB)
#34 19.55 Collecting scikit-learn>=0.22.0 (from sentence-transformers->-r requirements.txt (line 7))
#34 19.57   Downloading scikit_learn-1.8.0-cp312-cp312-manylinux_2_27_x86_64.manylinux_2_28_x86_64.whl.metadata (11 kB)
#34 ...

#20 [computer-use internal] load build context
#20 transferring context: 154.11MB 20.9s
#20 ...

#35 [kryos-swarm 4/5] RUN pip install --no-cache-dir -r requirements.txt
#35 10.52 Collecting cryptography>=42.0.0 (from -r requirements.txt (line 11))
#35 10.63   Downloading cryptography-48.0.0-cp311-abi3-manylinux_2_34_x86_64.whl.metadata (4.3 kB)
#35 10.92 Collecting starlette<0.38.0,>=0.37.2 (from fastapi==0.111.1->-r requirements.txt (line 1))
#35 11.01   Downloading starlette-0.37.2-py3-none-any.whl.metadata (5.9 kB)
#35 11.34 Collecting typing-extensions>=4.8.0 (from fastapi==0.111.1->-r requirements.txt (line 1))
#35 11.53   Downloading typing_extensions-4.15.0-py3-none-any.whl.metadata (3.3 kB)
#35 11.64 Collecting fastapi-cli>=0.0.2 (from fastapi==0.111.1->-r requirements.txt (line 1))
#35 11.74   Downloading fastapi_cli-0.0.24-py3-none-any.whl.metadata (6.4 kB)
#35 11.92 Collecting jinja2>=2.11.2 (from fastapi==0.111.1->-r requirements.txt (line 1))
#35 11.96   Downloading jinja2-3.1.6-py3-none-any.whl.metadata (2.9 kB)
#35 12.10 Collecting python-multipart>=0.0.7 (from fastapi==0.111.1->-r requirements.txt (line 1))
#35 12.12   Downloading python_multipart-0.0.28-py3-none-any.whl.metadata (2.1 kB)
#35 12.23 Collecting email_validator>=2.0.0 (from fastapi==0.111.1->-r requirements.txt (line 1))
#35 12.27   Downloading email_validator-2.3.0-py3-none-any.whl.metadata (26 kB)
#35 12.57 Collecting click>=7.0 (from uvicorn==0.30.1->uvicorn[standard]==0.30.1->-r requirements.txt (line 2))
#35 12.58   Downloading click-8.3.3-py3-none-any.whl.metadata (2.6 kB)
#35 12.63 Collecting h11>=0.8 (from uvicorn==0.30.1->uvicorn[standard]==0.30.1->-r requirements.txt (line 2))
#35 12.64   Downloading h11-0.16.0-py3-none-any.whl.metadata (8.3 kB)
#35 12.75 Collecting certifi (from httpx==0.27.0->-r requirements.txt (line 3))
#35 12.76   Downloading certifi-2026.4.22-py3-none-any.whl.metadata (2.5 kB)
#35 12.86 Collecting httpcore==1.* (from httpx==0.27.0->-r requirements.txt (line 3))
#35 12.87   Downloading httpcore-1.0.9-py3-none-any.whl.metadata (21 kB)
#35 13.01 Collecting idna (from httpx==0.27.0->-r requirements.txt (line 3))
#35 13.03   Downloading idna-3.14-py3-none-any.whl.metadata (8.0 kB)
#35 13.10 Collecting sniffio (from httpx==0.27.0->-r requirements.txt (line 3))
#35 13.11   Downloading sniffio-1.3.1-py3-none-any.whl.metadata (3.9 kB)
#35 13.21 Collecting build>=1.0.3 (from chromadb==0.5.5->-r requirements.txt (line 4))
#35 13.22   Downloading build-1.5.0-py3-none-any.whl.metadata (5.7 kB)
#35 13.69 Collecting chroma-hnswlib==0.7.6 (from chromadb==0.5.5->-r requirements.txt (line 4))
#35 13.71   Downloading chroma_hnswlib-0.7.6-cp311-cp311-manylinux_2_17_x86_64.manylinux2014_x86_64.whl.metadata (252 bytes)
#35 16.19 Collecting numpy<2.0.0,>=1.22.5 (from chromadb==0.5.5->-r requirements.txt (line 4))
#35 16.20   Downloading numpy-1.26.4-cp311-cp311-manylinux_2_17_x86_64.manylinux2014_x86_64.whl.metadata (61 kB)
#35 16.48      Î“Ă¶ĂĽÎ“Ă¶ĂĽÎ“Ă¶ĂĽÎ“Ă¶ĂĽÎ“Ă¶ĂĽÎ“Ă¶ĂĽÎ“Ă¶ĂĽÎ“Ă¶ĂĽÎ“Ă¶ĂĽÎ“Ă¶ĂĽÎ“Ă¶ĂĽÎ“Ă¶ĂĽÎ“Ă¶ĂĽÎ“Ă¶ĂĽÎ“Ă¶ĂĽÎ“Ă¶ĂĽÎ“Ă¶ĂĽÎ“Ă¶ĂĽÎ“Ă¶ĂĽÎ“Ă¶ĂĽÎ“Ă¶ĂĽÎ“Ă¶ĂĽÎ“Ă¶ĂĽÎ“Ă¶ĂĽÎ“Ă¶ĂĽÎ“Ă¶ĂĽÎ“Ă¶ĂĽÎ“Ă¶ĂĽÎ“Ă¶ĂĽÎ“Ă¶ĂĽÎ“Ă¶ĂĽÎ“Ă¶ĂĽÎ“Ă¶ĂĽÎ“Ă¶ĂĽÎ“Ă¶ĂĽÎ“Ă¶ĂĽÎ“Ă¶ĂĽÎ“Ă¶ĂĽÎ“Ă¶ĂĽ 61.0/61.0 kB 270.3 kB/s eta 0:00:00
#35 16.88 Collecting posthog>=2.4.0 (from chromadb==0.5.5->-r requirements.txt (line 4))
#35 16.90   Downloading posthog-7.14.1-py3-none-any.whl.metadata (4.6 kB)
#35 17.89 Collecting onnxruntime>=1.14.1 (from chromadb==0.5.5->-r requirements.txt (line 4))
#35 17.91   Downloading onnxruntime-1.26.0-cp311-cp311-manylinux_2_27_x86_64.manylinux_2_28_x86_64.whl.metadata (5.3 kB)
#35 18.28 Collecting opentelemetry-api>=1.2.0 (from chromadb==0.5.5->-r requirements.txt (line 4))
#35 18.31   Downloading opentelemetry_api-1.41.1-py3-none-any.whl.metadata (1.5 kB)
#35 18.61 Collecting opentelemetry-exporter-otlp-proto-grpc>=1.2.0 (from chromadb==0.5.5->-r requirements.txt (line 4))
#35 18.64   Downloading opentelemetry_exporter_otlp_proto_grpc-1.41.1-py3-none-any.whl.metadata (2.6 kB)
#35 18.77 Collecting opentelemetry-instrumentation-fastapi>=0.41b0 (from chromadb==0.5.5->-r requirements.txt (line 4))
#35 18.80   Downloading opentelemetry_instrumentation_fastapi-0.62b1-py3-none-any.whl.metadata (2.2 kB)
#35 19.00 Collecting opentelemetry-sdk>=1.2.0 (from chromadb==0.5.5->-r requirements.txt (line 4))
#35 19.03   Downloading opentelemetry_sdk-1.41.1-py3-none-any.whl.metadata (1.7 kB)
#35 20.60 Collecting tokenizers>=0.13.2 (from chromadb==0.5.5->-r requirements.txt (line 4))
#35 20.62   Downloading tokenizers-0.23.1-cp310-abi3-manylinux_2_17_x86_64.manylinux2014_x86_64.whl.metadata (9.8 kB)
#35 20.77 Collecting pypika>=0.48.9 (from chromadb==0.5.5->-r requirements.txt (line 4))
#35 20.81   Downloading pypika-0.51.1-py2.py3-none-any.whl.metadata (51 kB)
#35 ...

#20 [computer-use internal] load build context
#20 transferring context: 177.52MB 26.0s
#20 transferring context: 217.03MB 31.0s
#20 ...

#34 [self-learning 5/6] RUN pip install --no-cache-dir -r requirements.txt
#34 21.52 Collecting scipy>=1.0.0 (from sentence-transformers->-r requirements.txt (line 7))
#34 21.54   Downloading scipy-1.17.1-cp312-cp312-manylinux_2_27_x86_64.manylinux_2_28_x86_64.whl.metadata (62 kB)
#34 22.19 Collecting tqdm>=4.0.0 (from sentence-transformers->-r requirements.txt (line 7))
#34 22.21   Downloading tqdm-4.67.3-py3-none-any.whl.metadata (57 kB)
#34 22.44 Collecting iniconfig>=1.0.1 (from pytest->-r requirements.txt (line 8))
#34 22.50   Downloading iniconfig-2.3.0-py3-none-any.whl.metadata (2.5 kB)
#34 22.63 Collecting packaging>=22 (from pytest->-r requirements.txt (line 8))
#34 22.67   Downloading packaging-26.2-py3-none-any.whl.metadata (3.5 kB)
#34 22.75 Collecting pluggy<2,>=1.5 (from pytest->-r requirements.txt (line 8))
#34 22.81   Downloading pluggy-1.6.0-py3-none-any.whl.metadata (4.8 kB)
#34 22.99 Collecting pygments>=2.7.2 (from pytest->-r requirements.txt (line 8))
#34 23.01   Downloading pygments-2.20.0-py3-none-any.whl.metadata (2.5 kB)
#34 23.27 Collecting filelock>=3.10.0 (from huggingface-hub>=0.23.0->sentence-transformers->-r requirements.txt (line 7))
#34 23.32   Downloading filelock-3.29.0-py3-none-any.whl.metadata (2.0 kB)
#34 23.47 Collecting fsspec>=2023.5.0 (from huggingface-hub>=0.23.0->sentence-transformers->-r requirements.txt (line 7))
#34 23.57   Downloading fsspec-2026.4.0-py3-none-any.whl.metadata (10 kB)
#34 23.95 Collecting hf-xet<2.0.0,>=1.4.3 (from huggingface-hub>=0.23.0->sentence-transformers->-r requirements.txt (line 7))
#34 24.02   Downloading hf_xet-1.5.0-cp37-abi3-manylinux2014_x86_64.manylinux_2_17_x86_64.whl.metadata (4.9 kB)
#34 24.54 Collecting typer>=0.20.0 (from huggingface-hub>=0.23.0->sentence-transformers->-r requirements.txt (line 7))
#34 24.67   Downloading typer-0.25.1-py3-none-any.whl.metadata (15 kB)
#34 24.73 Collecting annotated-types>=0.6.0 (from pydantic>=2.9.0->fastapi->-r requirements.txt (line 1))
#34 24.80   Downloading annotated_types-0.7.0-py3-none-any.whl.metadata (15 kB)
#34 ...

#20 [computer-use internal] load build context
#20 ...

#35 [kryos-swarm 4/5] RUN pip install --no-cache-dir -r requirements.txt
#35 21.10      Î“Ă¶ĂĽÎ“Ă¶ĂĽÎ“Ă¶ĂĽÎ“Ă¶ĂĽÎ“Ă¶ĂĽÎ“Ă¶ĂĽÎ“Ă¶ĂĽÎ“Ă¶ĂĽÎ“Ă¶ĂĽÎ“Ă¶ĂĽÎ“Ă¶ĂĽÎ“Ă¶ĂĽÎ“Ă¶ĂĽÎ“Ă¶ĂĽÎ“Ă¶ĂĽÎ“Ă¶ĂĽÎ“Ă¶ĂĽÎ“Ă¶ĂĽÎ“Ă¶ĂĽÎ“Ă¶ĂĽÎ“Ă¶ĂĽÎ“Ă¶ĂĽÎ“Ă¶ĂĽÎ“Ă¶ĂĽÎ“Ă¶ĂĽÎ“Ă¶ĂĽÎ“Ă¶ĂĽÎ“Ă¶ĂĽÎ“Ă¶ĂĽÎ“Ă¶ĂĽÎ“Ă¶ĂĽÎ“Ă¶ĂĽÎ“Ă¶ĂĽÎ“Ă¶ĂĽÎ“Ă¶ĂĽÎ“Ă¶ĂĽÎ“Ă¶ĂĽÎ“Ă¶ĂĽÎ“Ă¶ĂĽ 52.0/52.0 kB 205.6 kB/s eta 0:00:00
#35 21.30 Collecting tqdm>=4.65.0 (from chromadb==0.5.5->-r requirements.txt (line 4))
#35 21.32   Downloading tqdm-4.67.3-py3-none-any.whl.metadata (57 kB)
#35 21.82      Î“Ă¶ĂĽÎ“Ă¶ĂĽÎ“Ă¶ĂĽÎ“Ă¶ĂĽÎ“Ă¶ĂĽÎ“Ă¶ĂĽÎ“Ă¶ĂĽÎ“Ă¶ĂĽÎ“Ă¶ĂĽÎ“Ă¶ĂĽÎ“Ă¶ĂĽÎ“Ă¶ĂĽÎ“Ă¶ĂĽÎ“Ă¶ĂĽÎ“Ă¶ĂĽÎ“Ă¶ĂĽÎ“Ă¶ĂĽÎ“Ă¶ĂĽÎ“Ă¶ĂĽÎ“Ă¶ĂĽÎ“Ă¶ĂĽÎ“Ă¶ĂĽÎ“Ă¶ĂĽÎ“Ă¶ĂĽÎ“Ă¶ĂĽÎ“Ă¶ĂĽÎ“Ă¶ĂĽÎ“Ă¶ĂĽÎ“Ă¶ĂĽÎ“Ă¶ĂĽÎ“Ă¶ĂĽÎ“Ă¶ĂĽÎ“Ă¶ĂĽÎ“Ă¶ĂĽÎ“Ă¶ĂĽÎ“Ă¶ĂĽÎ“Ă¶ĂĽÎ“Ă¶ĂĽÎ“Ă¶ĂĽ 57.7/57.7 kB 128.6 kB/s eta 0:00:00
#35 22.07 Collecting overrides>=7.3.1 (from chromadb==0.5.5->-r requirements.txt (line 4))
#35 22.08   Downloading overrides-7.7.0-py3-none-any.whl.metadata (5.8 kB)
#35 22.26 Collecting importlib-resources (from chromadb==0.5.5->-r requirements.txt (line 4))
#35 22.28   Downloading importlib_resources-7.1.0-py3-none-any.whl.metadata (4.0 kB)
#35 29.14 Collecting grpcio>=1.58.0 (from chromadb==0.5.5->-r requirements.txt (line 4))
#35 29.18   Downloading grpcio-1.80.0-cp311-cp311-manylinux2014_x86_64.manylinux_2_17_x86_64.whl.metadata (3.8 kB)
#35 29.83 Collecting bcrypt>=4.0.1 (from chromadb==0.5.5->-r requirements.txt (line 4))
#35 29.84   Downloading bcrypt-5.0.0-cp39-abi3-manylinux_2_34_x86_64.whl.metadata (10 kB)
#35 30.04 Collecting typer>=0.9.0 (from chromadb==0.5.5->-r requirements.txt (line 4))
#35 30.07   Downloading typer-0.25.1-py3-none-any.whl.metadata (15 kB)
#35 30.32 Collecting kubernetes>=28.1.0 (from chromadb==0.5.5->-r requirements.txt (line 4))
#35 30.34   Downloading kubernetes-35.0.0-py2.py3-none-any.whl.metadata (1.7 kB)
#35 29.86 Collecting tenacity>=8.2.3 (from chromadb==0.5.5->-r requirements.txt (line 4))
#35 29.89   Downloading tenacity-9.1.4-py3-none-any.whl.metadata (1.2 kB)
#35 ...

#20 [computer-use internal] load build context
#20 transferring context: 249.17MB 36.2s
#20 transferring context: 275.39MB 41.3s
#20 ...

#35 [kryos-swarm 4/5] RUN pip install --no-cache-dir -r requirements.txt
#35 30.37 Collecting PyYAML>=6.0.0 (from chromadb==0.5.5->-r requirements.txt (line 4))
#35 30.39   Downloading pyyaml-6.0.3-cp311-cp311-manylinux2014_x86_64.manylinux_2_17_x86_64.manylinux_2_28_x86_64.whl.metadata (2.4 kB)
#35 31.31 Collecting mmh3>=4.0.1 (from chromadb==0.5.5->-r requirements.txt (line 4))
#35 31.34   Downloading mmh3-5.2.1-cp311-cp311-manylinux1_x86_64.manylinux_2_28_x86_64.manylinux_2_5_x86_64.whl.metadata (14 kB)
#35 34.86 Collecting orjson>=3.9.12 (from chromadb==0.5.5->-r requirements.txt (line 4))
#35 34.87   Downloading orjson-3.11.9-cp311-cp311-manylinux_2_17_x86_64.manylinux2014_x86_64.whl.metadata (41 kB)
#35 34.99      Î“Ă¶ĂĽÎ“Ă¶ĂĽÎ“Ă¶ĂĽÎ“Ă¶ĂĽÎ“Ă¶ĂĽÎ“Ă¶ĂĽÎ“Ă¶ĂĽÎ“Ă¶ĂĽÎ“Ă¶ĂĽÎ“Ă¶ĂĽÎ“Ă¶ĂĽÎ“Ă¶ĂĽÎ“Ă¶ĂĽÎ“Ă¶ĂĽÎ“Ă¶ĂĽÎ“Ă¶ĂĽÎ“Ă¶ĂĽÎ“Ă¶ĂĽÎ“Ă¶ĂĽÎ“Ă¶ĂĽÎ“Ă¶ĂĽÎ“Ă¶ĂĽÎ“Ă¶ĂĽÎ“Ă¶ĂĽÎ“Ă¶ĂĽÎ“Ă¶ĂĽÎ“Ă¶ĂĽÎ“Ă¶ĂĽÎ“Ă¶ĂĽÎ“Ă¶ĂĽÎ“Ă¶ĂĽÎ“Ă¶ĂĽÎ“Ă¶ĂĽÎ“Ă¶ĂĽÎ“Ă¶ĂĽÎ“Ă¶ĂĽÎ“Ă¶ĂĽÎ“Ă¶ĂĽÎ“Ă¶ĂĽ 42.0/42.0 kB 350.7 kB/s eta 0:00:00
#35 35.33 Collecting transformers<5.0.0,>=4.34.0 (from sentence-transformers==3.0.1->-r requirements.txt (line 5))
#35 35.37   Downloading transformers-4.57.6-py3-none-any.whl.metadata (43 kB)
#35 35.56      Î“Ă¶ĂĽÎ“Ă¶ĂĽÎ“Ă¶ĂĽÎ“Ă¶ĂĽÎ“Ă¶ĂĽÎ“Ă¶ĂĽÎ“Ă¶ĂĽÎ“Ă¶ĂĽÎ“Ă¶ĂĽÎ“Ă¶ĂĽÎ“Ă¶ĂĽÎ“Ă¶ĂĽÎ“Ă¶ĂĽÎ“Ă¶ĂĽÎ“Ă¶ĂĽÎ“Ă¶ĂĽÎ“Ă¶ĂĽÎ“Ă¶ĂĽÎ“Ă¶ĂĽÎ“Ă¶ĂĽÎ“Ă¶ĂĽÎ“Ă¶ĂĽÎ“Ă¶ĂĽÎ“Ă¶ĂĽÎ“Ă¶ĂĽÎ“Ă¶ĂĽÎ“Ă¶ĂĽÎ“Ă¶ĂĽÎ“Ă¶ĂĽÎ“Ă¶ĂĽÎ“Ă¶ĂĽÎ“Ă¶ĂĽÎ“Ă¶ĂĽÎ“Ă¶ĂĽÎ“Ă¶ĂĽÎ“Ă¶ĂĽÎ“Ă¶ĂĽÎ“Ă¶ĂĽÎ“Ă¶ĂĽ 44.0/44.0 kB 282.6 kB/s eta 0:00:00
#35 36.04 Collecting torch>=1.11.0 (from sentence-transformers==3.0.1->-r requirements.txt (line 5))
#35 36.07   Downloading torch-2.11.0-cp311-cp311-manylinux_2_28_x86_64.whl.metadata (29 kB)
#35 37.35 Collecting scikit-learn (from sentence-transformers==3.0.1->-r requirements.txt (line 5))
#35 37.37   Downloading scikit_learn-1.8.0-cp311-cp311-manylinux_2_27_x86_64.manylinux_2_28_x86_64.whl.metadata (11 kB)
#35 39.19 Collecting scipy (from sentence-transformers==3.0.1->-r requirements.txt (line 5))
#35 39.20   Downloading scipy-1.17.1-cp311-cp311-manylinux_2_27_x86_64.manylinux_2_28_x86_64.whl.metadata (62 kB)
#35 39.39      Î“Ă¶ĂĽÎ“Ă¶ĂĽÎ“Ă¶ĂĽÎ“Ă¶ĂĽÎ“Ă¶ĂĽÎ“Ă¶ĂĽÎ“Ă¶ĂĽÎ“Ă¶ĂĽÎ“Ă¶ĂĽÎ“Ă¶ĂĽÎ“Ă¶ĂĽÎ“Ă¶ĂĽÎ“Ă¶ĂĽÎ“Ă¶ĂĽÎ“Ă¶ĂĽÎ“Ă¶ĂĽÎ“Ă¶ĂĽÎ“Ă¶ĂĽÎ“Ă¶ĂĽÎ“Ă¶ĂĽÎ“Ă¶ĂĽÎ“Ă¶ĂĽÎ“Ă¶ĂĽÎ“Ă¶ĂĽÎ“Ă¶ĂĽÎ“Ă¶ĂĽÎ“Ă¶ĂĽÎ“Ă¶ĂĽÎ“Ă¶ĂĽÎ“Ă¶ĂĽÎ“Ă¶ĂĽÎ“Ă¶ĂĽÎ“Ă¶ĂĽÎ“Ă¶ĂĽÎ“Ă¶ĂĽÎ“Ă¶ĂĽÎ“Ă¶ĂĽÎ“Ă¶ĂĽÎ“Ă¶ĂĽ 62.1/62.1 kB 367.5 kB/s eta 0:00:00
#35 39.92 Collecting huggingface-hub>=0.15.1 (from sentence-transformers==3.0.1->-r requirements.txt (line 5))
#35 39.95   Downloading huggingface_hub-1.14.0-py3-none-any.whl.metadata (14 kB)
#35 ...

#20 [computer-use internal] load build context
#20 ...

#34 [self-learning 5/6] RUN pip install --no-cache-dir -r requirements.txt
#34 32.88 Collecting pydantic-core==2.46.4 (from pydantic>=2.9.0->fastapi->-r requirements.txt (line 1))
#34 32.90   Downloading pydantic_core-2.46.4-cp312-cp312-manylinux_2_17_x86_64.manylinux2014_x86_64.whl.metadata (6.6 kB)
#34 33.22 Collecting joblib>=1.3.0 (from scikit-learn>=0.22.0->sentence-transformers->-r requirements.txt (line 7))
#34 33.25   Downloading joblib-1.5.3-py3-none-any.whl.metadata (5.5 kB)
#34 33.32 Collecting threadpoolctl>=3.2.0 (from scikit-learn>=0.22.0->sentence-transformers->-r requirements.txt (line 7))
#34 33.34   Downloading threadpoolctl-3.6.0-py3-none-any.whl.metadata (13 kB)
#34 34.27 Collecting setuptools<82 (from torch>=1.11.0->sentence-transformers->-r requirements.txt (line 7))
#34 34.29   Downloading setuptools-81.0.0-py3-none-any.whl.metadata (6.6 kB)
#34 34.39 Collecting sympy>=1.13.3 (from torch>=1.11.0->sentence-transformers->-r requirements.txt (line 7))
#34 34.51   Downloading sympy-1.14.0-py3-none-any.whl.metadata (12 kB)
#34 34.70 Collecting networkx>=2.5.1 (from torch>=1.11.0->sentence-transformers->-r requirements.txt (line 7))
#34 34.82   Downloading networkx-3.6.1-py3-none-any.whl.metadata (6.8 kB)
#34 34.89 Collecting jinja2 (from torch>=1.11.0->sentence-transformers->-r requirements.txt (line 7))
#34 34.92   Downloading jinja2-3.1.6-py3-none-any.whl.metadata (2.9 kB)
#34 34.99 Collecting cuda-toolkit==13.0.2 (from cuda-toolkit[cublas,cudart,cufft,cufile,cupti,curand,cusolver,cusparse,nvjitlink,nvrtc,nvtx]==13.0.2; platform_system == "Linux"->torch>=1.11.0->sentence-transformers->-r requirements.txt (line 7))
#34 35.01   Downloading cuda_toolkit-13.0.2-py2.py3-none-any.whl.metadata (9.4 kB)
#34 35.43 Collecting cuda-bindings<14,>=13.0.3 (from torch>=1.11.0->sentence-transformers->-r requirements.txt (line 7))
#34 35.51   Downloading cuda_bindings-13.2.0-cp312-cp312-manylinux_2_24_x86_64.manylinux_2_28_x86_64.whl.metadata (2.3 kB)
#34 35.58 Collecting nvidia-cudnn-cu13==9.19.0.56 (from torch>=1.11.0->sentence-transformers->-r requirements.txt (line 7))
#34 35.61   Downloading nvidia_cudnn_cu13-9.19.0.56-py3-none-manylinux_2_27_x86_64.whl.metadata (1.9 kB)
#34 35.67 Collecting nvidia-cusparselt-cu13==0.8.0 (from torch>=1.11.0->sentence-transformers->-r requirements.txt (line 7))
#34 35.78   Downloading nvidia_cusparselt_cu13-0.8.0-py3-none-manylinux2014_x86_64.whl.metadata (12 kB)
#34 35.83 Collecting nvidia-nccl-cu13==2.28.9 (from torch>=1.11.0->sentence-transformers->-r requirements.txt (line 7))
#34 35.85   Downloading nvidia_nccl_cu13-2.28.9-py3-none-manylinux_2_18_x86_64.whl.metadata (2.0 kB)
#34 35.88 Collecting nvidia-nvshmem-cu13==3.4.5 (from torch>=1.11.0->sentence-transformers->-r requirements.txt (line 7))
#34 35.91   Downloading nvidia_nvshmem_cu13-3.4.5-py3-none-manylinux2014_x86_64.manylinux_2_17_x86_64.whl.metadata (2.1 kB)
#34 36.09 Collecting triton==3.6.0 (from torch>=1.11.0->sentence-transformers->-r requirements.txt (line 7))
#34 36.12   Downloading triton-3.6.0-cp312-cp312-manylinux_2_27_x86_64.manylinux_2_28_x86_64.whl.metadata (1.7 kB)
#34 36.22 Collecting nvidia-cublas==13.1.0.3.* (from cuda-toolkit[cublas,cudart,cufft,cufile,cupti,curand,cusolver,cusparse,nvjitlink,nvrtc,nvtx]==13.0.2; platform_system == "Linux"->torch>=1.11.0->sentence-transformers->-r requirements.txt (line 7))
#34 36.59   Downloading nvidia_cublas-13.1.0.3-py3-none-manylinux_2_27_x86_64.whl.metadata (1.7 kB)
#34 36.71 Collecting nvidia-cuda-runtime==13.0.96.* (from cuda-toolkit[cublas,cudart,cufft,cufile,cupti,curand,cusolver,cusparse,nvjitlink,nvrtc,nvtx]==13.0.2; platform_system == "Linux"->torch>=1.11.0->sentence-transformers->-r requirements.txt (line 7))
#34 36.76   Downloading nvidia_cuda_runtime-13.0.96-py3-none-manylinux2014_x86_64.manylinux_2_17_x86_64.whl.metadata (1.7 kB)
#34 36.81 Collecting nvidia-cufft==12.0.0.61.* (from cuda-toolkit[cublas,cudart,cufft,cufile,cupti,curand,cusolver,cusparse,nvjitlink,nvrtc,nvtx]==13.0.2; platform_system == "Linux"->torch>=1.11.0->sentence-transformers->-r requirements.txt (line 7))
#34 36.87   Downloading nvidia_cufft-12.0.0.61-py3-none-manylinux2014_x86_64.manylinux_2_17_x86_64.whl.metadata (1.8 kB)
#34 36.90 Collecting nvidia-cufile==1.15.1.6.* (from cuda-toolkit[cublas,cudart,cufft,cufile,cupti,curand,cusolver,cusparse,nvjitlink,nvrtc,nvtx]==13.0.2; platform_system == "Linux"->torch>=1.11.0->sentence-transformers->-r requirements.txt (line 7))
#34 36.94   Downloading nvidia_cufile-1.15.1.6-py3-none-manylinux2014_x86_64.manylinux_2_17_x86_64.whl.metadata (1.7 kB)
#34 37.00 Collecting nvidia-cuda-cupti==13.0.85.* (from cuda-toolkit[cublas,cudart,cufft,cufile,cupti,curand,cusolver,cusparse,nvjitlink,nvrtc,nvtx]==13.0.2; platform_system == "Linux"->torch>=1.11.0->sentence-transformers->-r requirements.txt (line 7))
#34 37.03   Downloading nvidia_cuda_cupti-13.0.85-py3-none-manylinux_2_25_x86_64.whl.metadata (1.7 kB)
#34 37.10 Collecting nvidia-curand==10.4.0.35.* (from cuda-toolkit[cublas,cudart,cufft,cufile,cupti,curand,cusolver,cusparse,nvjitlink,nvrtc,nvtx]==13.0.2; platform_system == "Linux"->torch>=1.11.0->sentence-transformers->-r requirements.txt (line 7))
#34 37.13   Downloading nvidia_curand-10.4.0.35-py3-none-manylinux_2_27_x86_64.whl.metadata (1.7 kB)
#34 37.22 Collecting nvidia-cusolver==12.0.4.66.* (from cuda-toolkit[cublas,cudart,cufft,cufile,cupti,curand,cusolver,cusparse,nvjitlink,nvrtc,nvtx]==13.0.2; platform_system == "Linux"->torch>=1.11.0->sentence-transformers->-r requirements.txt (line 7))
#34 37.23   Downloading nvidia_cusolver-12.0.4.66-py3-none-manylinux_2_27_x86_64.whl.metadata (1.8 kB)
#34 37.31 Collecting nvidia-cusparse==12.6.3.3.* (from cuda-toolkit[cublas,cudart,cufft,cufile,cupti,curand,cusolver,cusparse,nvjitlink,nvrtc,nvtx]==13.0.2; platform_system == "Linux"->torch>=1.11.0->sentence-transformers->-r requirements.txt (line 7))
#34 37.33   Downloading nvidia_cusparse-12.6.3.3-py3-none-manylinux2014_x86_64.manylinux_2_17_x86_64.whl.metadata (1.8 kB)
#34 37.38 Collecting nvidia-nvjitlink==13.0.88.* (from cuda-toolkit[cublas,cudart,cufft,cufile,cupti,curand,cusolver,cusparse,nvjitlink,nvrtc,nvtx]==13.0.2; platform_system == "Linux"->torch>=1.11.0->sentence-transformers->-r requirements.txt (line 7))
#34 37.41   Downloading nvidia_nvjitlink-13.0.88-py3-none-manylinux2010_x86_64.manylinux_2_12_x86_64.whl.metadata (1.7 kB)
#34 37.62 Collecting nvidia-cuda-nvrtc==13.0.88.* (from cuda-toolkit[cublas,cudart,cufft,cufile,cupti,curand,cusolver,cusparse,nvjitlink,nvrtc,nvtx]==13.0.2; platform_system == "Linux"->torch>=1.11.0->sentence-transformers->-r requirements.txt (line 7))
#34 37.69   Downloading nvidia_cuda_nvrtc-13.0.88-py3-none-manylinux2010_x86_64.manylinux_2_12_x86_64.whl.metadata (1.7 kB)
#34 37.73 Collecting nvidia-nvtx==13.0.85.* (from cuda-toolkit[cublas,cudart,cufft,cufile,cupti,curand,cusolver,cusparse,nvjitlink,nvrtc,nvtx]==13.0.2; platform_system == "Linux"->torch>=1.11.0->sentence-transformers->-r requirements.txt (line 7))
#34 37.79   Downloading nvidia_nvtx-13.0.85-py3-none-manylinux1_x86_64.manylinux_2_5_x86_64.whl.metadata (1.8 kB)
#34 ...

#20 [computer-use internal] load build context
#20 transferring context: 320.09MB 46.5s
#20 transferring context: 372.64MB 51.5s
#20 ...

#35 [kryos-swarm 4/5] RUN pip install --no-cache-dir -r requirements.txt
#35 43.09 Collecting Pillow (from sentence-transformers==3.0.1->-r requirements.txt (line 5))
#35 43.34   Downloading pillow-12.2.0-cp311-cp311-manylinux_2_27_x86_64.manylinux_2_28_x86_64.whl.metadata (8.8 kB)
#35 43.44 Collecting annotated-types>=0.4.0 (from pydantic==2.7.4->-r requirements.txt (line 6))
#35 43.46   Downloading annotated_types-0.7.0-py3-none-any.whl.metadata (15 kB)
#35 ...

#34 [self-learning 5/6] RUN pip install --no-cache-dir -r requirements.txt
#34 44.24 Collecting regex>=2025.10.22 (from transformers<6.0.0,>=4.41.0->sentence-transformers->-r requirements.txt (line 7))
#34 44.27   Downloading regex-2026.5.9-cp312-cp312-manylinux2014_x86_64.manylinux_2_17_x86_64.manylinux_2_28_x86_64.whl.metadata (40 kB)
#34 46.82 Collecting tokenizers<=0.23.0,>=0.22.0 (from transformers<6.0.0,>=4.41.0->sentence-transformers->-r requirements.txt (line 7))
#34 46.84   Downloading tokenizers-0.22.2-cp39-abi3-manylinux_2_17_x86_64.manylinux2014_x86_64.whl.metadata (7.3 kB)
#34 49.20 Collecting safetensors>=0.4.3 (from transformers<6.0.0,>=4.41.0->sentence-transformers->-r requirements.txt (line 7))
#34 49.24   Downloading safetensors-0.7.0-cp38-abi3-manylinux_2_17_x86_64.manylinux2014_x86_64.whl.metadata (4.1 kB)
#34 49.38 Collecting cuda-pathfinder~=1.1 (from cuda-bindings<14,>=13.0.3->torch>=1.11.0->sentence-transformers->-r requirements.txt (line 7))
#34 49.45   Downloading cuda_pathfinder-1.5.4-py3-none-any.whl.metadata (1.9 kB)
#34 49.61 Collecting mpmath<1.4,>=1.1.0 (from sympy>=1.13.3->torch>=1.11.0->sentence-transformers->-r requirements.txt (line 7))
#34 49.74   Downloading mpmath-1.3.0-py3-none-any.whl.metadata (8.6 kB)
#34 49.84 Collecting shellingham>=1.3.0 (from typer>=0.20.0->huggingface-hub>=0.23.0->sentence-transformers->-r requirements.txt (line 7))
#34 49.85   Downloading shellingham-1.5.4-py2.py3-none-any.whl.metadata (3.5 kB)
#34 50.61 Collecting rich>=13.8.0 (from typer>=0.20.0->huggingface-hub>=0.23.0->sentence-transformers->-r requirements.txt (line 7))
#34 50.62   Downloading rich-15.0.0-py3-none-any.whl.metadata (18 kB)
#34 51.58 Collecting MarkupSafe>=2.0 (from jinja2->torch>=1.11.0->sentence-transformers->-r requirements.txt (line 7))
#34 51.60   Downloading markupsafe-3.0.3-cp312-cp312-manylinux2014_x86_64.manylinux_2_17_x86_64.manylinux_2_28_x86_64.whl.metadata (2.7 kB)
#34 51.77 Collecting markdown-it-py>=2.2.0 (from rich>=13.8.0->typer>=0.20.0->huggingface-hub>=0.23.0->sentence-transformers->-r requirements.txt (line 7))
#34 51.83   Downloading markdown_it_py-4.2.0-py3-none-any.whl.metadata (7.4 kB)
#34 51.96 Collecting mdurl~=0.1 (from markdown-it-py>=2.2.0->rich>=13.8.0->typer>=0.20.0->huggingface-hub>=0.23.0->sentence-transformers->-r requirements.txt (line 7))
#34 51.99   Downloading mdurl-0.1.2-py3-none-any.whl.metadata (1.6 kB)
#34 52.03 Downloading fastapi-0.136.1-py3-none-any.whl (117 kB)
#34 53.73 Downloading httpx-0.28.1-py3-none-any.whl (73 kB)
#34 53.97 Downloading httpcore-1.0.9-py3-none-any.whl (78 kB)
#34 54.51 Downloading aiosqlite-0.22.1-py3-none-any.whl (17 kB)
#34 ...

#20 [computer-use internal] load build context
#20 transferring context: 430.10MB 56.6s
#20 transferring context: 467.16MB 61.7s
#20 ...

#36 [ebpf-hardening] exporting to image
#36 exporting layers 60.6s done
#36 exporting manifest sha256:5a3992c6c6ad64d9c7df2fd2af8dea4ff54712df9b39723a9ad85d4881704c28 0.1s done
#36 exporting config sha256:986bdf1f07125d4d4f60ee3b5e5ce79eb14cf892b86d64a9b7ab9cfa6e129810 0.1s done
#36 exporting attestation manifest sha256:5651537ba59aea86eb2f53e94558e6cfdd96db677b23c4460429919f486972a0
#36 exporting attestation manifest sha256:5651537ba59aea86eb2f53e94558e6cfdd96db677b23c4460429919f486972a0 0.1s done
#36 exporting manifest list sha256:12ff58f7a1cab9d04c410f47b3f804373eece5501fbe657702834250d4a1083c 0.1s done
#36 naming to docker.io/library/prady-os-v2-ebpf-hardening:latest
#36 naming to docker.io/library/prady-os-v2-ebpf-hardening:latest done
#36 unpacking to docker.io/library/prady-os-v2-ebpf-hardening:latest
#36 ...

#34 [self-learning 5/6] RUN pip install --no-cache-dir -r requirements.txt
#34 54.61 Downloading psutil-7.2.2-cp36-abi3-manylinux2010_x86_64.manylinux_2_12_x86_64.manylinux_2_28_x86_64.whl (155 kB)
#34 55.60 Downloading numpy-2.4.4-cp312-cp312-manylinux_2_27_x86_64.manylinux_2_28_x86_64.whl (16.6 MB)
#34 ...

#20 [computer-use internal] load build context
#20 ...

#35 [kryos-swarm 4/5] RUN pip install --no-cache-dir -r requirements.txt
#35 54.51 Collecting pydantic-core==2.18.4 (from pydantic==2.7.4->-r requirements.txt (line 6))
#35 54.53   Downloading pydantic_core-2.18.4-cp311-cp311-manylinux_2_17_x86_64.manylinux2014_x86_64.whl.metadata (6.5 kB)
#35 54.63 Collecting iniconfig (from pytest==8.2.2->-r requirements.txt (line 8))
#35 54.65   Downloading iniconfig-2.3.0-py3-none-any.whl.metadata (2.5 kB)
#35 54.79 Collecting packaging (from pytest==8.2.2->-r requirements.txt (line 8))
#35 54.81   Downloading packaging-26.2-py3-none-any.whl.metadata (3.5 kB)
#35 54.89 Collecting pluggy<2.0,>=1.5 (from pytest==8.2.2->-r requirements.txt (line 8))
#35 54.92   Downloading pluggy-1.6.0-py3-none-any.whl.metadata (4.8 kB)
#35 55.09 Collecting trio>=0.23 (from anyio[trio]==4.4.0->-r requirements.txt (line 7))
#35 55.13   Downloading trio-0.33.0-py3-none-any.whl.metadata (8.5 kB)
#35 55.74 Collecting httptools>=0.5.0 (from uvicorn[standard]==0.30.1->-r requirements.txt (line 2))
#35 55.76   Downloading httptools-0.7.1-cp311-cp311-manylinux1_x86_64.manylinux_2_28_x86_64.manylinux_2_5_x86_64.whl.metadata (3.5 kB)
#35 55.95 Collecting python-dotenv>=0.13 (from uvicorn[standard]==0.30.1->-r requirements.txt (line 2))
#35 55.99   Downloading python_dotenv-1.2.2-py3-none-any.whl.metadata (27 kB)
#35 56.87 Collecting uvloop!=0.15.0,!=0.15.1,>=0.14.0 (from uvicorn[standard]==0.30.1->-r requirements.txt (line 2))
#35 57.13   Downloading uvloop-0.22.1-cp311-cp311-manylinux2014_x86_64.manylinux_2_17_x86_64.manylinux_2_28_x86_64.whl.metadata (4.9 kB)
#35 57.72 Collecting watchfiles>=0.13 (from uvicorn[standard]==0.30.1->-r requirements.txt (line 2))
#35 57.74   Downloading watchfiles-1.1.1-cp311-cp311-manylinux_2_17_x86_64.manylinux2014_x86_64.whl.metadata (4.9 kB)
#35 59.12 Collecting websockets>=10.4 (from uvicorn[standard]==0.30.1->-r requirements.txt (line 2))
#35 59.15   Downloading websockets-16.0-cp311-cp311-manylinux1_x86_64.manylinux_2_28_x86_64.manylinux_2_5_x86_64.whl.metadata (6.8 kB)
#35 60.71 Collecting cffi>=2.0.0 (from cryptography>=42.0.0->-r requirements.txt (line 11))
#35 60.76   Downloading cffi-2.0.0-cp311-cp311-manylinux2014_x86_64.manylinux_2_17_x86_64.whl.metadata (2.6 kB)
#35 60.80 Collecting pyproject_hooks (from build>=1.0.3->chromadb==0.5.5->-r requirements.txt (line 4))
#35 60.82   Downloading pyproject_hooks-1.2.0-py3-none-any.whl.metadata (1.3 kB)
#35 60.91 Collecting pycparser (from cffi>=2.0.0->cryptography>=42.0.0->-r requirements.txt (line 11))
#35 60.94   Downloading pycparser-3.0-py3-none-any.whl.metadata (8.2 kB)
#35 61.13 Collecting dnspython>=2.0.0 (from email_validator>=2.0.0->fastapi==0.111.1->-r requirements.txt (line 1))
#35 61.23   Downloading dnspython-2.8.0-py3-none-any.whl.metadata (5.7 kB)
#35 61.55 Collecting rich-toolkit>=0.14.8 (from fastapi-cli>=0.0.2->fastapi==0.111.1->-r requirements.txt (line 1))
#35 61.58   Downloading rich_toolkit-0.19.7-py3-none-any.whl.metadata (1.0 kB)
#35 61.86 Collecting filelock>=3.10.0 (from huggingface-hub>=0.15.1->sentence-transformers==3.0.1->-r requirements.txt (line 5))
#35 61.90   Downloading filelock-3.29.0-py3-none-any.whl.metadata (2.0 kB)
#35 62.07 Collecting fsspec>=2023.5.0 (from huggingface-hub>=0.15.1->sentence-transformers==3.0.1->-r requirements.txt (line 5))
#35 62.11   Downloading fsspec-2026.4.0-py3-none-any.whl.metadata (10 kB)
#35 62.74 Collecting hf-xet<2.0.0,>=1.4.3 (from huggingface-hub>=0.15.1->sentence-transformers==3.0.1->-r requirements.txt (line 5))
#35 62.80   Downloading hf_xet-1.5.0-cp37-abi3-manylinux2014_x86_64.manylinux_2_17_x86_64.whl.metadata (4.9 kB)
#35 63.88 Collecting MarkupSafe>=2.0 (from jinja2>=2.11.2->fastapi==0.111.1->-r requirements.txt (line 1))
#35 63.93   Downloading markupsafe-3.0.3-cp311-cp311-manylinux2014_x86_64.manylinux_2_17_x86_64.manylinux_2_28_x86_64.whl.metadata (2.7 kB)
#35 64.00 Collecting six>=1.9.0 (from kubernetes>=28.1.0->chromadb==0.5.5->-r requirements.txt (line 4))
#35 64.05   Downloading six-1.17.0-py2.py3-none-any.whl.metadata (1.7 kB)
#35 64.11 Collecting python-dateutil>=2.5.3 (from kubernetes>=28.1.0->chromadb==0.5.5->-r requirements.txt (line 4))
#35 64.14   Downloading python_dateutil-2.9.0.post0-py2.py3-none-any.whl.metadata (8.4 kB)
#35 64.37 Collecting websocket-client!=0.40.0,!=0.41.*,!=0.42.*,>=0.32.0 (from kubernetes>=28.1.0->chromadb==0.5.5->-r requirements.txt (line 4))
#35 64.38   Downloading websocket_client-1.9.0-py3-none-any.whl.metadata (8.3 kB)
#35 64.59 Collecting requests (from kubernetes>=28.1.0->chromadb==0.5.5->-r requirements.txt (line 4))
#35 64.61   Downloading requests-2.33.1-py3-none-any.whl.metadata (4.8 kB)
#35 ...

#20 [computer-use internal] load build context
#20 transferring context: 479.05MB 66.7s
#20 transferring context: 495.70MB 71.8s
#20 ...

#35 [kryos-swarm 4/5] RUN pip install --no-cache-dir -r requirements.txt
#35 64.80 Collecting requests-oauthlib (from kubernetes>=28.1.0->chromadb==0.5.5->-r requirements.txt (line 4))
#35 64.82   Downloading requests_oauthlib-2.0.0-py2.py3-none-any.whl.metadata (11 kB)
#35 65.10 Collecting urllib3!=2.6.0,>=1.24.2 (from kubernetes>=28.1.0->chromadb==0.5.5->-r requirements.txt (line 4))
#35 65.18   Downloading urllib3-2.7.0-py3-none-any.whl.metadata (6.9 kB)
#35 65.21 Collecting durationpy>=0.7 (from kubernetes>=28.1.0->chromadb==0.5.5->-r requirements.txt (line 4))
#35 65.27   Downloading durationpy-0.10-py3-none-any.whl.metadata (340 bytes)
#35 65.40 Collecting flatbuffers (from onnxruntime>=1.14.1->chromadb==0.5.5->-r requirements.txt (line 4))
#35 65.43   Downloading flatbuffers-25.12.19-py2.py3-none-any.whl.metadata (1.0 kB)
#35 67.16 Collecting protobuf (from onnxruntime>=1.14.1->chromadb==0.5.5->-r requirements.txt (line 4))
#35 67.19   Downloading protobuf-7.34.1-cp310-abi3-manylinux2014_x86_64.whl.metadata (595 bytes)
#35 67.39 Collecting importlib-metadata<8.8.0,>=6.0 (from opentelemetry-api>=1.2.0->chromadb==0.5.5->-r requirements.txt (line 4))
#35 67.45   Downloading importlib_metadata-8.7.1-py3-none-any.whl.metadata (4.7 kB)
#35 67.58 Collecting googleapis-common-protos~=1.57 (from opentelemetry-exporter-otlp-proto-grpc>=1.2.0->chromadb==0.5.5->-r requirements.txt (line 4))
#35 67.60   Downloading googleapis_common_protos-1.75.0-py3-none-any.whl.metadata (8.6 kB)
#35 67.76 Collecting opentelemetry-exporter-otlp-proto-common==1.41.1 (from opentelemetry-exporter-otlp-proto-grpc>=1.2.0->chromadb==0.5.5->-r requirements.txt (line 4))
#35 67.84   Downloading opentelemetry_exporter_otlp_proto_common-1.41.1-py3-none-any.whl.metadata (1.9 kB)
#35 68.03 Collecting opentelemetry-proto==1.41.1 (from opentelemetry-exporter-otlp-proto-grpc>=1.2.0->chromadb==0.5.5->-r requirements.txt (line 4))
#35 68.15   Downloading opentelemetry_proto-1.41.1-py3-none-any.whl.metadata (2.4 kB)
#35 68.19 Collecting protobuf (from onnxruntime>=1.14.1->chromadb==0.5.5->-r requirements.txt (line 4))
#35 68.21   Downloading protobuf-6.33.6-cp39-abi3-manylinux2014_x86_64.whl.metadata (593 bytes)
#35 68.36 Collecting opentelemetry-instrumentation-asgi==0.62b1 (from opentelemetry-instrumentation-fastapi>=0.41b0->chromadb==0.5.5->-r requirements.txt (line 4))
#35 68.40   Downloading opentelemetry_instrumentation_asgi-0.62b1-py3-none-any.whl.metadata (2.1 kB)
#35 68.69 Collecting opentelemetry-instrumentation==0.62b1 (from opentelemetry-instrumentation-fastapi>=0.41b0->chromadb==0.5.5->-r requirements.txt (line 4))
#35 68.76   Downloading opentelemetry_instrumentation-0.62b1-py3-none-any.whl.metadata (7.2 kB)
#35 68.89 Collecting opentelemetry-semantic-conventions==0.62b1 (from opentelemetry-instrumentation-fastapi>=0.41b0->chromadb==0.5.5->-r requirements.txt (line 4))
#35 68.92   Downloading opentelemetry_semantic_conventions-0.62b1-py3-none-any.whl.metadata (2.5 kB)
#35 69.01 Collecting opentelemetry-util-http==0.62b1 (from opentelemetry-instrumentation-fastapi>=0.41b0->chromadb==0.5.5->-r requirements.txt (line 4))
#35 69.03   Downloading opentelemetry_util_http-0.62b1-py3-none-any.whl.metadata (2.6 kB)
#35 71.50 Collecting wrapt<3.0.0,>=1.0.0 (from opentelemetry-instrumentation==0.62b1->opentelemetry-instrumentation-fastapi>=0.41b0->chromadb==0.5.5->-r requirements.txt (line 4))
#35 71.52   Downloading wrapt-2.1.2-cp311-cp311-manylinux1_x86_64.manylinux_2_28_x86_64.manylinux_2_5_x86_64.whl.metadata (7.4 kB)
#35 71.93 Collecting asgiref~=3.0 (from opentelemetry-instrumentation-asgi==0.62b1->opentelemetry-instrumentation-fastapi>=0.41b0->chromadb==0.5.5->-r requirements.txt (line 4))
#35 71.97   Downloading asgiref-3.11.1-py3-none-any.whl.metadata (9.3 kB)
#35 72.24 Collecting backoff>=1.10.0 (from posthog>=2.4.0->chromadb==0.5.5->-r requirements.txt (line 4))
#35 72.26   Downloading backoff-2.2.1-py3-none-any.whl.metadata (14 kB)
#35 72.39 Collecting distro>=1.5.0 (from posthog>=2.4.0->chromadb==0.5.5->-r requirements.txt (line 4))
#35 72.42   Downloading distro-1.9.0-py3-none-any.whl.metadata (6.8 kB)
#35 72.61 Requirement already satisfied: setuptools<82 in /usr/local/lib/python3.11/site-packages (from torch>=1.11.0->sentence-transformers==3.0.1->-r requirements.txt (line 5)) (79.0.1)
#35 72.72 Collecting sympy>=1.13.3 (from torch>=1.11.0->sentence-transformers==3.0.1->-r requirements.txt (line 5))
#35 72.73   Downloading sympy-1.14.0-py3-none-any.whl.metadata (12 kB)
#35 73.24 Collecting networkx>=2.5.1 (from torch>=1.11.0->sentence-transformers==3.0.1->-r requirements.txt (line 5))
#35 73.34   Downloading networkx-3.6.1-py3-none-any.whl.metadata (6.8 kB)
#35 73.43 Collecting cuda-toolkit==13.0.2 (from cuda-toolkit[cublas,cudart,cufft,cufile,cupti,curand,cusolver,cusparse,nvjitlink,nvrtc,nvtx]==13.0.2; platform_system == "Linux"->torch>=1.11.0->sentence-transformers==3.0.1->-r requirements.txt (line 5))
#35 73.46   Downloading cuda_toolkit-13.0.2-py2.py3-none-any.whl.metadata (9.4 kB)
#35 73.70 Collecting cuda-bindings<14,>=13.0.3 (from torch>=1.11.0->sentence-transformers==3.0.1->-r requirements.txt (line 5))
#35 73.71   Downloading cuda_bindings-13.2.0-cp311-cp311-manylinux_2_24_x86_64.manylinux_2_28_x86_64.whl.metadata (2.3 kB)
#35 73.78 Collecting nvidia-cudnn-cu13==9.19.0.56 (from torch>=1.11.0->sentence-transformers==3.0.1->-r requirements.txt (line 5))
#35 73.80   Downloading nvidia_cudnn_cu13-9.19.0.56-py3-none-manylinux_2_27_x86_64.whl.metadata (1.9 kB)
#35 73.83 Collecting nvidia-cusparselt-cu13==0.8.0 (from torch>=1.11.0->sentence-transformers==3.0.1->-r requirements.txt (line 5))
#35 73.84   Downloading nvidia_cusparselt_cu13-0.8.0-py3-none-manylinux2014_x86_64.whl.metadata (12 kB)
#35 74.07 Collecting nvidia-nccl-cu13==2.28.9 (from torch>=1.11.0->sentence-transformers==3.0.1->-r requirements.txt (line 5))
#35 74.10   Downloading nvidia_nccl_cu13-2.28.9-py3-none-manylinux_2_18_x86_64.whl.metadata (2.0 kB)
#35 74.12 Collecting nvidia-nvshmem-cu13==3.4.5 (from torch>=1.11.0->sentence-transformers==3.0.1->-r requirements.txt (line 5))
#35 74.19   Downloading nvidia_nvshmem_cu13-3.4.5-py3-none-manylinux2014_x86_64.manylinux_2_17_x86_64.whl.metadata (2.1 kB)
#35 74.36 Collecting triton==3.6.0 (from torch>=1.11.0->sentence-transformers==3.0.1->-r requirements.txt (line 5))
#35 74.38   Downloading triton-3.6.0-cp311-cp311-manylinux_2_27_x86_64.manylinux_2_28_x86_64.whl.metadata (1.7 kB)
#35 74.66 Collecting nvidia-cublas==13.1.0.3.* (from cuda-toolkit[cublas,cudart,cufft,cufile,cupti,curand,cusolver,cusparse,nvjitlink,nvrtc,nvtx]==13.0.2; platform_system == "Linux"->torch>=1.11.0->sentence-transformers==3.0.1->-r requirements.txt (line 5))
#35 74.71   Downloading nvidia_cublas-13.1.0.3-py3-none-manylinux_2_27_x86_64.whl.metadata (1.7 kB)
#35 74.73 Collecting nvidia-cuda-runtime==13.0.96.* (from cuda-toolkit[cublas,cudart,cufft,cufile,cupti,curand,cusolver,cusparse,nvjitlink,nvrtc,nvtx]==13.0.2; platform_system == "Linux"->torch>=1.11.0->sentence-transformers==3.0.1->-r requirements.txt (line 5))
#35 74.75   Downloading nvidia_cuda_runtime-13.0.96-py3-none-manylinux2014_x86_64.manylinux_2_17_x86_64.whl.metadata (1.7 kB)
#35 74.80 Collecting nvidia-cufft==12.0.0.61.* (from cuda-toolkit[cublas,cudart,cufft,cufile,cupti,curand,cusolver,cusparse,nvjitlink,nvrtc,nvtx]==13.0.2; platform_system == "Linux"->torch>=1.11.0->sentence-transformers==3.0.1->-r requirements.txt (line 5))
#35 74.83   Downloading nvidia_cufft-12.0.0.61-py3-none-manylinux2014_x86_64.manylinux_2_17_x86_64.whl.metadata (1.8 kB)
#35 74.86 Collecting nvidia-cufile==1.15.1.6.* (from cuda-toolkit[cublas,cudart,cufft,cufile,cupti,curand,cusolver,cusparse,nvjitlink,nvrtc,nvtx]==13.0.2; platform_system == "Linux"->torch>=1.11.0->sentence-transformers==3.0.1->-r requirements.txt (line 5))
#35 75.16   Downloading nvidia_cufile-1.15.1.6-py3-none-manylinux2014_x86_64.manylinux_2_17_x86_64.whl.metadata (1.7 kB)
#35 ...

#20 [computer-use internal] load build context
#20 ...

#36 [ebpf-hardening] exporting to image
#36 unpacking to docker.io/library/prady-os-v2-ebpf-hardening:latest 13.5s done
#36 DONE 74.5s

#20 [computer-use internal] load build context
#20 ...

#37 [ebpf-hardening] resolving provenance for metadata file
#37 DONE 0.0s

#20 [computer-use internal] load build context
#20 transferring context: 512.11MB 76.9s
#20 transferring context: 557.53MB 82.1s
#20 ...

#35 [kryos-swarm 4/5] RUN pip install --no-cache-dir -r requirements.txt
#35 75.29 Collecting nvidia-cuda-cupti==13.0.85.* (from cuda-toolkit[cublas,cudart,cufft,cufile,cupti,curand,cusolver,cusparse,nvjitlink,nvrtc,nvtx]==13.0.2; platform_system == "Linux"->torch>=1.11.0->sentence-transformers==3.0.1->-r requirements.txt (line 5))
#35 75.34   Downloading nvidia_cuda_cupti-13.0.85-py3-none-manylinux_2_25_x86_64.whl.metadata (1.7 kB)
#35 75.40 Collecting nvidia-curand==10.4.0.35.* (from cuda-toolkit[cublas,cudart,cufft,cufile,cupti,curand,cusolver,cusparse,nvjitlink,nvrtc,nvtx]==13.0.2; platform_system == "Linux"->torch>=1.11.0->sentence-transformers==3.0.1->-r requirements.txt (line 5))
#35 75.46   Downloading nvidia_curand-10.4.0.35-py3-none-manylinux_2_27_x86_64.whl.metadata (1.7 kB)
#35 75.58 Collecting nvidia-cusolver==12.0.4.66.* (from cuda-toolkit[cublas,cudart,cufft,cufile,cupti,curand,cusolver,cusparse,nvjitlink,nvrtc,nvtx]==13.0.2; platform_system == "Linux"->torch>=1.11.0->sentence-transformers==3.0.1->-r requirements.txt (line 5))
#35 75.64   Downloading nvidia_cusolver-12.0.4.66-py3-none-manylinux_2_27_x86_64.whl.metadata (1.8 kB)
#35 75.68 Collecting nvidia-cusparse==12.6.3.3.* (from cuda-toolkit[cublas,cudart,cufft,cufile,cupti,curand,cusolver,cusparse,nvjitlink,nvrtc,nvtx]==13.0.2; platform_system == "Linux"->torch>=1.11.0->sentence-transformers==3.0.1->-r requirements.txt (line 5))
#35 75.72   Downloading nvidia_cusparse-12.6.3.3-py3-none-manylinux2014_x86_64.manylinux_2_17_x86_64.whl.metadata (1.8 kB)
#35 75.79 Collecting nvidia-nvjitlink==13.0.88.* (from cuda-toolkit[cublas,cudart,cufft,cufile,cupti,curand,cusolver,cusparse,nvjitlink,nvrtc,nvtx]==13.0.2; platform_system == "Linux"->torch>=1.11.0->sentence-transformers==3.0.1->-r requirements.txt (line 5))
#35 75.81   Downloading nvidia_nvjitlink-13.0.88-py3-none-manylinux2010_x86_64.manylinux_2_12_x86_64.whl.metadata (1.7 kB)
#35 75.87 Collecting nvidia-cuda-nvrtc==13.0.88.* (from cuda-toolkit[cublas,cudart,cufft,cufile,cupti,curand,cusolver,cusparse,nvjitlink,nvrtc,nvtx]==13.0.2; platform_system == "Linux"->torch>=1.11.0->sentence-transformers==3.0.1->-r requirements.txt (line 5))
#35 75.89   Downloading nvidia_cuda_nvrtc-13.0.88-py3-none-manylinux2010_x86_64.manylinux_2_12_x86_64.whl.metadata (1.7 kB)
#35 75.93 Collecting nvidia-nvtx==13.0.85.* (from cuda-toolkit[cublas,cudart,cufft,cufile,cupti,curand,cusolver,cusparse,nvjitlink,nvrtc,nvtx]==13.0.2; platform_system == "Linux"->torch>=1.11.0->sentence-transformers==3.0.1->-r requirements.txt (line 5))
#35 75.96   Downloading nvidia_nvtx-13.0.85-py3-none-manylinux1_x86_64.manylinux_2_5_x86_64.whl.metadata (1.8 kB)
#35 76.68 Collecting huggingface-hub>=0.15.1 (from sentence-transformers==3.0.1->-r requirements.txt (line 5))
#35 76.70   Downloading huggingface_hub-0.36.2-py3-none-any.whl.metadata (15 kB)
#35 80.58 Collecting regex!=2019.12.17 (from transformers<5.0.0,>=4.34.0->sentence-transformers==3.0.1->-r requirements.txt (line 5))
#35 80.61   Downloading regex-2026.5.9-cp311-cp311-manylinux2014_x86_64.manylinux_2_17_x86_64.manylinux_2_28_x86_64.whl.metadata (40 kB)
#35 80.97      Î“Ă¶ĂĽÎ“Ă¶ĂĽÎ“Ă¶ĂĽÎ“Ă¶ĂĽÎ“Ă¶ĂĽÎ“Ă¶ĂĽÎ“Ă¶ĂĽÎ“Ă¶ĂĽÎ“Ă¶ĂĽÎ“Ă¶ĂĽÎ“Ă¶ĂĽÎ“Ă¶ĂĽÎ“Ă¶ĂĽÎ“Ă¶ĂĽÎ“Ă¶ĂĽÎ“Ă¶ĂĽÎ“Ă¶ĂĽÎ“Ă¶ĂĽÎ“Ă¶ĂĽÎ“Ă¶ĂĽÎ“Ă¶ĂĽÎ“Ă¶ĂĽÎ“Ă¶ĂĽÎ“Ă¶ĂĽÎ“Ă¶ĂĽÎ“Ă¶ĂĽÎ“Ă¶ĂĽÎ“Ă¶ĂĽÎ“Ă¶ĂĽÎ“Ă¶ĂĽÎ“Ă¶ĂĽÎ“Ă¶ĂĽÎ“Ă¶ĂĽÎ“Ă¶ĂĽÎ“Ă¶ĂĽÎ“Ă¶ĂĽÎ“Ă¶ĂĽÎ“Ă¶ĂĽÎ“Ă¶ĂĽ 40.4/40.4 kB 158.3 kB/s eta 0:00:00
#35 80.99 Collecting tokenizers>=0.13.2 (from chromadb==0.5.5->-r requirements.txt (line 4))
#35 81.02   Downloading tokenizers-0.22.2-cp39-abi3-manylinux_2_17_x86_64.manylinux2014_x86_64.whl.metadata (7.3 kB)
#35 81.61 Collecting safetensors>=0.4.3 (from transformers<5.0.0,>=4.34.0->sentence-transformers==3.0.1->-r requirements.txt (line 5))
#35 81.63   Downloading safetensors-0.7.0-cp38-abi3-manylinux_2_17_x86_64.manylinux2014_x86_64.whl.metadata (4.1 kB)
#35 81.83 Collecting attrs>=23.2.0 (from trio>=0.23->anyio[trio]==4.4.0->-r requirements.txt (line 7))
#35 81.85   Downloading attrs-26.1.0-py3-none-any.whl.metadata (8.8 kB)
#35 81.95 Collecting sortedcontainers (from trio>=0.23->anyio[trio]==4.4.0->-r requirements.txt (line 7))
#35 81.98   Downloading sortedcontainers-2.4.0-py2.py3-none-any.whl.metadata (10 kB)
#35 82.24 Collecting outcome (from trio>=0.23->anyio[trio]==4.4.0->-r requirements.txt (line 7))
#35 82.25   Downloading outcome-1.3.0.post0-py2.py3-none-any.whl.metadata (2.6 kB)
#35 82.33 Collecting shellingham>=1.3.0 (from typer>=0.9.0->chromadb==0.5.5->-r requirements.txt (line 4))
#35 82.35   Downloading shellingham-1.5.4-py2.py3-none-any.whl.metadata (3.5 kB)
#35 82.71 Collecting rich>=13.8.0 (from typer>=0.9.0->chromadb==0.5.5->-r requirements.txt (line 4))
#35 82.83   Downloading rich-15.0.0-py3-none-any.whl.metadata (18 kB)
#35 83.19 Collecting annotated-doc>=0.0.2 (from typer>=0.9.0->chromadb==0.5.5->-r requirements.txt (line 4))
#35 83.24   Downloading annotated_doc-0.0.4-py3-none-any.whl.metadata (6.6 kB)
#35 83.67 Collecting joblib>=1.3.0 (from scikit-learn->sentence-transformers==3.0.1->-r requirements.txt (line 5))
#35 83.68   Downloading joblib-1.5.3-py3-none-any.whl.metadata (5.5 kB)
#35 83.84 Collecting threadpoolctl>=3.2.0 (from scikit-learn->sentence-transformers==3.0.1->-r requirements.txt (line 5))
#35 83.90   Downloading threadpoolctl-3.6.0-py3-none-any.whl.metadata (13 kB)
#35 84.24 Collecting cuda-pathfinder~=1.1 (from cuda-bindings<14,>=13.0.3->torch>=1.11.0->sentence-transformers==3.0.1->-r requirements.txt (line 5))
#35 84.26   Downloading cuda_pathfinder-1.5.4-py3-none-any.whl.metadata (1.9 kB)
#35 84.61 Collecting zipp>=3.20 (from importlib-metadata<8.8.0,>=6.0->opentelemetry-api>=1.2.0->chromadb==0.5.5->-r requirements.txt (line 4))
#35 84.63   Downloading zipp-3.23.1-py3-none-any.whl.metadata (3.6 kB)
#35 ...

#20 [computer-use internal] load build context
#20 transferring context: 567.57MB 87.1s
#20 ...

#34 [self-learning 5/6] RUN pip install --no-cache-dir -r requirements.txt
#34 91.80    Î“Ă¶ĂĽÎ“Ă¶ĂĽÎ“Ă¶ĂĽÎ“Ă¶ĂĽÎ“Ă¶ĂĽÎ“Ă¶ĂĽÎ“Ă¶ĂĽÎ“Ă¶ĂĽÎ“Ă¶ĂĽÎ“Ă¶ĂĽÎ“Ă¶ĂĽÎ“Ă¶ĂĽÎ“Ă¶ĂĽÎ“Ă¶ĂĽÎ“Ă¶ĂĽÎ“Ă¶ĂĽÎ“Ă¶ĂĽÎ“Ă¶ĂĽÎ“Ă¶ĂĽÎ“Ă¶ĂĽÎ“Ă¶ĂĽÎ“Ă¶ĂĽÎ“Ă¶ĂĽÎ“Ă¶ĂĽÎ“Ă¶ĂĽÎ“Ă¶ĂĽÎ“Ă¶ĂĽÎ“Ă¶ĂĽÎ“Ă¶ĂĽÎ“Ă¶ĂĽÎ“Ă¶ĂĽÎ“Ă¶ĂĽÎ“Ă¶ĂĽÎ“Ă¶ĂĽÎ“Ă¶ĂĽÎ“Ă¶ĂĽÎ“Ă¶ĂĽÎ“Ă¶ĂĽÎ“Ă¶ĂĽÎ“Ă¶ĂĽ 16.6/16.6 MB 518.7 kB/s eta 0:00:00
#34 91.81 Downloading sentence_transformers-5.4.1-py3-none-any.whl (571 kB)
#34 91.89    Î“Ă¶ĂĽÎ“Ă¶ĂĽÎ“Ă¶ĂĽÎ“Ă¶ĂĽÎ“Ă¶ĂĽÎ“Ă¶ĂĽÎ“Ă¶ĂĽÎ“Ă¶ĂĽÎ“Ă¶ĂĽÎ“Ă¶ĂĽÎ“Ă¶ĂĽÎ“Ă¶ĂĽÎ“Ă¶ĂĽÎ“Ă¶ĂĽÎ“Ă¶ĂĽÎ“Ă¶ĂĽÎ“Ă¶ĂĽÎ“Ă¶ĂĽÎ“Ă¶ĂĽÎ“Ă¶ĂĽÎ“Ă¶ĂĽÎ“Ă¶ĂĽÎ“Ă¶ĂĽÎ“Ă¶ĂĽÎ“Ă¶ĂĽÎ“Ă¶ĂĽÎ“Ă¶ĂĽÎ“Ă¶ĂĽÎ“Ă¶ĂĽÎ“Ă¶ĂĽÎ“Ă¶ĂĽÎ“Ă¶ĂĽÎ“Ă¶ĂĽÎ“Ă¶ĂĽÎ“Ă¶ĂĽÎ“Ă¶ĂĽÎ“Ă¶ĂĽÎ“Ă¶ĂĽÎ“Ă¶ĂĽÎ“Ă¶ĂĽ 571.3/571.3 kB 7.5 MB/s eta 0:00:00
#34 91.91 Downloading pytest-9.0.3-py3-none-any.whl (375 kB)
#34 91.98 Downloading pytest_asyncio-1.3.0-py3-none-any.whl (15 kB)
#34 92.00 Downloading annotated_doc-0.0.4-py3-none-any.whl (5.3 kB)
#34 92.03 Downloading click-8.3.3-py3-none-any.whl (110 kB)
#34 92.06 Downloading h11-0.16.0-py3-none-any.whl (37 kB)
#34 92.08 Downloading httptools-0.7.1-cp312-cp312-manylinux1_x86_64.manylinux_2_28_x86_64.manylinux_2_5_x86_64.whl (517 kB)
#34 92.14 Downloading huggingface_hub-1.14.0-py3-none-any.whl (661 kB)
#34 92.22    Î“Ă¶ĂĽÎ“Ă¶ĂĽÎ“Ă¶ĂĽÎ“Ă¶ĂĽÎ“Ă¶ĂĽÎ“Ă¶ĂĽÎ“Ă¶ĂĽÎ“Ă¶ĂĽÎ“Ă¶ĂĽÎ“Ă¶ĂĽÎ“Ă¶ĂĽÎ“Ă¶ĂĽÎ“Ă¶ĂĽÎ“Ă¶ĂĽÎ“Ă¶ĂĽÎ“Ă¶ĂĽÎ“Ă¶ĂĽÎ“Ă¶ĂĽÎ“Ă¶ĂĽÎ“Ă¶ĂĽÎ“Ă¶ĂĽÎ“Ă¶ĂĽÎ“Ă¶ĂĽÎ“Ă¶ĂĽÎ“Ă¶ĂĽÎ“Ă¶ĂĽÎ“Ă¶ĂĽÎ“Ă¶ĂĽÎ“Ă¶ĂĽÎ“Ă¶ĂĽÎ“Ă¶ĂĽÎ“Ă¶ĂĽÎ“Ă¶ĂĽÎ“Ă¶ĂĽÎ“Ă¶ĂĽÎ“Ă¶ĂĽÎ“Ă¶ĂĽÎ“Ă¶ĂĽÎ“Ă¶ĂĽÎ“Ă¶ĂĽ 661.5/661.5 kB 8.3 MB/s eta 0:00:00
#34 92.24 Downloading iniconfig-2.3.0-py3-none-any.whl (7.5 kB)
#34 92.25 Downloading packaging-26.2-py3-none-any.whl (100 kB)
#34 92.27 Downloading pluggy-1.6.0-py3-none-any.whl (20 kB)
#34 92.29 Downloading pydantic-2.13.4-py3-none-any.whl (472 kB)
#34 92.37 Downloading pydantic_core-2.46.4-cp312-cp312-manylinux_2_17_x86_64.manylinux2014_x86_64.whl (2.1 MB)
#34 92.59    Î“Ă¶ĂĽÎ“Ă¶ĂĽÎ“Ă¶ĂĽÎ“Ă¶ĂĽÎ“Ă¶ĂĽÎ“Ă¶ĂĽÎ“Ă¶ĂĽÎ“Ă¶ĂĽÎ“Ă¶ĂĽÎ“Ă¶ĂĽÎ“Ă¶ĂĽÎ“Ă¶ĂĽÎ“Ă¶ĂĽÎ“Ă¶ĂĽÎ“Ă¶ĂĽÎ“Ă¶ĂĽÎ“Ă¶ĂĽÎ“Ă¶ĂĽÎ“Ă¶ĂĽÎ“Ă¶ĂĽÎ“Ă¶ĂĽÎ“Ă¶ĂĽÎ“Ă¶ĂĽÎ“Ă¶ĂĽÎ“Ă¶ĂĽÎ“Ă¶ĂĽÎ“Ă¶ĂĽÎ“Ă¶ĂĽÎ“Ă¶ĂĽÎ“Ă¶ĂĽÎ“Ă¶ĂĽÎ“Ă¶ĂĽÎ“Ă¶ĂĽÎ“Ă¶ĂĽÎ“Ă¶ĂĽÎ“Ă¶ĂĽÎ“Ă¶ĂĽÎ“Ă¶ĂĽÎ“Ă¶ĂĽÎ“Ă¶ĂĽ 2.1/2.1 MB 9.5 MB/s eta 0:00:00
#34 92.60 Downloading pygments-2.20.0-py3-none-any.whl (1.2 MB)
#34 92.77    Î“Ă¶ĂĽÎ“Ă¶ĂĽÎ“Ă¶ĂĽÎ“Ă¶ĂĽÎ“Ă¶ĂĽÎ“Ă¶ĂĽÎ“Ă¶ĂĽÎ“Ă¶ĂĽÎ“Ă¶ĂĽÎ“Ă¶ĂĽÎ“Ă¶ĂĽÎ“Ă¶ĂĽÎ“Ă¶ĂĽÎ“Ă¶ĂĽÎ“Ă¶ĂĽÎ“Ă¶ĂĽÎ“Ă¶ĂĽÎ“Ă¶ĂĽÎ“Ă¶ĂĽÎ“Ă¶ĂĽÎ“Ă¶ĂĽÎ“Ă¶ĂĽÎ“Ă¶ĂĽÎ“Ă¶ĂĽÎ“Ă¶ĂĽÎ“Ă¶ĂĽÎ“Ă¶ĂĽÎ“Ă¶ĂĽÎ“Ă¶ĂĽÎ“Ă¶ĂĽÎ“Ă¶ĂĽÎ“Ă¶ĂĽÎ“Ă¶ĂĽÎ“Ă¶ĂĽÎ“Ă¶ĂĽÎ“Ă¶ĂĽÎ“Ă¶ĂĽÎ“Ă¶ĂĽÎ“Ă¶ĂĽÎ“Ă¶ĂĽ 1.2/1.2 MB 8.0 MB/s eta 0:00:00
#34 92.79 Downloading python_dotenv-1.2.2-py3-none-any.whl (22 kB)
#34 92.80 Downloading pyyaml-6.0.3-cp312-cp312-manylinux2014_x86_64.manylinux_2_17_x86_64.manylinux_2_28_x86_64.whl (807 kB)
#34 92.90    Î“Ă¶ĂĽÎ“Ă¶ĂĽÎ“Ă¶ĂĽÎ“Ă¶ĂĽÎ“Ă¶ĂĽÎ“Ă¶ĂĽÎ“Ă¶ĂĽÎ“Ă¶ĂĽÎ“Ă¶ĂĽÎ“Ă¶ĂĽÎ“Ă¶ĂĽÎ“Ă¶ĂĽÎ“Ă¶ĂĽÎ“Ă¶ĂĽÎ“Ă¶ĂĽÎ“Ă¶ĂĽÎ“Ă¶ĂĽÎ“Ă¶ĂĽÎ“Ă¶ĂĽÎ“Ă¶ĂĽÎ“Ă¶ĂĽÎ“Ă¶ĂĽÎ“Ă¶ĂĽÎ“Ă¶ĂĽÎ“Ă¶ĂĽÎ“Ă¶ĂĽÎ“Ă¶ĂĽÎ“Ă¶ĂĽÎ“Ă¶ĂĽÎ“Ă¶ĂĽÎ“Ă¶ĂĽÎ“Ă¶ĂĽÎ“Ă¶ĂĽÎ“Ă¶ĂĽÎ“Ă¶ĂĽÎ“Ă¶ĂĽÎ“Ă¶ĂĽÎ“Ă¶ĂĽÎ“Ă¶ĂĽÎ“Ă¶ĂĽ 807.9/807.9 kB 8.8 MB/s eta 0:00:00
#34 92.93 Downloading scikit_learn-1.8.0-cp312-cp312-manylinux_2_27_x86_64.manylinux_2_28_x86_64.whl (8.9 MB)
#34 93.85    Î“Ă¶ĂĽÎ“Ă¶ĂĽÎ“Ă¶ĂĽÎ“Ă¶ĂĽÎ“Ă¶ĂĽÎ“Ă¶ĂĽÎ“Ă¶ĂĽÎ“Ă¶ĂĽÎ“Ă¶ĂĽÎ“Ă¶ĂĽÎ“Ă¶ĂĽÎ“Ă¶ĂĽÎ“Ă¶ĂĽÎ“Ă¶ĂĽÎ“Ă¶ĂĽÎ“Ă¶ĂĽÎ“Ă¶ĂĽÎ“Ă¶ĂĽÎ“Ă¶ĂĽÎ“Ă¶ĂĽÎ“Ă¶ĂĽÎ“Ă¶ĂĽÎ“Ă¶ĂĽÎ“Ă¶ĂĽÎ“Ă¶ĂĽÎ“Ă¶ĂĽÎ“Ă¶ĂĽÎ“Ă¶ĂĽÎ“Ă¶ĂĽÎ“Ă¶ĂĽÎ“Ă¶ĂĽÎ“Ă¶ĂĽÎ“Ă¶ĂĽÎ“Ă¶ĂĽÎ“Ă¶ĂĽÎ“Ă¶ĂĽÎ“Ă¶ĂĽÎ“Ă¶ĂĽÎ“Ă¶ĂĽÎ“Ă¶ĂĽ 8.9/8.9 MB 9.8 MB/s eta 0:00:00
#34 93.87 Downloading scipy-1.17.1-cp312-cp312-manylinux_2_27_x86_64.manylinux_2_28_x86_64.whl (35.2 MB)
#34 ...

#35 [kryos-swarm 4/5] RUN pip install --no-cache-dir -r requirements.txt
#35 85.80 Collecting charset_normalizer<4,>=2 (from requests->kubernetes>=28.1.0->chromadb==0.5.5->-r requirements.txt (line 4))
#35 85.83   Downloading charset_normalizer-3.4.7-cp311-cp311-manylinux2014_x86_64.manylinux_2_17_x86_64.manylinux_2_28_x86_64.whl.metadata (40 kB)
#35 86.07      Î“Ă¶ĂĽÎ“Ă¶ĂĽÎ“Ă¶ĂĽÎ“Ă¶ĂĽÎ“Ă¶ĂĽÎ“Ă¶ĂĽÎ“Ă¶ĂĽÎ“Ă¶ĂĽÎ“Ă¶ĂĽÎ“Ă¶ĂĽÎ“Ă¶ĂĽÎ“Ă¶ĂĽÎ“Ă¶ĂĽÎ“Ă¶ĂĽÎ“Ă¶ĂĽÎ“Ă¶ĂĽÎ“Ă¶ĂĽÎ“Ă¶ĂĽÎ“Ă¶ĂĽÎ“Ă¶ĂĽÎ“Ă¶ĂĽÎ“Ă¶ĂĽÎ“Ă¶ĂĽÎ“Ă¶ĂĽÎ“Ă¶ĂĽÎ“Ă¶ĂĽÎ“Ă¶ĂĽÎ“Ă¶ĂĽÎ“Ă¶ĂĽÎ“Ă¶ĂĽÎ“Ă¶ĂĽÎ“Ă¶ĂĽÎ“Ă¶ĂĽÎ“Ă¶ĂĽÎ“Ă¶ĂĽÎ“Ă¶ĂĽÎ“Ă¶ĂĽÎ“Ă¶ĂĽÎ“Ă¶ĂĽ 40.9/40.9 kB 427.2 kB/s eta 0:00:00
#35 86.21 Collecting markdown-it-py>=2.2.0 (from rich>=13.8.0->typer>=0.9.0->chromadb==0.5.5->-r requirements.txt (line 4))
#35 86.23   Downloading markdown_it_py-4.2.0-py3-none-any.whl.metadata (7.4 kB)
#35 86.49 Collecting pygments<3.0.0,>=2.13.0 (from rich>=13.8.0->typer>=0.9.0->chromadb==0.5.5->-r requirements.txt (line 4))
#35 86.52   Downloading pygments-2.20.0-py3-none-any.whl.metadata (2.5 kB)
#35 86.84 Collecting mpmath<1.4,>=1.1.0 (from sympy>=1.13.3->torch>=1.11.0->sentence-transformers==3.0.1->-r requirements.txt (line 5))
#35 86.87   Downloading mpmath-1.3.0-py3-none-any.whl.metadata (8.6 kB)
#35 87.21 Collecting oauthlib>=3.0.0 (from requests-oauthlib->kubernetes>=28.1.0->chromadb==0.5.5->-r requirements.txt (line 4))
#35 87.23   Downloading oauthlib-3.3.1-py3-none-any.whl.metadata (7.9 kB)
#35 87.43 Collecting mdurl~=0.1 (from markdown-it-py>=2.2.0->rich>=13.8.0->typer>=0.9.0->chromadb==0.5.5->-r requirements.txt (line 4))
#35 87.45   Downloading mdurl-0.1.2-py3-none-any.whl.metadata (1.6 kB)
#35 87.64 Downloading fastapi-0.111.1-py3-none-any.whl (92 kB)
#35 88.06    Î“Ă¶ĂĽÎ“Ă¶ĂĽÎ“Ă¶ĂĽÎ“Ă¶ĂĽÎ“Ă¶ĂĽÎ“Ă¶ĂĽÎ“Ă¶ĂĽÎ“Ă¶ĂĽÎ“Ă¶ĂĽÎ“Ă¶ĂĽÎ“Ă¶ĂĽÎ“Ă¶ĂĽÎ“Ă¶ĂĽÎ“Ă¶ĂĽÎ“Ă¶ĂĽÎ“Ă¶ĂĽÎ“Ă¶ĂĽÎ“Ă¶ĂĽÎ“Ă¶ĂĽÎ“Ă¶ĂĽÎ“Ă¶ĂĽÎ“Ă¶ĂĽÎ“Ă¶ĂĽÎ“Ă¶ĂĽÎ“Ă¶ĂĽÎ“Ă¶ĂĽÎ“Ă¶ĂĽÎ“Ă¶ĂĽÎ“Ă¶ĂĽÎ“Ă¶ĂĽÎ“Ă¶ĂĽÎ“Ă¶ĂĽÎ“Ă¶ĂĽÎ“Ă¶ĂĽÎ“Ă¶ĂĽÎ“Ă¶ĂĽÎ“Ă¶ĂĽÎ“Ă¶ĂĽÎ“Ă¶ĂĽÎ“Ă¶ĂĽ 92.2/92.2 kB 368.7 kB/s eta 0:00:00
#35 88.10 Downloading uvicorn-0.30.1-py3-none-any.whl (62 kB)
#35 88.27    Î“Ă¶ĂĽÎ“Ă¶ĂĽÎ“Ă¶ĂĽÎ“Ă¶ĂĽÎ“Ă¶ĂĽÎ“Ă¶ĂĽÎ“Ă¶ĂĽÎ“Ă¶ĂĽÎ“Ă¶ĂĽÎ“Ă¶ĂĽÎ“Ă¶ĂĽÎ“Ă¶ĂĽÎ“Ă¶ĂĽÎ“Ă¶ĂĽÎ“Ă¶ĂĽÎ“Ă¶ĂĽÎ“Ă¶ĂĽÎ“Ă¶ĂĽÎ“Ă¶ĂĽÎ“Ă¶ĂĽÎ“Ă¶ĂĽÎ“Ă¶ĂĽÎ“Ă¶ĂĽÎ“Ă¶ĂĽÎ“Ă¶ĂĽÎ“Ă¶ĂĽÎ“Ă¶ĂĽÎ“Ă¶ĂĽÎ“Ă¶ĂĽÎ“Ă¶ĂĽÎ“Ă¶ĂĽÎ“Ă¶ĂĽÎ“Ă¶ĂĽÎ“Ă¶ĂĽÎ“Ă¶ĂĽÎ“Ă¶ĂĽÎ“Ă¶ĂĽÎ“Ă¶ĂĽÎ“Ă¶ĂĽÎ“Ă¶ĂĽ 62.4/62.4 kB 370.1 kB/s eta 0:00:00
#35 88.29 Downloading httpx-0.27.0-py3-none-any.whl (75 kB)
#35 88.56    Î“Ă¶ĂĽÎ“Ă¶ĂĽÎ“Ă¶ĂĽÎ“Ă¶ĂĽÎ“Ă¶ĂĽÎ“Ă¶ĂĽÎ“Ă¶ĂĽÎ“Ă¶ĂĽÎ“Ă¶ĂĽÎ“Ă¶ĂĽÎ“Ă¶ĂĽÎ“Ă¶ĂĽÎ“Ă¶ĂĽÎ“Ă¶ĂĽÎ“Ă¶ĂĽÎ“Ă¶ĂĽÎ“Ă¶ĂĽÎ“Ă¶ĂĽÎ“Ă¶ĂĽÎ“Ă¶ĂĽÎ“Ă¶ĂĽÎ“Ă¶ĂĽÎ“Ă¶ĂĽÎ“Ă¶ĂĽÎ“Ă¶ĂĽÎ“Ă¶ĂĽÎ“Ă¶ĂĽÎ“Ă¶ĂĽÎ“Ă¶ĂĽÎ“Ă¶ĂĽÎ“Ă¶ĂĽÎ“Ă¶ĂĽÎ“Ă¶ĂĽÎ“Ă¶ĂĽÎ“Ă¶ĂĽÎ“Ă¶ĂĽÎ“Ă¶ĂĽÎ“Ă¶ĂĽÎ“Ă¶ĂĽÎ“Ă¶ĂĽ 75.6/75.6 kB 326.3 kB/s eta 0:00:00
#35 88.61 Downloading chromadb-0.5.5-py3-none-any.whl (584 kB)
#35 89.18    Î“Ă¶ĂĽÎ“Ă¶ĂĽÎ“Ă¶ĂĽÎ“Ă¶ĂĽÎ“Ă¶ĂĽÎ“Ă¶ĂĽÎ“Ă¶ĂĽÎ“Ă¶ĂĽÎ“Ă¶ĂĽÎ“Ă¶ĂĽÎ“Ă¶ĂĽÎ“Ă¶ĂĽÎ“Ă¶ĂĽÎ“Ă¶ĂĽÎ“Ă¶ĂĽÎ“Ă¶ĂĽÎ“Ă¶ĂĽÎ“Ă¶ĂĽÎ“Ă¶ĂĽÎ“Ă¶ĂĽÎ“Ă¶ĂĽÎ“Ă¶ĂĽÎ“Ă¶ĂĽÎ“Ă¶ĂĽÎ“Ă¶ĂĽÎ“Ă¶ĂĽÎ“Ă¶ĂĽÎ“Ă¶ĂĽÎ“Ă¶ĂĽÎ“Ă¶ĂĽÎ“Ă¶ĂĽÎ“Ă¶ĂĽÎ“Ă¶ĂĽÎ“Ă¶ĂĽÎ“Ă¶ĂĽÎ“Ă¶ĂĽÎ“Ă¶ĂĽÎ“Ă¶ĂĽÎ“Ă¶ĂĽ 584.3/584.3 kB 334.6 kB/s eta 0:00:00
#35 89.21 Downloading sentence_transformers-3.0.1-py3-none-any.whl (227 kB)
#35 89.61    Î“Ă¶ĂĽÎ“Ă¶ĂĽÎ“Ă¶ĂĽÎ“Ă¶ĂĽÎ“Ă¶ĂĽÎ“Ă¶ĂĽÎ“Ă¶ĂĽÎ“Ă¶ĂĽÎ“Ă¶ĂĽÎ“Ă¶ĂĽÎ“Ă¶ĂĽÎ“Ă¶ĂĽÎ“Ă¶ĂĽÎ“Ă¶ĂĽÎ“Ă¶ĂĽÎ“Ă¶ĂĽÎ“Ă¶ĂĽÎ“Ă¶ĂĽÎ“Ă¶ĂĽÎ“Ă¶ĂĽÎ“Ă¶ĂĽÎ“Ă¶ĂĽÎ“Ă¶ĂĽÎ“Ă¶ĂĽÎ“Ă¶ĂĽÎ“Ă¶ĂĽÎ“Ă¶ĂĽÎ“Ă¶ĂĽÎ“Ă¶ĂĽÎ“Ă¶ĂĽÎ“Ă¶ĂĽÎ“Ă¶ĂĽÎ“Ă¶ĂĽÎ“Ă¶ĂĽÎ“Ă¶ĂĽÎ“Ă¶ĂĽÎ“Ă¶ĂĽÎ“Ă¶ĂĽÎ“Ă¶ĂĽ 227.1/227.1 kB 549.3 kB/s eta 0:00:00
#35 89.63 Downloading pydantic-2.7.4-py3-none-any.whl (409 kB)
#35 90.03    Î“Ă¶ĂĽÎ“Ă¶ĂĽÎ“Ă¶ĂĽÎ“Ă¶ĂĽÎ“Ă¶ĂĽÎ“Ă¶ĂĽÎ“Ă¶ĂĽÎ“Ă¶ĂĽÎ“Ă¶ĂĽÎ“Ă¶ĂĽÎ“Ă¶ĂĽÎ“Ă¶ĂĽÎ“Ă¶ĂĽÎ“Ă¶ĂĽÎ“Ă¶ĂĽÎ“Ă¶ĂĽÎ“Ă¶ĂĽÎ“Ă¶ĂĽÎ“Ă¶ĂĽÎ“Ă¶ĂĽÎ“Ă¶ĂĽÎ“Ă¶ĂĽÎ“Ă¶ĂĽÎ“Ă¶ĂĽÎ“Ă¶ĂĽÎ“Ă¶ĂĽÎ“Ă¶ĂĽÎ“Ă¶ĂĽÎ“Ă¶ĂĽÎ“Ă¶ĂĽÎ“Ă¶ĂĽÎ“Ă¶ĂĽÎ“Ă¶ĂĽÎ“Ă¶ĂĽÎ“Ă¶ĂĽÎ“Ă¶ĂĽÎ“Ă¶ĂĽÎ“Ă¶ĂĽÎ“Ă¶ĂĽÎ“Ă¶ĂĽ 409.0/409.0 kB 1.0 MB/s eta 0:00:00
#35 90.04 Downloading anyio-4.4.0-py3-none-any.whl (86 kB)
#35 90.07    Î“Ă¶ĂĽÎ“Ă¶ĂĽÎ“Ă¶ĂĽÎ“Ă¶ĂĽÎ“Ă¶ĂĽÎ“Ă¶ĂĽÎ“Ă¶ĂĽÎ“Ă¶ĂĽÎ“Ă¶ĂĽÎ“Ă¶ĂĽÎ“Ă¶ĂĽÎ“Ă¶ĂĽÎ“Ă¶ĂĽÎ“Ă¶ĂĽÎ“Ă¶ĂĽÎ“Ă¶ĂĽÎ“Ă¶ĂĽÎ“Ă¶ĂĽÎ“Ă¶ĂĽÎ“Ă¶ĂĽÎ“Ă¶ĂĽÎ“Ă¶ĂĽÎ“Ă¶ĂĽÎ“Ă¶ĂĽÎ“Ă¶ĂĽÎ“Ă¶ĂĽÎ“Ă¶ĂĽÎ“Ă¶ĂĽÎ“Ă¶ĂĽÎ“Ă¶ĂĽÎ“Ă¶ĂĽÎ“Ă¶ĂĽÎ“Ă¶ĂĽÎ“Ă¶ĂĽÎ“Ă¶ĂĽÎ“Ă¶ĂĽÎ“Ă¶ĂĽÎ“Ă¶ĂĽÎ“Ă¶ĂĽÎ“Ă¶ĂĽ 86.8/86.8 kB 3.7 MB/s eta 0:00:00
#35 90.08 Downloading pytest-8.2.2-py3-none-any.whl (339 kB)
#35 90.16    Î“Ă¶ĂĽÎ“Ă¶ĂĽÎ“Ă¶ĂĽÎ“Ă¶ĂĽÎ“Ă¶ĂĽÎ“Ă¶ĂĽÎ“Ă¶ĂĽÎ“Ă¶ĂĽÎ“Ă¶ĂĽÎ“Ă¶ĂĽÎ“Ă¶ĂĽÎ“Ă¶ĂĽÎ“Ă¶ĂĽÎ“Ă¶ĂĽÎ“Ă¶ĂĽÎ“Ă¶ĂĽÎ“Ă¶ĂĽÎ“Ă¶ĂĽÎ“Ă¶ĂĽÎ“Ă¶ĂĽÎ“Ă¶ĂĽÎ“Ă¶ĂĽÎ“Ă¶ĂĽÎ“Ă¶ĂĽÎ“Ă¶ĂĽÎ“Ă¶ĂĽÎ“Ă¶ĂĽÎ“Ă¶ĂĽÎ“Ă¶ĂĽÎ“Ă¶ĂĽÎ“Ă¶ĂĽÎ“Ă¶ĂĽÎ“Ă¶ĂĽÎ“Ă¶ĂĽÎ“Ă¶ĂĽÎ“Ă¶ĂĽÎ“Ă¶ĂĽÎ“Ă¶ĂĽÎ“Ă¶ĂĽÎ“Ă¶ĂĽ 339.9/339.9 kB 4.2 MB/s eta 0:00:00
#35 90.18 Downloading pytest_anyio-0.0.0-py2.py3-none-any.whl (2.0 kB)
#35 90.19 Downloading respx-0.21.1-py2.py3-none-any.whl (25 kB)
#35 90.21 Downloading chroma_hnswlib-0.7.6-cp311-cp311-manylinux_2_17_x86_64.manylinux2014_x86_64.whl (2.4 MB)
#35 90.60    Î“Ă¶ĂĽÎ“Ă¶ĂĽÎ“Ă¶ĂĽÎ“Ă¶ĂĽÎ“Ă¶ĂĽÎ“Ă¶ĂĽÎ“Ă¶ĂĽÎ“Ă¶ĂĽÎ“Ă¶ĂĽÎ“Ă¶ĂĽÎ“Ă¶ĂĽÎ“Ă¶ĂĽÎ“Ă¶ĂĽÎ“Ă¶ĂĽÎ“Ă¶ĂĽÎ“Ă¶ĂĽÎ“Ă¶ĂĽÎ“Ă¶ĂĽÎ“Ă¶ĂĽÎ“Ă¶ĂĽÎ“Ă¶ĂĽÎ“Ă¶ĂĽÎ“Ă¶ĂĽÎ“Ă¶ĂĽÎ“Ă¶ĂĽÎ“Ă¶ĂĽÎ“Ă¶ĂĽÎ“Ă¶ĂĽÎ“Ă¶ĂĽÎ“Ă¶ĂĽÎ“Ă¶ĂĽÎ“Ă¶ĂĽÎ“Ă¶ĂĽÎ“Ă¶ĂĽÎ“Ă¶ĂĽÎ“Ă¶ĂĽÎ“Ă¶ĂĽÎ“Ă¶ĂĽÎ“Ă¶ĂĽÎ“Ă¶ĂĽ 2.4/2.4 MB 6.2 MB/s eta 0:00:00
#35 90.62 Downloading httpcore-1.0.9-py3-none-any.whl (78 kB)
#35 90.63    Î“Ă¶ĂĽÎ“Ă¶ĂĽÎ“Ă¶ĂĽÎ“Ă¶ĂĽÎ“Ă¶ĂĽÎ“Ă¶ĂĽÎ“Ă¶ĂĽÎ“Ă¶ĂĽÎ“Ă¶ĂĽÎ“Ă¶ĂĽÎ“Ă¶ĂĽÎ“Ă¶ĂĽÎ“Ă¶ĂĽÎ“Ă¶ĂĽÎ“Ă¶ĂĽÎ“Ă¶ĂĽÎ“Ă¶ĂĽÎ“Ă¶ĂĽÎ“Ă¶ĂĽÎ“Ă¶ĂĽÎ“Ă¶ĂĽÎ“Ă¶ĂĽÎ“Ă¶ĂĽÎ“Ă¶ĂĽÎ“Ă¶ĂĽÎ“Ă¶ĂĽÎ“Ă¶ĂĽÎ“Ă¶ĂĽÎ“Ă¶ĂĽÎ“Ă¶ĂĽÎ“Ă¶ĂĽÎ“Ă¶ĂĽÎ“Ă¶ĂĽÎ“Ă¶ĂĽÎ“Ă¶ĂĽÎ“Ă¶ĂĽÎ“Ă¶ĂĽÎ“Ă¶ĂĽÎ“Ă¶ĂĽÎ“Ă¶ĂĽ 78.8/78.8 kB 6.2 MB/s eta 0:00:00
#35 90.64 Downloading pydantic_core-2.18.4-cp311-cp311-manylinux_2_17_x86_64.manylinux2014_x86_64.whl (2.0 MB)
#35 90.89    Î“Ă¶ĂĽÎ“Ă¶ĂĽÎ“Ă¶ĂĽÎ“Ă¶ĂĽÎ“Ă¶ĂĽÎ“Ă¶ĂĽÎ“Ă¶ĂĽÎ“Ă¶ĂĽÎ“Ă¶ĂĽÎ“Ă¶ĂĽÎ“Ă¶ĂĽÎ“Ă¶ĂĽÎ“Ă¶ĂĽÎ“Ă¶ĂĽÎ“Ă¶ĂĽÎ“Ă¶ĂĽÎ“Ă¶ĂĽÎ“Ă¶ĂĽÎ“Ă¶ĂĽÎ“Ă¶ĂĽÎ“Ă¶ĂĽÎ“Ă¶ĂĽÎ“Ă¶ĂĽÎ“Ă¶ĂĽÎ“Ă¶ĂĽÎ“Ă¶ĂĽÎ“Ă¶ĂĽÎ“Ă¶ĂĽÎ“Ă¶ĂĽÎ“Ă¶ĂĽÎ“Ă¶ĂĽÎ“Ă¶ĂĽÎ“Ă¶ĂĽÎ“Ă¶ĂĽÎ“Ă¶ĂĽÎ“Ă¶ĂĽÎ“Ă¶ĂĽÎ“Ă¶ĂĽÎ“Ă¶ĂĽÎ“Ă¶ĂĽ 2.0/2.0 MB 8.3 MB/s eta 0:00:00
#35 90.91 Downloading cryptography-48.0.0-cp311-abi3-manylinux_2_34_x86_64.whl (4.7 MB)
#35 91.44    Î“Ă¶ĂĽÎ“Ă¶ĂĽÎ“Ă¶ĂĽÎ“Ă¶ĂĽÎ“Ă¶ĂĽÎ“Ă¶ĂĽÎ“Ă¶ĂĽÎ“Ă¶ĂĽÎ“Ă¶ĂĽÎ“Ă¶ĂĽÎ“Ă¶ĂĽÎ“Ă¶ĂĽÎ“Ă¶ĂĽÎ“Ă¶ĂĽÎ“Ă¶ĂĽÎ“Ă¶ĂĽÎ“Ă¶ĂĽÎ“Ă¶ĂĽÎ“Ă¶ĂĽÎ“Ă¶ĂĽÎ“Ă¶ĂĽÎ“Ă¶ĂĽÎ“Ă¶ĂĽÎ“Ă¶ĂĽÎ“Ă¶ĂĽÎ“Ă¶ĂĽÎ“Ă¶ĂĽÎ“Ă¶ĂĽÎ“Ă¶ĂĽÎ“Ă¶ĂĽÎ“Ă¶ĂĽÎ“Ă¶ĂĽÎ“Ă¶ĂĽÎ“Ă¶ĂĽÎ“Ă¶ĂĽÎ“Ă¶ĂĽÎ“Ă¶ĂĽÎ“Ă¶ĂĽÎ“Ă¶ĂĽÎ“Ă¶ĂĽ 4.7/4.7 MB 9.1 MB/s eta 0:00:00
#35 91.45 Downloading annotated_types-0.7.0-py3-none-any.whl (13 kB)
#35 91.46 Downloading bcrypt-5.0.0-cp39-abi3-manylinux_2_34_x86_64.whl (278 kB)
#35 91.49    Î“Ă¶ĂĽÎ“Ă¶ĂĽÎ“Ă¶ĂĽÎ“Ă¶ĂĽÎ“Ă¶ĂĽÎ“Ă¶ĂĽÎ“Ă¶ĂĽÎ“Ă¶ĂĽÎ“Ă¶ĂĽÎ“Ă¶ĂĽÎ“Ă¶ĂĽÎ“Ă¶ĂĽÎ“Ă¶ĂĽÎ“Ă¶ĂĽÎ“Ă¶ĂĽÎ“Ă¶ĂĽÎ“Ă¶ĂĽÎ“Ă¶ĂĽÎ“Ă¶ĂĽÎ“Ă¶ĂĽÎ“Ă¶ĂĽÎ“Ă¶ĂĽÎ“Ă¶ĂĽÎ“Ă¶ĂĽÎ“Ă¶ĂĽÎ“Ă¶ĂĽÎ“Ă¶ĂĽÎ“Ă¶ĂĽÎ“Ă¶ĂĽÎ“Ă¶ĂĽÎ“Ă¶ĂĽÎ“Ă¶ĂĽÎ“Ă¶ĂĽÎ“Ă¶ĂĽÎ“Ă¶ĂĽÎ“Ă¶ĂĽÎ“Ă¶ĂĽÎ“Ă¶ĂĽÎ“Ă¶ĂĽÎ“Ă¶ĂĽ 278.2/278.2 kB 10.4 MB/s eta 0:00:00
#35 91.51 Downloading build-1.5.0-py3-none-any.whl (26 kB)
#35 91.53 Downloading cffi-2.0.0-cp311-cp311-manylinux2014_x86_64.manylinux_2_17_x86_64.whl (215 kB)
#35 91.55    Î“Ă¶ĂĽÎ“Ă¶ĂĽÎ“Ă¶ĂĽÎ“Ă¶ĂĽÎ“Ă¶ĂĽÎ“Ă¶ĂĽÎ“Ă¶ĂĽÎ“Ă¶ĂĽÎ“Ă¶ĂĽÎ“Ă¶ĂĽÎ“Ă¶ĂĽÎ“Ă¶ĂĽÎ“Ă¶ĂĽÎ“Ă¶ĂĽÎ“Ă¶ĂĽÎ“Ă¶ĂĽÎ“Ă¶ĂĽÎ“Ă¶ĂĽÎ“Ă¶ĂĽÎ“Ă¶ĂĽÎ“Ă¶ĂĽÎ“Ă¶ĂĽÎ“Ă¶ĂĽÎ“Ă¶ĂĽÎ“Ă¶ĂĽÎ“Ă¶ĂĽÎ“Ă¶ĂĽÎ“Ă¶ĂĽÎ“Ă¶ĂĽÎ“Ă¶ĂĽÎ“Ă¶ĂĽÎ“Ă¶ĂĽÎ“Ă¶ĂĽÎ“Ă¶ĂĽÎ“Ă¶ĂĽÎ“Ă¶ĂĽÎ“Ă¶ĂĽÎ“Ă¶ĂĽÎ“Ă¶ĂĽÎ“Ă¶ĂĽ 215.6/215.6 kB 9.4 MB/s eta 0:00:00
#35 91.57 Downloading click-8.3.3-py3-none-any.whl (110 kB)
#35 91.58    Î“Ă¶ĂĽÎ“Ă¶ĂĽÎ“Ă¶ĂĽÎ“Ă¶ĂĽÎ“Ă¶ĂĽÎ“Ă¶ĂĽÎ“Ă¶ĂĽÎ“Ă¶ĂĽÎ“Ă¶ĂĽÎ“Ă¶ĂĽÎ“Ă¶ĂĽÎ“Ă¶ĂĽÎ“Ă¶ĂĽÎ“Ă¶ĂĽÎ“Ă¶ĂĽÎ“Ă¶ĂĽÎ“Ă¶ĂĽÎ“Ă¶ĂĽÎ“Ă¶ĂĽÎ“Ă¶ĂĽÎ“Ă¶ĂĽÎ“Ă¶ĂĽÎ“Ă¶ĂĽÎ“Ă¶ĂĽÎ“Ă¶ĂĽÎ“Ă¶ĂĽÎ“Ă¶ĂĽÎ“Ă¶ĂĽÎ“Ă¶ĂĽÎ“Ă¶ĂĽÎ“Ă¶ĂĽÎ“Ă¶ĂĽÎ“Ă¶ĂĽÎ“Ă¶ĂĽÎ“Ă¶ĂĽÎ“Ă¶ĂĽÎ“Ă¶ĂĽÎ“Ă¶ĂĽÎ“Ă¶ĂĽÎ“Ă¶ĂĽ 110.5/110.5 kB 9.3 MB/s eta 0:00:00
#35 91.59 Downloading email_validator-2.3.0-py3-none-any.whl (35 kB)
#35 91.61 Downloading fastapi_cli-0.0.24-py3-none-any.whl (12 kB)
#35 91.63 Downloading grpcio-1.80.0-cp311-cp311-manylinux2014_x86_64.manylinux_2_17_x86_64.whl (6.8 MB)
#35 92.34    Î“Ă¶ĂĽÎ“Ă¶ĂĽÎ“Ă¶ĂĽÎ“Ă¶ĂĽÎ“Ă¶ĂĽÎ“Ă¶ĂĽÎ“Ă¶ĂĽÎ“Ă¶ĂĽÎ“Ă¶ĂĽÎ“Ă¶ĂĽÎ“Ă¶ĂĽÎ“Ă¶ĂĽÎ“Ă¶ĂĽÎ“Ă¶ĂĽÎ“Ă¶ĂĽÎ“Ă¶ĂĽÎ“Ă¶ĂĽÎ“Ă¶ĂĽÎ“Ă¶ĂĽÎ“Ă¶ĂĽÎ“Ă¶ĂĽÎ“Ă¶ĂĽÎ“Ă¶ĂĽÎ“Ă¶ĂĽÎ“Ă¶ĂĽÎ“Ă¶ĂĽÎ“Ă¶ĂĽÎ“Ă¶ĂĽÎ“Ă¶ĂĽÎ“Ă¶ĂĽÎ“Ă¶ĂĽÎ“Ă¶ĂĽÎ“Ă¶ĂĽÎ“Ă¶ĂĽÎ“Ă¶ĂĽÎ“Ă¶ĂĽÎ“Ă¶ĂĽÎ“Ă¶ĂĽÎ“Ă¶ĂĽÎ“Ă¶ĂĽ 6.8/6.8 MB 9.7 MB/s eta 0:00:00
#35 92.35 Downloading h11-0.16.0-py3-none-any.whl (37 kB)
#35 92.37 Downloading httptools-0.7.1-cp311-cp311-manylinux1_x86_64.manylinux_2_28_x86_64.manylinux_2_5_x86_64.whl (456 kB)
#35 92.43    Î“Ă¶ĂĽÎ“Ă¶ĂĽÎ“Ă¶ĂĽÎ“Ă¶ĂĽÎ“Ă¶ĂĽÎ“Ă¶ĂĽÎ“Ă¶ĂĽÎ“Ă¶ĂĽÎ“Ă¶ĂĽÎ“Ă¶ĂĽÎ“Ă¶ĂĽÎ“Ă¶ĂĽÎ“Ă¶ĂĽÎ“Ă¶ĂĽÎ“Ă¶ĂĽÎ“Ă¶ĂĽÎ“Ă¶ĂĽÎ“Ă¶ĂĽÎ“Ă¶ĂĽÎ“Ă¶ĂĽÎ“Ă¶ĂĽÎ“Ă¶ĂĽÎ“Ă¶ĂĽÎ“Ă¶ĂĽÎ“Ă¶ĂĽÎ“Ă¶ĂĽÎ“Ă¶ĂĽÎ“Ă¶ĂĽÎ“Ă¶ĂĽÎ“Ă¶ĂĽÎ“Ă¶ĂĽÎ“Ă¶ĂĽÎ“Ă¶ĂĽÎ“Ă¶ĂĽÎ“Ă¶ĂĽÎ“Ă¶ĂĽÎ“Ă¶ĂĽÎ“Ă¶ĂĽÎ“Ă¶ĂĽÎ“Ă¶ĂĽ 456.6/456.6 kB 8.1 MB/s eta 0:00:00
#35 92.44 Downloading idna-3.14-py3-none-any.whl (72 kB)
#35 92.45    Î“Ă¶ĂĽÎ“Ă¶ĂĽÎ“Ă¶ĂĽÎ“Ă¶ĂĽÎ“Ă¶ĂĽÎ“Ă¶ĂĽÎ“Ă¶ĂĽÎ“Ă¶ĂĽÎ“Ă¶ĂĽÎ“Ă¶ĂĽÎ“Ă¶ĂĽÎ“Ă¶ĂĽÎ“Ă¶ĂĽÎ“Ă¶ĂĽÎ“Ă¶ĂĽÎ“Ă¶ĂĽÎ“Ă¶ĂĽÎ“Ă¶ĂĽÎ“Ă¶ĂĽÎ“Ă¶ĂĽÎ“Ă¶ĂĽÎ“Ă¶ĂĽÎ“Ă¶ĂĽÎ“Ă¶ĂĽÎ“Ă¶ĂĽÎ“Ă¶ĂĽÎ“Ă¶ĂĽÎ“Ă¶ĂĽÎ“Ă¶ĂĽÎ“Ă¶ĂĽÎ“Ă¶ĂĽÎ“Ă¶ĂĽÎ“Ă¶ĂĽÎ“Ă¶ĂĽÎ“Ă¶ĂĽÎ“Ă¶ĂĽÎ“Ă¶ĂĽÎ“Ă¶ĂĽÎ“Ă¶ĂĽÎ“Ă¶ĂĽ 72.2/72.2 kB 10.7 MB/s eta 0:00:00
#35 92.47 Downloading jinja2-3.1.6-py3-none-any.whl (134 kB)
#35 92.49    Î“Ă¶ĂĽÎ“Ă¶ĂĽÎ“Ă¶ĂĽÎ“Ă¶ĂĽÎ“Ă¶ĂĽÎ“Ă¶ĂĽÎ“Ă¶ĂĽÎ“Ă¶ĂĽÎ“Ă¶ĂĽÎ“Ă¶ĂĽÎ“Ă¶ĂĽÎ“Ă¶ĂĽÎ“Ă¶ĂĽÎ“Ă¶ĂĽÎ“Ă¶ĂĽÎ“Ă¶ĂĽÎ“Ă¶ĂĽÎ“Ă¶ĂĽÎ“Ă¶ĂĽÎ“Ă¶ĂĽÎ“Ă¶ĂĽÎ“Ă¶ĂĽÎ“Ă¶ĂĽÎ“Ă¶ĂĽÎ“Ă¶ĂĽÎ“Ă¶ĂĽÎ“Ă¶ĂĽÎ“Ă¶ĂĽÎ“Ă¶ĂĽÎ“Ă¶ĂĽÎ“Ă¶ĂĽÎ“Ă¶ĂĽÎ“Ă¶ĂĽÎ“Ă¶ĂĽÎ“Ă¶ĂĽÎ“Ă¶ĂĽÎ“Ă¶ĂĽÎ“Ă¶ĂĽÎ“Ă¶ĂĽÎ“Ă¶ĂĽ 134.9/134.9 kB 6.8 MB/s eta 0:00:00
#35 92.51 Downloading kubernetes-35.0.0-py2.py3-none-any.whl (2.0 MB)
#35 92.84    Î“Ă¶ĂĽÎ“Ă¶ĂĽÎ“Ă¶ĂĽÎ“Ă¶ĂĽÎ“Ă¶ĂĽÎ“Ă¶ĂĽÎ“Ă¶ĂĽÎ“Ă¶ĂĽÎ“Ă¶ĂĽÎ“Ă¶ĂĽÎ“Ă¶ĂĽÎ“Ă¶ĂĽÎ“Ă¶ĂĽÎ“Ă¶ĂĽÎ“Ă¶ĂĽÎ“Ă¶ĂĽÎ“Ă¶ĂĽÎ“Ă¶ĂĽÎ“Ă¶ĂĽÎ“Ă¶ĂĽÎ“Ă¶ĂĽÎ“Ă¶ĂĽÎ“Ă¶ĂĽÎ“Ă¶ĂĽÎ“Ă¶ĂĽÎ“Ă¶ĂĽÎ“Ă¶ĂĽÎ“Ă¶ĂĽÎ“Ă¶ĂĽÎ“Ă¶ĂĽÎ“Ă¶ĂĽÎ“Ă¶ĂĽÎ“Ă¶ĂĽÎ“Ă¶ĂĽÎ“Ă¶ĂĽÎ“Ă¶ĂĽÎ“Ă¶ĂĽÎ“Ă¶ĂĽÎ“Ă¶ĂĽÎ“Ă¶ĂĽ 2.0/2.0 MB 6.1 MB/s eta 0:00:00
#35 92.86 Downloading certifi-2026.4.22-py3-none-any.whl (135 kB)
#35 92.88    Î“Ă¶ĂĽÎ“Ă¶ĂĽÎ“Ă¶ĂĽÎ“Ă¶ĂĽÎ“Ă¶ĂĽÎ“Ă¶ĂĽÎ“Ă¶ĂĽÎ“Ă¶ĂĽÎ“Ă¶ĂĽÎ“Ă¶ĂĽÎ“Ă¶ĂĽÎ“Ă¶ĂĽÎ“Ă¶ĂĽÎ“Ă¶ĂĽÎ“Ă¶ĂĽÎ“Ă¶ĂĽÎ“Ă¶ĂĽÎ“Ă¶ĂĽÎ“Ă¶ĂĽÎ“Ă¶ĂĽÎ“Ă¶ĂĽÎ“Ă¶ĂĽÎ“Ă¶ĂĽÎ“Ă¶ĂĽÎ“Ă¶ĂĽÎ“Ă¶ĂĽÎ“Ă¶ĂĽÎ“Ă¶ĂĽÎ“Ă¶ĂĽÎ“Ă¶ĂĽÎ“Ă¶ĂĽÎ“Ă¶ĂĽÎ“Ă¶ĂĽÎ“Ă¶ĂĽÎ“Ă¶ĂĽÎ“Ă¶ĂĽÎ“Ă¶ĂĽÎ“Ă¶ĂĽÎ“Ă¶ĂĽÎ“Ă¶ĂĽ 135.7/135.7 kB 6.0 MB/s eta 0:00:00
#35 92.90 Downloading mmh3-5.2.1-cp311-cp311-manylinux1_x86_64.manylinux_2_28_x86_64.manylinux_2_5_x86_64.whl (103 kB)
#35 92.91    Î“Ă¶ĂĽÎ“Ă¶ĂĽÎ“Ă¶ĂĽÎ“Ă¶ĂĽÎ“Ă¶ĂĽÎ“Ă¶ĂĽÎ“Ă¶ĂĽÎ“Ă¶ĂĽÎ“Ă¶ĂĽÎ“Ă¶ĂĽÎ“Ă¶ĂĽÎ“Ă¶ĂĽÎ“Ă¶ĂĽÎ“Ă¶ĂĽÎ“Ă¶ĂĽÎ“Ă¶ĂĽÎ“Ă¶ĂĽÎ“Ă¶ĂĽÎ“Ă¶ĂĽÎ“Ă¶ĂĽÎ“Ă¶ĂĽÎ“Ă¶ĂĽÎ“Ă¶ĂĽÎ“Ă¶ĂĽÎ“Ă¶ĂĽÎ“Ă¶ĂĽÎ“Ă¶ĂĽÎ“Ă¶ĂĽÎ“Ă¶ĂĽÎ“Ă¶ĂĽÎ“Ă¶ĂĽÎ“Ă¶ĂĽÎ“Ă¶ĂĽÎ“Ă¶ĂĽÎ“Ă¶ĂĽÎ“Ă¶ĂĽÎ“Ă¶ĂĽÎ“Ă¶ĂĽÎ“Ă¶ĂĽÎ“Ă¶ĂĽ 103.1/103.1 kB 8.5 MB/s eta 0:00:00
#35 92.93 Downloading numpy-1.26.4-cp311-cp311-manylinux_2_17_x86_64.manylinux2014_x86_64.whl (18.3 MB)
#35 ...

#20 [computer-use internal] load build context
#20 transferring context: 626.48MB 95.9s
#20 ...

#34 [self-learning 5/6] RUN pip install --no-cache-dir -r requirements.txt
#34 97.62    Î“Ă¶ĂĽÎ“Ă¶ĂĽÎ“Ă¶ĂĽÎ“Ă¶ĂĽÎ“Ă¶ĂĽÎ“Ă¶ĂĽÎ“Ă¶ĂĽÎ“Ă¶ĂĽÎ“Ă¶ĂĽÎ“Ă¶ĂĽÎ“Ă¶ĂĽÎ“Ă¶ĂĽÎ“Ă¶ĂĽÎ“Ă¶ĂĽÎ“Ă¶ĂĽÎ“Ă¶ĂĽÎ“Ă¶ĂĽÎ“Ă¶ĂĽÎ“Ă¶ĂĽÎ“Ă¶ĂĽÎ“Ă¶ĂĽÎ“Ă¶ĂĽÎ“Ă¶ĂĽÎ“Ă¶ĂĽÎ“Ă¶ĂĽÎ“Ă¶ĂĽÎ“Ă¶ĂĽÎ“Ă¶ĂĽÎ“Ă¶ĂĽÎ“Ă¶ĂĽÎ“Ă¶ĂĽÎ“Ă¶ĂĽÎ“Ă¶ĂĽÎ“Ă¶ĂĽÎ“Ă¶ĂĽÎ“Ă¶ĂĽÎ“Ă¶ĂĽÎ“Ă¶ĂĽÎ“Ă¶ĂĽÎ“Ă¶ĂĽ 35.2/35.2 MB 9.4 MB/s eta 0:00:00
#34 97.63 Downloading starlette-1.0.0-py3-none-any.whl (72 kB)
#34 97.65 Downloading anyio-4.13.0-py3-none-any.whl (114 kB)
#34 97.67 Downloading idna-3.14-py3-none-any.whl (72 kB)
#34 97.70 Downloading torch-2.11.0-cp312-cp312-manylinux_2_28_x86_64.whl (530.7 MB)
#34 ...

#20 [computer-use internal] load build context
#20 transferring context: 671.13MB 103.1s
#20 ...

#35 [kryos-swarm 4/5] RUN pip install --no-cache-dir -r requirements.txt
#35 95.32    Î“Ă¶ĂĽÎ“Ă¶ĂĽÎ“Ă¶ĂĽÎ“Ă¶ĂĽÎ“Ă¶ĂĽÎ“Ă¶ĂĽÎ“Ă¶ĂĽÎ“Ă¶ĂĽÎ“Ă¶ĂĽÎ“Ă¶ĂĽÎ“Ă¶ĂĽÎ“Ă¶ĂĽÎ“Ă¶ĂĽÎ“Ă¶ĂĽÎ“Ă¶ĂĽÎ“Ă¶ĂĽÎ“Ă¶ĂĽÎ“Ă¶ĂĽÎ“Ă¶ĂĽÎ“Ă¶ĂĽÎ“Ă¶ĂĽÎ“Ă¶ĂĽÎ“Ă¶ĂĽÎ“Ă¶ĂĽÎ“Ă¶ĂĽÎ“Ă¶ĂĽÎ“Ă¶ĂĽÎ“Ă¶ĂĽÎ“Ă¶ĂĽÎ“Ă¶ĂĽÎ“Ă¶ĂĽÎ“Ă¶ĂĽÎ“Ă¶ĂĽÎ“Ă¶ĂĽÎ“Ă¶ĂĽÎ“Ă¶ĂĽÎ“Ă¶ĂĽÎ“Ă¶ĂĽÎ“Ă¶ĂĽÎ“Ă¶ĂĽ 18.3/18.3 MB 7.1 MB/s eta 0:00:00
#35 95.33 Downloading onnxruntime-1.26.0-cp311-cp311-manylinux_2_27_x86_64.manylinux_2_28_x86_64.whl (18.2 MB)
#35 97.50    Î“Ă¶ĂĽÎ“Ă¶ĂĽÎ“Ă¶ĂĽÎ“Ă¶ĂĽÎ“Ă¶ĂĽÎ“Ă¶ĂĽÎ“Ă¶ĂĽÎ“Ă¶ĂĽÎ“Ă¶ĂĽÎ“Ă¶ĂĽÎ“Ă¶ĂĽÎ“Ă¶ĂĽÎ“Ă¶ĂĽÎ“Ă¶ĂĽÎ“Ă¶ĂĽÎ“Ă¶ĂĽÎ“Ă¶ĂĽÎ“Ă¶ĂĽÎ“Ă¶ĂĽÎ“Ă¶ĂĽÎ“Ă¶ĂĽÎ“Ă¶ĂĽÎ“Ă¶ĂĽÎ“Ă¶ĂĽÎ“Ă¶ĂĽÎ“Ă¶ĂĽÎ“Ă¶ĂĽÎ“Ă¶ĂĽÎ“Ă¶ĂĽÎ“Ă¶ĂĽÎ“Ă¶ĂĽÎ“Ă¶ĂĽÎ“Ă¶ĂĽÎ“Ă¶ĂĽÎ“Ă¶ĂĽÎ“Ă¶ĂĽÎ“Ă¶ĂĽÎ“Ă¶ĂĽÎ“Ă¶ĂĽÎ“Ă¶ĂĽ 18.2/18.2 MB 8.6 MB/s eta 0:00:00
#35 97.52 Downloading opentelemetry_api-1.41.1-py3-none-any.whl (69 kB)
#35 97.53    Î“Ă¶ĂĽÎ“Ă¶ĂĽÎ“Ă¶ĂĽÎ“Ă¶ĂĽÎ“Ă¶ĂĽÎ“Ă¶ĂĽÎ“Ă¶ĂĽÎ“Ă¶ĂĽÎ“Ă¶ĂĽÎ“Ă¶ĂĽÎ“Ă¶ĂĽÎ“Ă¶ĂĽÎ“Ă¶ĂĽÎ“Ă¶ĂĽÎ“Ă¶ĂĽÎ“Ă¶ĂĽÎ“Ă¶ĂĽÎ“Ă¶ĂĽÎ“Ă¶ĂĽÎ“Ă¶ĂĽÎ“Ă¶ĂĽÎ“Ă¶ĂĽÎ“Ă¶ĂĽÎ“Ă¶ĂĽÎ“Ă¶ĂĽÎ“Ă¶ĂĽÎ“Ă¶ĂĽÎ“Ă¶ĂĽÎ“Ă¶ĂĽÎ“Ă¶ĂĽÎ“Ă¶ĂĽÎ“Ă¶ĂĽÎ“Ă¶ĂĽÎ“Ă¶ĂĽÎ“Ă¶ĂĽÎ“Ă¶ĂĽÎ“Ă¶ĂĽÎ“Ă¶ĂĽÎ“Ă¶ĂĽÎ“Ă¶ĂĽ 69.0/69.0 kB 7.5 MB/s eta 0:00:00
#35 97.55 Downloading opentelemetry_exporter_otlp_proto_grpc-1.41.1-py3-none-any.whl (20 kB)
#35 97.56 Downloading opentelemetry_exporter_otlp_proto_common-1.41.1-py3-none-any.whl (18 kB)
#35 97.58 Downloading opentelemetry_proto-1.41.1-py3-none-any.whl (72 kB)
#35 97.59    Î“Ă¶ĂĽÎ“Ă¶ĂĽÎ“Ă¶ĂĽÎ“Ă¶ĂĽÎ“Ă¶ĂĽÎ“Ă¶ĂĽÎ“Ă¶ĂĽÎ“Ă¶ĂĽÎ“Ă¶ĂĽÎ“Ă¶ĂĽÎ“Ă¶ĂĽÎ“Ă¶ĂĽÎ“Ă¶ĂĽÎ“Ă¶ĂĽÎ“Ă¶ĂĽÎ“Ă¶ĂĽÎ“Ă¶ĂĽÎ“Ă¶ĂĽÎ“Ă¶ĂĽÎ“Ă¶ĂĽÎ“Ă¶ĂĽÎ“Ă¶ĂĽÎ“Ă¶ĂĽÎ“Ă¶ĂĽÎ“Ă¶ĂĽÎ“Ă¶ĂĽÎ“Ă¶ĂĽÎ“Ă¶ĂĽÎ“Ă¶ĂĽÎ“Ă¶ĂĽÎ“Ă¶ĂĽÎ“Ă¶ĂĽÎ“Ă¶ĂĽÎ“Ă¶ĂĽÎ“Ă¶ĂĽÎ“Ă¶ĂĽÎ“Ă¶ĂĽÎ“Ă¶ĂĽÎ“Ă¶ĂĽÎ“Ă¶ĂĽ 72.1/72.1 kB 8.6 MB/s eta 0:00:00
#35 97.60 Downloading opentelemetry_instrumentation_fastapi-0.62b1-py3-none-any.whl (13 kB)
#35 97.62 Downloading opentelemetry_instrumentation-0.62b1-py3-none-any.whl (34 kB)
#35 97.63 Downloading opentelemetry_instrumentation_asgi-0.62b1-py3-none-any.whl (17 kB)
#35 97.65 Downloading opentelemetry_semantic_conventions-0.62b1-py3-none-any.whl (231 kB)
#35 97.69    Î“Ă¶ĂĽÎ“Ă¶ĂĽÎ“Ă¶ĂĽÎ“Ă¶ĂĽÎ“Ă¶ĂĽÎ“Ă¶ĂĽÎ“Ă¶ĂĽÎ“Ă¶ĂĽÎ“Ă¶ĂĽÎ“Ă¶ĂĽÎ“Ă¶ĂĽÎ“Ă¶ĂĽÎ“Ă¶ĂĽÎ“Ă¶ĂĽÎ“Ă¶ĂĽÎ“Ă¶ĂĽÎ“Ă¶ĂĽÎ“Ă¶ĂĽÎ“Ă¶ĂĽÎ“Ă¶ĂĽÎ“Ă¶ĂĽÎ“Ă¶ĂĽÎ“Ă¶ĂĽÎ“Ă¶ĂĽÎ“Ă¶ĂĽÎ“Ă¶ĂĽÎ“Ă¶ĂĽÎ“Ă¶ĂĽÎ“Ă¶ĂĽÎ“Ă¶ĂĽÎ“Ă¶ĂĽÎ“Ă¶ĂĽÎ“Ă¶ĂĽÎ“Ă¶ĂĽÎ“Ă¶ĂĽÎ“Ă¶ĂĽÎ“Ă¶ĂĽÎ“Ă¶ĂĽÎ“Ă¶ĂĽÎ“Ă¶ĂĽ 231.6/231.6 kB 6.4 MB/s eta 0:00:00
#35 97.71 Downloading opentelemetry_util_http-0.62b1-py3-none-any.whl (9.3 kB)
#35 97.73 Downloading opentelemetry_sdk-1.41.1-py3-none-any.whl (180 kB)
#35 97.77    Î“Ă¶ĂĽÎ“Ă¶ĂĽÎ“Ă¶ĂĽÎ“Ă¶ĂĽÎ“Ă¶ĂĽÎ“Ă¶ĂĽÎ“Ă¶ĂĽÎ“Ă¶ĂĽÎ“Ă¶ĂĽÎ“Ă¶ĂĽÎ“Ă¶ĂĽÎ“Ă¶ĂĽÎ“Ă¶ĂĽÎ“Ă¶ĂĽÎ“Ă¶ĂĽÎ“Ă¶ĂĽÎ“Ă¶ĂĽÎ“Ă¶ĂĽÎ“Ă¶ĂĽÎ“Ă¶ĂĽÎ“Ă¶ĂĽÎ“Ă¶ĂĽÎ“Ă¶ĂĽÎ“Ă¶ĂĽÎ“Ă¶ĂĽÎ“Ă¶ĂĽÎ“Ă¶ĂĽÎ“Ă¶ĂĽÎ“Ă¶ĂĽÎ“Ă¶ĂĽÎ“Ă¶ĂĽÎ“Ă¶ĂĽÎ“Ă¶ĂĽÎ“Ă¶ĂĽÎ“Ă¶ĂĽÎ“Ă¶ĂĽÎ“Ă¶ĂĽÎ“Ă¶ĂĽÎ“Ă¶ĂĽÎ“Ă¶ĂĽ 180.2/180.2 kB 3.8 MB/s eta 0:00:00
#35 97.79 Downloading orjson-3.11.9-cp311-cp311-manylinux_2_17_x86_64.manylinux2014_x86_64.whl (133 kB)
#35 97.81    Î“Ă¶ĂĽÎ“Ă¶ĂĽÎ“Ă¶ĂĽÎ“Ă¶ĂĽÎ“Ă¶ĂĽÎ“Ă¶ĂĽÎ“Ă¶ĂĽÎ“Ă¶ĂĽÎ“Ă¶ĂĽÎ“Ă¶ĂĽÎ“Ă¶ĂĽÎ“Ă¶ĂĽÎ“Ă¶ĂĽÎ“Ă¶ĂĽÎ“Ă¶ĂĽÎ“Ă¶ĂĽÎ“Ă¶ĂĽÎ“Ă¶ĂĽÎ“Ă¶ĂĽÎ“Ă¶ĂĽÎ“Ă¶ĂĽÎ“Ă¶ĂĽÎ“Ă¶ĂĽÎ“Ă¶ĂĽÎ“Ă¶ĂĽÎ“Ă¶ĂĽÎ“Ă¶ĂĽÎ“Ă¶ĂĽÎ“Ă¶ĂĽÎ“Ă¶ĂĽÎ“Ă¶ĂĽÎ“Ă¶ĂĽÎ“Ă¶ĂĽÎ“Ă¶ĂĽÎ“Ă¶ĂĽÎ“Ă¶ĂĽÎ“Ă¶ĂĽÎ“Ă¶ĂĽÎ“Ă¶ĂĽÎ“Ă¶ĂĽ 134.0/134.0 kB 6.8 MB/s eta 0:00:00
#35 97.83 Downloading overrides-7.7.0-py3-none-any.whl (17 kB)
#35 97.85 Downloading packaging-26.2-py3-none-any.whl (100 kB)
#35 97.86    Î“Ă¶ĂĽÎ“Ă¶ĂĽÎ“Ă¶ĂĽÎ“Ă¶ĂĽÎ“Ă¶ĂĽÎ“Ă¶ĂĽÎ“Ă¶ĂĽÎ“Ă¶ĂĽÎ“Ă¶ĂĽÎ“Ă¶ĂĽÎ“Ă¶ĂĽÎ“Ă¶ĂĽÎ“Ă¶ĂĽÎ“Ă¶ĂĽÎ“Ă¶ĂĽÎ“Ă¶ĂĽÎ“Ă¶ĂĽÎ“Ă¶ĂĽÎ“Ă¶ĂĽÎ“Ă¶ĂĽÎ“Ă¶ĂĽÎ“Ă¶ĂĽÎ“Ă¶ĂĽÎ“Ă¶ĂĽÎ“Ă¶ĂĽÎ“Ă¶ĂĽÎ“Ă¶ĂĽÎ“Ă¶ĂĽÎ“Ă¶ĂĽÎ“Ă¶ĂĽÎ“Ă¶ĂĽÎ“Ă¶ĂĽÎ“Ă¶ĂĽÎ“Ă¶ĂĽÎ“Ă¶ĂĽÎ“Ă¶ĂĽÎ“Ă¶ĂĽÎ“Ă¶ĂĽÎ“Ă¶ĂĽÎ“Ă¶ĂĽ 100.2/100.2 kB 7.8 MB/s eta 0:00:00
#35 97.88 Downloading pluggy-1.6.0-py3-none-any.whl (20 kB)
#35 97.90 Downloading posthog-7.14.1-py3-none-any.whl (240 kB)
#35 97.94    Î“Ă¶ĂĽÎ“Ă¶ĂĽÎ“Ă¶ĂĽÎ“Ă¶ĂĽÎ“Ă¶ĂĽÎ“Ă¶ĂĽÎ“Ă¶ĂĽÎ“Ă¶ĂĽÎ“Ă¶ĂĽÎ“Ă¶ĂĽÎ“Ă¶ĂĽÎ“Ă¶ĂĽÎ“Ă¶ĂĽÎ“Ă¶ĂĽÎ“Ă¶ĂĽÎ“Ă¶ĂĽÎ“Ă¶ĂĽÎ“Ă¶ĂĽÎ“Ă¶ĂĽÎ“Ă¶ĂĽÎ“Ă¶ĂĽÎ“Ă¶ĂĽÎ“Ă¶ĂĽÎ“Ă¶ĂĽÎ“Ă¶ĂĽÎ“Ă¶ĂĽÎ“Ă¶ĂĽÎ“Ă¶ĂĽÎ“Ă¶ĂĽÎ“Ă¶ĂĽÎ“Ă¶ĂĽÎ“Ă¶ĂĽÎ“Ă¶ĂĽÎ“Ă¶ĂĽÎ“Ă¶ĂĽÎ“Ă¶ĂĽÎ“Ă¶ĂĽÎ“Ă¶ĂĽÎ“Ă¶ĂĽÎ“Ă¶ĂĽ 240.2/240.2 kB 8.5 MB/s eta 0:00:00
#35 97.95 Downloading pypika-0.51.1-py2.py3-none-any.whl (60 kB)
#35 97.97    Î“Ă¶ĂĽÎ“Ă¶ĂĽÎ“Ă¶ĂĽÎ“Ă¶ĂĽÎ“Ă¶ĂĽÎ“Ă¶ĂĽÎ“Ă¶ĂĽÎ“Ă¶ĂĽÎ“Ă¶ĂĽÎ“Ă¶ĂĽÎ“Ă¶ĂĽÎ“Ă¶ĂĽÎ“Ă¶ĂĽÎ“Ă¶ĂĽÎ“Ă¶ĂĽÎ“Ă¶ĂĽÎ“Ă¶ĂĽÎ“Ă¶ĂĽÎ“Ă¶ĂĽÎ“Ă¶ĂĽÎ“Ă¶ĂĽÎ“Ă¶ĂĽÎ“Ă¶ĂĽÎ“Ă¶ĂĽÎ“Ă¶ĂĽÎ“Ă¶ĂĽÎ“Ă¶ĂĽÎ“Ă¶ĂĽÎ“Ă¶ĂĽÎ“Ă¶ĂĽÎ“Ă¶ĂĽÎ“Ă¶ĂĽÎ“Ă¶ĂĽÎ“Ă¶ĂĽÎ“Ă¶ĂĽÎ“Ă¶ĂĽÎ“Ă¶ĂĽÎ“Ă¶ĂĽÎ“Ă¶ĂĽÎ“Ă¶ĂĽ 60.6/60.6 kB 5.8 MB/s eta 0:00:00
#35 97.98 Downloading python_dotenv-1.2.2-py3-none-any.whl (22 kB)
#35 97.99 Downloading python_multipart-0.0.28-py3-none-any.whl (29 kB)
#35 98.01 Downloading pyyaml-6.0.3-cp311-cp311-manylinux2014_x86_64.manylinux_2_17_x86_64.manylinux_2_28_x86_64.whl (806 kB)
#35 98.11    Î“Ă¶ĂĽÎ“Ă¶ĂĽÎ“Ă¶ĂĽÎ“Ă¶ĂĽÎ“Ă¶ĂĽÎ“Ă¶ĂĽÎ“Ă¶ĂĽÎ“Ă¶ĂĽÎ“Ă¶ĂĽÎ“Ă¶ĂĽÎ“Ă¶ĂĽÎ“Ă¶ĂĽÎ“Ă¶ĂĽÎ“Ă¶ĂĽÎ“Ă¶ĂĽÎ“Ă¶ĂĽÎ“Ă¶ĂĽÎ“Ă¶ĂĽÎ“Ă¶ĂĽÎ“Ă¶ĂĽÎ“Ă¶ĂĽÎ“Ă¶ĂĽÎ“Ă¶ĂĽÎ“Ă¶ĂĽÎ“Ă¶ĂĽÎ“Ă¶ĂĽÎ“Ă¶ĂĽÎ“Ă¶ĂĽÎ“Ă¶ĂĽÎ“Ă¶ĂĽÎ“Ă¶ĂĽÎ“Ă¶ĂĽÎ“Ă¶ĂĽÎ“Ă¶ĂĽÎ“Ă¶ĂĽÎ“Ă¶ĂĽÎ“Ă¶ĂĽÎ“Ă¶ĂĽÎ“Ă¶ĂĽÎ“Ă¶ĂĽ 806.6/806.6 kB 8.8 MB/s eta 0:00:00
#35 98.13 Downloading sniffio-1.3.1-py3-none-any.whl (10 kB)
#35 98.15 Downloading starlette-0.37.2-py3-none-any.whl (71 kB)
#35 98.16    Î“Ă¶ĂĽÎ“Ă¶ĂĽÎ“Ă¶ĂĽÎ“Ă¶ĂĽÎ“Ă¶ĂĽÎ“Ă¶ĂĽÎ“Ă¶ĂĽÎ“Ă¶ĂĽÎ“Ă¶ĂĽÎ“Ă¶ĂĽÎ“Ă¶ĂĽÎ“Ă¶ĂĽÎ“Ă¶ĂĽÎ“Ă¶ĂĽÎ“Ă¶ĂĽÎ“Ă¶ĂĽÎ“Ă¶ĂĽÎ“Ă¶ĂĽÎ“Ă¶ĂĽÎ“Ă¶ĂĽÎ“Ă¶ĂĽÎ“Ă¶ĂĽÎ“Ă¶ĂĽÎ“Ă¶ĂĽÎ“Ă¶ĂĽÎ“Ă¶ĂĽÎ“Ă¶ĂĽÎ“Ă¶ĂĽÎ“Ă¶ĂĽÎ“Ă¶ĂĽÎ“Ă¶ĂĽÎ“Ă¶ĂĽÎ“Ă¶ĂĽÎ“Ă¶ĂĽÎ“Ă¶ĂĽÎ“Ă¶ĂĽÎ“Ă¶ĂĽÎ“Ă¶ĂĽÎ“Ă¶ĂĽÎ“Ă¶ĂĽ 71.9/71.9 kB 6.4 MB/s eta 0:00:00
#35 98.18 Downloading tenacity-9.1.4-py3-none-any.whl (28 kB)
#35 98.20 Downloading torch-2.11.0-cp311-cp311-manylinux_2_28_x86_64.whl (530.6 MB)
#35 ...

#20 [computer-use internal] load build context
#20 transferring context: 689.11MB 108.2s
#20 transferring context: 705.20MB 113.3s
#20 transferring context: 721.89MB 118.3s
#20 transferring context: 730.82MB 123.3s
#20 transferring context: 734.31MB 128.5s
#20 transferring context: 744.28MB 133.6s
#20 transferring context: 795.22MB 138.6s
#20 transferring context: 847.50MB 143.6s
#20 transferring context: 854.03MB 148.7s
#20 transferring context: 855.90MB 153.7s
#20 ...

#34 [self-learning 5/6] RUN pip install --no-cache-dir -r requirements.txt
#34 156.5    Î“Ă¶ĂĽÎ“Ă¶ĂĽÎ“Ă¶ĂĽÎ“Ă¶ĂĽÎ“Ă¶ĂĽÎ“Ă¶ĂĽÎ“Ă¶ĂĽÎ“Ă¶ĂĽÎ“Ă¶ĂĽÎ“Ă¶ĂĽÎ“Ă¶ĂĽÎ“Ă¶ĂĽÎ“Ă¶ĂĽÎ“Ă¶ĂĽÎ“Ă¶ĂĽÎ“Ă¶ĂĽÎ“Ă¶ĂĽÎ“Ă¶ĂĽÎ“Ă¶ĂĽÎ“Ă¶ĂĽÎ“Ă¶ĂĽÎ“Ă¶ĂĽÎ“Ă¶ĂĽÎ“Ă¶ĂĽÎ“Ă¶ĂĽÎ“Ă¶ĂĽÎ“Ă¶ĂĽÎ“Ă¶ĂĽÎ“Ă¶ĂĽÎ“Ă¶ĂĽÎ“Ă¶ĂĽÎ“Ă¶ĂĽÎ“Ă¶ĂĽÎ“Ă¶ĂĽÎ“Ă¶ĂĽÎ“Ă¶ĂĽÎ“Ă¶ĂĽÎ“Ă¶ĂĽÎ“Ă¶ĂĽÎ“Ă¶ĂĽ 530.7/530.7 MB 7.8 MB/s eta 0:00:00
#34 156.6 Downloading cuda_toolkit-13.0.2-py2.py3-none-any.whl (2.4 kB)
#34 156.6 Downloading nvidia_cudnn_cu13-9.19.0.56-py3-none-manylinux_2_27_x86_64.whl (366.1 MB)
#34 ...

#20 [computer-use internal] load build context
#20 transferring context: 857.06MB 162.2s
#20 transferring context: 857.10MB 167.2s
#20 transferring context: 858.96MB 172.2s
#20 transferring context: 861.77MB 177.4s
#20 ...

#35 [kryos-swarm 4/5] RUN pip install --no-cache-dir -r requirements.txt
#35 180.8    Î“Ă¶ĂĽÎ“Ă¶ĂĽÎ“Ă¶ĂĽÎ“Ă¶ĂĽÎ“Ă¶ĂĽÎ“Ă¶ĂĽÎ“Ă¶ĂĽÎ“Ă¶ĂĽÎ“Ă¶ĂĽÎ“Ă¶ĂĽÎ“Ă¶ĂĽÎ“Ă¶ĂĽÎ“Ă¶ĂĽÎ“Ă¶ĂĽÎ“Ă¶ĂĽÎ“Ă¶ĂĽÎ“Ă¶ĂĽÎ“Ă¶ĂĽÎ“Ă¶ĂĽÎ“Ă¶ĂĽÎ“Ă¶ĂĽÎ“Ă¶ĂĽÎ“Ă¶ĂĽÎ“Ă¶ĂĽÎ“Ă¶ĂĽÎ“Ă¶ĂĽÎ“Ă¶ĂĽÎ“Ă¶ĂĽÎ“Ă¶ĂĽÎ“Ă¶ĂĽÎ“Ă¶ĂĽÎ“Ă¶ĂĽÎ“Ă¶ĂĽÎ“Ă¶ĂĽÎ“Ă¶ĂĽÎ“Ă¶ĂĽÎ“Ă¶ĂĽÎ“Ă¶ĂĽÎ“Ă¶ĂĽÎ“Ă¶ĂĽ 530.6/530.6 MB 2.3 MB/s eta 0:00:00
#35 180.9 Downloading cuda_toolkit-13.0.2-py2.py3-none-any.whl (2.4 kB)
#35 180.9 Downloading nvidia_cudnn_cu13-9.19.0.56-py3-none-manylinux_2_27_x86_64.whl (366.1 MB)
#35 ...

#20 [computer-use internal] load build context
#20 transferring context: 869.90MB 186.9s
#20 transferring context: 875.18MB 192.0s
#20 transferring context: 892.06MB 197.1s
#20 transferring context: 905.97MB 202.2s
#20 transferring context: 907.29MB 207.6s
#20 transferring context: 908.08MB 212.6s
#20 transferring context: 908.97MB 217.8s
#20 transferring context: 909.56MB 223.0s
#20 transferring context: 910.41MB 228.1s
#20 transferring context: 911.36MB 233.2s
#20 transferring context: 913.89MB 238.3s
#20 transferring context: 915.14MB 243.3s
#20 ...

#34 [self-learning 5/6] RUN pip install --no-cache-dir -r requirements.txt
#34 245.0    Î“Ă¶ĂĽÎ“Ă¶ĂĽÎ“Ă¶ĂĽÎ“Ă¶ĂĽÎ“Ă¶ĂĽÎ“Ă¶ĂĽÎ“Ă¶ĂĽÎ“Ă¶ĂĽÎ“Ă¶ĂĽÎ“Ă¶ĂĽÎ“Ă¶ĂĽÎ“Ă¶ĂĽÎ“Ă¶ĂĽÎ“Ă¶ĂĽÎ“Ă¶ĂĽÎ“Ă¶ĂĽÎ“Ă¶ĂĽÎ“Ă¶ĂĽÎ“Ă¶ĂĽÎ“Ă¶ĂĽÎ“Ă¶ĂĽÎ“Ă¶ĂĽÎ“Ă¶ĂĽÎ“Ă¶ĂĽÎ“Ă¶ĂĽÎ“Ă¶ĂĽÎ“Ă¶ĂĽÎ“Ă¶ĂĽÎ“Ă¶ĂĽÎ“Ă¶ĂĽÎ“Ă¶ĂĽÎ“Ă¶ĂĽÎ“Ă¶ĂĽÎ“Ă¶ĂĽÎ“Ă¶ĂĽÎ“Ă¶ĂĽÎ“Ă¶ĂĽÎ“Ă¶ĂĽÎ“Ă¶ĂĽÎ“Ă¶ĂĽ 366.1/366.1 MB 5.6 MB/s eta 0:00:00
#34 245.0 Downloading nvidia_cusparselt_cu13-0.8.0-py3-none-manylinux2014_x86_64.whl (169.9 MB)
#34 ...

#20 [computer-use internal] load build context
#20 transferring context: 917.65MB 250.4s
#20 transferring context: 918.20MB 255.5s
#20 transferring context: 918.52MB 260.7s
#20 ...

#35 [kryos-swarm 4/5] RUN pip install --no-cache-dir -r requirements.txt
#35 261.2    Î“Ă¶ĂĽÎ“Ă¶ĂĽÎ“Ă¶ĂĽÎ“Ă¶ĂĽÎ“Ă¶ĂĽÎ“Ă¶ĂĽÎ“Ă¶ĂĽÎ“Ă¶ĂĽÎ“Ă¶ĂĽÎ“Ă¶ĂĽÎ“Ă¶ĂĽÎ“Ă¶ĂĽÎ“Ă¶ĂĽÎ“Ă¶ĂĽÎ“Ă¶ĂĽÎ“Ă¶ĂĽÎ“Ă¶ĂĽÎ“Ă¶ĂĽÎ“Ă¶ĂĽÎ“Ă¶ĂĽÎ“Ă¶ĂĽÎ“Ă¶ĂĽÎ“Ă¶ĂĽÎ“Ă¶ĂĽÎ“Ă¶ĂĽÎ“Ă¶ĂĽÎ“Ă¶ĂĽÎ“Ă¶ĂĽÎ“Ă¶ĂĽÎ“Ă¶ĂĽÎ“Ă¶ĂĽÎ“Ă¶ĂĽÎ“Ă¶ĂĽÎ“Ă¶ĂĽÎ“Ă¶ĂĽÎ“Ă¶ĂĽÎ“Ă¶ĂĽÎ“Ă¶ĂĽÎ“Ă¶ĂĽÎ“Ă¶ĂĽ 366.1/366.1 MB 3.7 MB/s eta 0:00:00
#35 261.2 Downloading nvidia_cusparselt_cu13-0.8.0-py3-none-manylinux2014_x86_64.whl (169.9 MB)
#35 ...

#20 [computer-use internal] load build context
#20 transferring context: 930.37MB 267.0s
#20 transferring context: 936.24MB 272.2s
#20 ...

#34 [self-learning 5/6] RUN pip install --no-cache-dir -r requirements.txt
#34 277.0    Î“Ă¶ĂĽÎ“Ă¶ĂĽÎ“Ă¶ĂĽÎ“Ă¶ĂĽÎ“Ă¶ĂĽÎ“Ă¶ĂĽÎ“Ă¶ĂĽÎ“Ă¶ĂĽÎ“Ă¶ĂĽÎ“Ă¶ĂĽÎ“Ă¶ĂĽÎ“Ă¶ĂĽÎ“Ă¶ĂĽÎ“Ă¶ĂĽÎ“Ă¶ĂĽÎ“Ă¶ĂĽÎ“Ă¶ĂĽÎ“Ă¶ĂĽÎ“Ă¶ĂĽÎ“Ă¶ĂĽÎ“Ă¶ĂĽÎ“Ă¶ĂĽÎ“Ă¶ĂĽÎ“Ă¶ĂĽÎ“Ă¶ĂĽÎ“Ă¶ĂĽÎ“Ă¶ĂĽÎ“Ă¶ĂĽÎ“Ă¶ĂĽÎ“Ă¶ĂĽÎ“Ă¶ĂĽÎ“Ă¶ĂĽÎ“Ă¶ĂĽÎ“Ă¶ĂĽÎ“Ă¶ĂĽÎ“Ă¶ĂĽÎ“Ă¶ĂĽÎ“Ă¶ĂĽÎ“Ă¶ĂĽÎ“Ă¶ĂĽ 169.9/169.9 MB 5.2 MB/s eta 0:00:00
#34 277.0 Downloading nvidia_nccl_cu13-2.28.9-py3-none-manylinux_2_18_x86_64.whl (196.5 MB)
#34 ...

#20 [computer-use internal] load build context
#20 transferring context: 953.89MB 282.1s
#20 transferring context: 961.60MB 287.2s
#20 transferring context: 967.06MB 292.3s
#20 transferring context: 967.73MB 297.4s
#20 transferring context: 978.20MB 302.6s
#20 transferring context: 994.99MB 307.7s
#20 transferring context: 997.70MB 312.8s
#20 transferring context: 999.40MB 317.9s
#20 transferring context: 1.00GB 323.0s
#20 transferring context: 1.00GB 328.1s
#20 transferring context: 1.00GB 333.2s
#20 transferring context: 1.01GB 338.4s
#20 transferring context: 1.01GB 343.5s
#20 transferring context: 1.02GB 348.5s
#20 transferring context: 1.04GB 353.5s
#20 transferring context: 1.05GB 358.5s
#20 transferring context: 1.05GB 363.7s
#20 transferring context: 1.05GB 368.8s
#20 transferring context: 1.06GB 373.9s
#20 transferring context: 1.06GB 378.9s
#20 transferring context: 1.06GB 384.0s
#20 transferring context: 1.07GB 389.1s
#20 ...

#35 [kryos-swarm 4/5] RUN pip install --no-cache-dir -r requirements.txt
#35 393.4    Î“Ă¶ĂĽÎ“Ă¶ĂĽÎ“Ă¶ĂĽÎ“Ă¶ĂĽÎ“Ă¶ĂĽÎ“Ă¶ĂĽÎ“Ă¶ĂĽÎ“Ă¶ĂĽÎ“Ă¶ĂĽÎ“Ă¶ĂĽÎ“Ă¶ĂĽÎ“Ă¶ĂĽÎ“Ă¶ĂĽÎ“Ă¶ĂĽÎ“Ă¶ĂĽÎ“Ă¶ĂĽÎ“Ă¶ĂĽÎ“Ă¶ĂĽÎ“Ă¶ĂĽÎ“Ă¶ĂĽÎ“Ă¶ĂĽÎ“Ă¶ĂĽÎ“Ă¶ĂĽÎ“Ă¶ĂĽÎ“Ă¶ĂĽÎ“Ă¶ĂĽÎ“Ă¶ĂĽÎ“Ă¶ĂĽÎ“Ă¶ĂĽÎ“Ă¶ĂĽÎ“Ă¶ĂĽÎ“Ă¶ĂĽÎ“Ă¶ĂĽÎ“Ă¶ĂĽÎ“Ă¶ĂĽÎ“Ă¶ĂĽÎ“Ă¶ĂĽÎ“Ă¶ĂĽÎ“Ă¶ĂĽ 169.9/169.9 MB 683.0 kB/s eta 0:00:00
#35 393.6 Downloading nvidia_nccl_cu13-2.28.9-py3-none-manylinux_2_18_x86_64.whl (196.5 MB)
#35 ...

#20 [computer-use internal] load build context
#20 transferring context: 1.08GB 399.7s
#20 transferring context: 1.08GB 404.8s
#20 transferring context: 1.08GB 410.0s
#20 transferring context: 1.08GB 415.0s
#20 transferring context: 1.09GB 420.1s
#20 transferring context: 1.10GB 425.1s
#20 transferring context: 1.10GB 430.2s
#20 transferring context: 1.10GB 435.2s
#20 transferring context: 1.11GB 440.3s
#20 transferring context: 1.13GB 445.3s
#20 transferring context: 1.15GB 450.4s
#20 transferring context: 1.17GB 455.5s
#20 transferring context: 1.18GB 460.6s
#20 transferring context: 1.20GB 465.7s
#20 transferring context: 1.21GB 470.9s
#20 transferring context: 1.21GB 476.0s
#20 transferring context: 1.21GB 481.1s
#20 transferring context: 1.22GB 486.1s
#20 transferring context: 1.22GB 491.1s
#20 transferring context: 1.22GB 496.3s
#20 transferring context: 1.22GB 501.7s
#20 transferring context: 1.22GB 506.9s
#20 transferring context: 1.22GB 512.4s
#20 transferring context: 1.22GB 517.4s
#20 transferring context: 1.22GB 522.8s
#20 transferring context: 1.22GB 528.0s
#20 transferring context: 1.22GB 533.1s
#20 transferring context: 1.22GB 538.4s
#20 transferring context: 1.22GB 543.4s
#20 transferring context: 1.22GB 548.6s
#20 transferring context: 1.23GB 553.6s
#20 transferring context: 1.23GB 558.7s
